[2021-01-29 21:20:51] local.ERROR: No Database connection yet in VoyagerServiceProvider loadAuth()  
[2021-01-29 21:25:20] local.INFO: [{"id":30,"task_name":"admin_test","task_ticket":"12345","start_date":"30\/01\/2021","end_date":"31\/01\/2021","status":"En cours","author":"test","folder_dir":"tssaet"},{"id":29,"task_name":"test","task_ticket":"test","start_date":"13\/01\/2021","end_date":"20\/01\/2021","status":"En cours","author":"test","folder_dir":"test"}]  
[2021-01-29 21:25:28] local.INFO: {"id":30,"task_name":"admin_test","task_ticket":"12345","start_date":"30\/01\/2021","end_date":"31\/01\/2021","status":"En cours","author":"test","folder_dir":"tssaet"}  
[2021-01-29 21:25:28] local.INFO: [{"id":29,"task_name":"test","task_ticket":"test","start_date":"13\/01\/2021","end_date":"20\/01\/2021","status":"En cours","author":"test","folder_dir":"test"}]  
[2021-01-29 21:27:05] local.INFO: array (
  0 => 
  (object) array(
     'ID' => 1,
     'Last name' => 'test',
     'First name' => 'Steve',
     'City' => 'London',
     'Telephone no' => 4784515789,
     'E-mail' => 'email01@email.com',
     'Birthday_date' => '"1/1/1985"',
     'fields_01' => 'TEST 1 ',
     'fields_02' => NULL,
     'fields_03' => NULL,
     'fields_04' => NULL,
     'fields_05' => NULL,
     'fields_06' => 'TEST 6',
     'fields_07' => 'TEST 7',
     'fields_08' => 'TEST 8',
     'fields_09' => 'TEST 9',
     'fields_10' => 'TEST 10',
  ),
  1 => 
  (object) array(
     'ID' => 2,
     'Last name' => 'test',
     'First name' => 'Steve',
     'City' => 'London',
     'Telephone no' => 4784515789,
     'E-mail' => 'email01@email.com',
     'Birthday_date' => '"1/1/1985"',
     'fields_01' => 'TEST 1 ',
     'fields_02' => NULL,
     'fields_03' => NULL,
     'fields_04' => NULL,
     'fields_05' => NULL,
     'fields_06' => 'TEST 6',
     'fields_07' => 'TEST 7',
     'fields_08' => 'TEST 8',
     'fields_09' => 'TEST 9',
     'fields_10' => 'TEST 10',
  ),
  2 => 
  (object) array(
     'ID' => 3,
     'Last name' => 'test',
     'First name' => 'Steve',
     'City' => 'London',
     'Telephone no' => 4784515789,
     'E-mail' => 'email01@email.com',
     'Birthday_date' => '"1/1/1985"',
     'fields_01' => 'TEST 1 ',
     'fields_02' => NULL,
     'fields_03' => NULL,
     'fields_04' => NULL,
     'fields_05' => NULL,
     'fields_06' => 'TEST 6',
     'fields_07' => 'TEST 7',
     'fields_08' => 'TEST 8',
     'fields_09' => 'TEST 9',
     'fields_10' => 'TEST 10',
  ),
  3 => 
  (object) array(
     'ID' => 4,
     'Last name' => 'test',
     'First name' => 'Steve',
     'City' => 'London',
     'Telephone no' => 4784515789,
     'E-mail' => 'email01@email.com',
     'Birthday_date' => '"1/1/1985"',
     'fields_01' => 'TEST 1 ',
     'fields_02' => NULL,
     'fields_03' => NULL,
     'fields_04' => NULL,
     'fields_05' => NULL,
     'fields_06' => 'TEST 6',
     'fields_07' => 'TEST 7',
     'fields_08' => 'TEST 8',
     'fields_09' => 'TEST 9',
     'fields_10' => 'TEST 10',
  ),
)  
[2021-01-29 21:28:56] local.INFO: array (
  0 => 
  (object) array(
     'ID' => 1,
     'Last name' => 'test',
     'First name' => 'Steve',
     'City' => 'London',
     'Telephone no' => 4784515789,
     'E-mail' => 'email01@email.com',
     'Birthday_date' => '"1/1/1985"',
     'fields_01' => 'TEST 1 ',
     'fields_02' => NULL,
     'fields_03' => NULL,
     'fields_04' => NULL,
     'fields_05' => NULL,
     'fields_06' => 'TEST 6',
     'fields_07' => 'TEST 7',
     'fields_08' => 'TEST 8',
     'fields_09' => 'TEST 9',
     'fields_10' => 'TEST 10',
  ),
  1 => 
  (object) array(
     'ID' => 2,
     'Last name' => 'test',
     'First name' => 'Steve',
     'City' => 'London',
     'Telephone no' => 4784515789,
     'E-mail' => 'email01@email.com',
     'Birthday_date' => '"1/1/1985"',
     'fields_01' => 'TEST 1 ',
     'fields_02' => NULL,
     'fields_03' => NULL,
     'fields_04' => NULL,
     'fields_05' => NULL,
     'fields_06' => 'TEST 6',
     'fields_07' => 'TEST 7',
     'fields_08' => 'TEST 8',
     'fields_09' => 'TEST 9',
     'fields_10' => 'TEST 10',
  ),
  2 => 
  (object) array(
     'ID' => 3,
     'Last name' => 'test',
     'First name' => 'Steve',
     'City' => 'London',
     'Telephone no' => 4784515789,
     'E-mail' => 'email01@email.com',
     'Birthday_date' => '"1/1/1985"',
     'fields_01' => 'TEST 1 ',
     'fields_02' => NULL,
     'fields_03' => NULL,
     'fields_04' => NULL,
     'fields_05' => NULL,
     'fields_06' => 'TEST 6',
     'fields_07' => 'TEST 7',
     'fields_08' => 'TEST 8',
     'fields_09' => 'TEST 9',
     'fields_10' => 'TEST 10',
  ),
  3 => 
  (object) array(
     'ID' => 4,
     'Last name' => 'test',
     'First name' => 'Steve',
     'City' => 'London',
     'Telephone no' => 4784515789,
     'E-mail' => 'email01@email.com',
     'Birthday_date' => '"1/1/1985"',
     'fields_01' => 'TEST 1 ',
     'fields_02' => NULL,
     'fields_03' => NULL,
     'fields_04' => NULL,
     'fields_05' => NULL,
     'fields_06' => 'TEST 6',
     'fields_07' => 'TEST 7',
     'fields_08' => 'TEST 8',
     'fields_09' => 'TEST 9',
     'fields_10' => 'TEST 10',
  ),
)  
