[2021-01-19 09:45:19] local.INFO: array (
  0 => 
  (object) array(
     'ID' => 1,
     'Last name' => 'test',
     'First name' => 'Steve',
     'City' => 'London',
     'Telephone no' => 4784515789,
     'E-mail' => 'email01@email.com',
     'Birthday_date' => '"1/1/1985"',
     'fields_01' => 'TEST 1 ',
     'fields_02' => NULL,
     'fields_03' => NULL,
     'fields_04' => NULL,
     'fields_05' => NULL,
     'fields_06' => 'TEST 6',
     'fields_07' => 'TEST 7',
     'fields_08' => 'TEST 8',
     'fields_09' => 'TEST 9',
     'fields_10' => 'TEST 10',
  ),
  1 => 
  (object) array(
     'ID' => 2,
     'Last name' => 'test',
     'First name' => 'Steve',
     'City' => 'London',
     'Telephone no' => 4784515789,
     'E-mail' => 'email01@email.com',
     'Birthday_date' => '"1/1/1985"',
     'fields_01' => 'TEST 1 ',
     'fields_02' => NULL,
     'fields_03' => NULL,
     'fields_04' => NULL,
     'fields_05' => NULL,
     'fields_06' => 'TEST 6',
     'fields_07' => 'TEST 7',
     'fields_08' => 'TEST 8',
     'fields_09' => 'TEST 9',
     'fields_10' => 'TEST 10',
  ),
  2 => 
  (object) array(
     'ID' => 3,
     'Last name' => 'test',
     'First name' => 'Steve',
     'City' => 'London',
     'Telephone no' => 4784515789,
     'E-mail' => 'email01@email.com',
     'Birthday_date' => '"1/1/1985"',
     'fields_01' => 'TEST 1 ',
     'fields_02' => NULL,
     'fields_03' => NULL,
     'fields_04' => NULL,
     'fields_05' => NULL,
     'fields_06' => 'TEST 6',
     'fields_07' => 'TEST 7',
     'fields_08' => 'TEST 8',
     'fields_09' => 'TEST 9',
     'fields_10' => 'TEST 10',
  ),
  3 => 
  (object) array(
     'ID' => 4,
     'Last name' => 'test',
     'First name' => 'Steve',
     'City' => 'London',
     'Telephone no' => 4784515789,
     'E-mail' => 'email01@email.com',
     'Birthday_date' => '"1/1/1985"',
     'fields_01' => 'TEST 1 ',
     'fields_02' => NULL,
     'fields_03' => NULL,
     'fields_04' => NULL,
     'fields_05' => NULL,
     'fields_06' => 'TEST 6',
     'fields_07' => 'TEST 7',
     'fields_08' => 'TEST 8',
     'fields_09' => 'TEST 9',
     'fields_10' => 'TEST 10',
  ),
)  
[2021-01-19 09:59:14] local.INFO: array (
  0 => 
  (object) array(
     'ID' => 1,
     'Last name' => 'test',
     'First name' => 'Steve',
     'City' => 'London',
     'Telephone no' => 4784515789,
     'E-mail' => 'email01@email.com',
     'Birthday_date' => '"1/1/1985"',
     'fields_01' => 'TEST 1 ',
     'fields_02' => NULL,
     'fields_03' => NULL,
     'fields_04' => NULL,
     'fields_05' => NULL,
     'fields_06' => 'TEST 6',
     'fields_07' => 'TEST 7',
     'fields_08' => 'TEST 8',
     'fields_09' => 'TEST 9',
     'fields_10' => 'TEST 10',
  ),
  1 => 
  (object) array(
     'ID' => 2,
     'Last name' => 'test',
     'First name' => 'Steve',
     'City' => 'London',
     'Telephone no' => 4784515789,
     'E-mail' => 'email01@email.com',
     'Birthday_date' => '"1/1/1985"',
     'fields_01' => 'TEST 1 ',
     'fields_02' => NULL,
     'fields_03' => NULL,
     'fields_04' => NULL,
     'fields_05' => NULL,
     'fields_06' => 'TEST 6',
     'fields_07' => 'TEST 7',
     'fields_08' => 'TEST 8',
     'fields_09' => 'TEST 9',
     'fields_10' => 'TEST 10',
  ),
  2 => 
  (object) array(
     'ID' => 3,
     'Last name' => 'test',
     'First name' => 'Steve',
     'City' => 'London',
     'Telephone no' => 4784515789,
     'E-mail' => 'email01@email.com',
     'Birthday_date' => '"1/1/1985"',
     'fields_01' => 'TEST 1 ',
     'fields_02' => NULL,
     'fields_03' => NULL,
     'fields_04' => NULL,
     'fields_05' => NULL,
     'fields_06' => 'TEST 6',
     'fields_07' => 'TEST 7',
     'fields_08' => 'TEST 8',
     'fields_09' => 'TEST 9',
     'fields_10' => 'TEST 10',
  ),
  3 => 
  (object) array(
     'ID' => 4,
     'Last name' => 'test',
     'First name' => 'Steve',
     'City' => 'London',
     'Telephone no' => 4784515789,
     'E-mail' => 'email01@email.com',
     'Birthday_date' => '"1/1/1985"',
     'fields_01' => 'TEST 1 ',
     'fields_02' => NULL,
     'fields_03' => NULL,
     'fields_04' => NULL,
     'fields_05' => NULL,
     'fields_06' => 'TEST 6',
     'fields_07' => 'TEST 7',
     'fields_08' => 'TEST 8',
     'fields_09' => 'TEST 9',
     'fields_10' => 'TEST 10',
  ),
)  
[2021-01-19 10:01:52] local.INFO: array (
  0 => 
  (object) array(
     'ID' => 1,
     'Last name' => 'test',
     'First name' => 'Steve',
     'City' => 'London',
     'Telephone no' => 4784515789,
     'E-mail' => 'email01@email.com',
     'Birthday_date' => '"1/1/1985"',
     'fields_01' => 'TEST 1 ',
     'fields_02' => NULL,
     'fields_03' => NULL,
     'fields_04' => NULL,
     'fields_05' => NULL,
     'fields_06' => 'TEST 6',
     'fields_07' => 'TEST 7',
     'fields_08' => 'TEST 8',
     'fields_09' => 'TEST 9',
     'fields_10' => 'TEST 10',
  ),
  1 => 
  (object) array(
     'ID' => 2,
     'Last name' => 'test',
     'First name' => 'Steve',
     'City' => 'London',
     'Telephone no' => 4784515789,
     'E-mail' => 'email01@email.com',
     'Birthday_date' => '"1/1/1985"',
     'fields_01' => 'TEST 1 ',
     'fields_02' => NULL,
     'fields_03' => NULL,
     'fields_04' => NULL,
     'fields_05' => NULL,
     'fields_06' => 'TEST 6',
     'fields_07' => 'TEST 7',
     'fields_08' => 'TEST 8',
     'fields_09' => 'TEST 9',
     'fields_10' => 'TEST 10',
  ),
  2 => 
  (object) array(
     'ID' => 3,
     'Last name' => 'test',
     'First name' => 'Steve',
     'City' => 'London',
     'Telephone no' => 4784515789,
     'E-mail' => 'email01@email.com',
     'Birthday_date' => '"1/1/1985"',
     'fields_01' => 'TEST 1 ',
     'fields_02' => NULL,
     'fields_03' => NULL,
     'fields_04' => NULL,
     'fields_05' => NULL,
     'fields_06' => 'TEST 6',
     'fields_07' => 'TEST 7',
     'fields_08' => 'TEST 8',
     'fields_09' => 'TEST 9',
     'fields_10' => 'TEST 10',
  ),
  3 => 
  (object) array(
     'ID' => 4,
     'Last name' => 'test',
     'First name' => 'Steve',
     'City' => 'London',
     'Telephone no' => 4784515789,
     'E-mail' => 'email01@email.com',
     'Birthday_date' => '"1/1/1985"',
     'fields_01' => 'TEST 1 ',
     'fields_02' => NULL,
     'fields_03' => NULL,
     'fields_04' => NULL,
     'fields_05' => NULL,
     'fields_06' => 'TEST 6',
     'fields_07' => 'TEST 7',
     'fields_08' => 'TEST 8',
     'fields_09' => 'TEST 9',
     'fields_10' => 'TEST 10',
  ),
)  
[2021-01-19 10:15:32] local.INFO: array (
  0 => 
  (object) array(
     'ID' => 1,
     'Last name' => 'test',
     'First name' => 'Steve',
     'City' => 'London',
     'Telephone no' => 4784515789,
     'E-mail' => 'email01@email.com',
     'Birthday_date' => '"1/1/1985"',
     'fields_01' => 'TEST 1 ',
     'fields_02' => NULL,
     'fields_03' => NULL,
     'fields_04' => NULL,
     'fields_05' => NULL,
     'fields_06' => 'TEST 6',
     'fields_07' => 'TEST 7',
     'fields_08' => 'TEST 8',
     'fields_09' => 'TEST 9',
     'fields_10' => 'TEST 10',
  ),
  1 => 
  (object) array(
     'ID' => 2,
     'Last name' => 'test',
     'First name' => 'Steve',
     'City' => 'London',
     'Telephone no' => 4784515789,
     'E-mail' => 'email01@email.com',
     'Birthday_date' => '"1/1/1985"',
     'fields_01' => 'TEST 1 ',
     'fields_02' => NULL,
     'fields_03' => NULL,
     'fields_04' => NULL,
     'fields_05' => NULL,
     'fields_06' => 'TEST 6',
     'fields_07' => 'TEST 7',
     'fields_08' => 'TEST 8',
     'fields_09' => 'TEST 9',
     'fields_10' => 'TEST 10',
  ),
  2 => 
  (object) array(
     'ID' => 3,
     'Last name' => 'test',
     'First name' => 'Steve',
     'City' => 'London',
     'Telephone no' => 4784515789,
     'E-mail' => 'email01@email.com',
     'Birthday_date' => '"1/1/1985"',
     'fields_01' => 'TEST 1 ',
     'fields_02' => NULL,
     'fields_03' => NULL,
     'fields_04' => NULL,
     'fields_05' => NULL,
     'fields_06' => 'TEST 6',
     'fields_07' => 'TEST 7',
     'fields_08' => 'TEST 8',
     'fields_09' => 'TEST 9',
     'fields_10' => 'TEST 10',
  ),
  3 => 
  (object) array(
     'ID' => 4,
     'Last name' => 'test',
     'First name' => 'Steve',
     'City' => 'London',
     'Telephone no' => 4784515789,
     'E-mail' => 'email01@email.com',
     'Birthday_date' => '"1/1/1985"',
     'fields_01' => 'TEST 1 ',
     'fields_02' => NULL,
     'fields_03' => NULL,
     'fields_04' => NULL,
     'fields_05' => NULL,
     'fields_06' => 'TEST 6',
     'fields_07' => 'TEST 7',
     'fields_08' => 'TEST 8',
     'fields_09' => 'TEST 9',
     'fields_10' => 'TEST 10',
  ),
)  
[2021-01-19 14:26:13] local.INFO: array (
  0 => 
  (object) array(
     'ID' => 1,
     'Last name' => 'test',
     'First name' => 'Steve',
     'City' => 'London',
     'Telephone no' => 4784515789,
     'E-mail' => 'email01@email.com',
     'Birthday_date' => '"1/1/1985"',
     'fields_01' => 'TEST 1 ',
     'fields_02' => NULL,
     'fields_03' => NULL,
     'fields_04' => NULL,
     'fields_05' => NULL,
     'fields_06' => 'TEST 6',
     'fields_07' => 'TEST 7',
     'fields_08' => 'TEST 8',
     'fields_09' => 'TEST 9',
     'fields_10' => 'TEST 10',
  ),
  1 => 
  (object) array(
     'ID' => 2,
     'Last name' => 'test',
     'First name' => 'Steve',
     'City' => 'London',
     'Telephone no' => 4784515789,
     'E-mail' => 'email01@email.com',
     'Birthday_date' => '"1/1/1985"',
     'fields_01' => 'TEST 1 ',
     'fields_02' => NULL,
     'fields_03' => NULL,
     'fields_04' => NULL,
     'fields_05' => NULL,
     'fields_06' => 'TEST 6',
     'fields_07' => 'TEST 7',
     'fields_08' => 'TEST 8',
     'fields_09' => 'TEST 9',
     'fields_10' => 'TEST 10',
  ),
  2 => 
  (object) array(
     'ID' => 3,
     'Last name' => 'test',
     'First name' => 'Steve',
     'City' => 'London',
     'Telephone no' => 4784515789,
     'E-mail' => 'email01@email.com',
     'Birthday_date' => '"1/1/1985"',
     'fields_01' => 'TEST 1 ',
     'fields_02' => NULL,
     'fields_03' => NULL,
     'fields_04' => NULL,
     'fields_05' => NULL,
     'fields_06' => 'TEST 6',
     'fields_07' => 'TEST 7',
     'fields_08' => 'TEST 8',
     'fields_09' => 'TEST 9',
     'fields_10' => 'TEST 10',
  ),
  3 => 
  (object) array(
     'ID' => 4,
     'Last name' => 'test',
     'First name' => 'Steve',
     'City' => 'London',
     'Telephone no' => 4784515789,
     'E-mail' => 'email01@email.com',
     'Birthday_date' => '"1/1/1985"',
     'fields_01' => 'TEST 1 ',
     'fields_02' => NULL,
     'fields_03' => NULL,
     'fields_04' => NULL,
     'fields_05' => NULL,
     'fields_06' => 'TEST 6',
     'fields_07' => 'TEST 7',
     'fields_08' => 'TEST 8',
     'fields_09' => 'TEST 9',
     'fields_10' => 'TEST 10',
  ),
)  
[2021-01-19 15:17:30] local.INFO: array (
  0 => 
  (object) array(
     'ID' => 1,
     'Last name' => 'test',
     'First name' => 'Steve',
     'City' => 'London',
     'Telephone no' => 4784515789,
     'E-mail' => 'email01@email.com',
     'Birthday_date' => '"1/1/1985"',
     'fields_01' => 'TEST 1 ',
     'fields_02' => NULL,
     'fields_03' => NULL,
     'fields_04' => NULL,
     'fields_05' => NULL,
     'fields_06' => 'TEST 6',
     'fields_07' => 'TEST 7',
     'fields_08' => 'TEST 8',
     'fields_09' => 'TEST 9',
     'fields_10' => 'TEST 10',
  ),
  1 => 
  (object) array(
     'ID' => 2,
     'Last name' => 'test',
     'First name' => 'Steve',
     'City' => 'London',
     'Telephone no' => 4784515789,
     'E-mail' => 'email01@email.com',
     'Birthday_date' => '"1/1/1985"',
     'fields_01' => 'TEST 1 ',
     'fields_02' => NULL,
     'fields_03' => NULL,
     'fields_04' => NULL,
     'fields_05' => NULL,
     'fields_06' => 'TEST 6',
     'fields_07' => 'TEST 7',
     'fields_08' => 'TEST 8',
     'fields_09' => 'TEST 9',
     'fields_10' => 'TEST 10',
  ),
  2 => 
  (object) array(
     'ID' => 3,
     'Last name' => 'test',
     'First name' => 'Steve',
     'City' => 'London',
     'Telephone no' => 4784515789,
     'E-mail' => 'email01@email.com',
     'Birthday_date' => '"1/1/1985"',
     'fields_01' => 'TEST 1 ',
     'fields_02' => NULL,
     'fields_03' => NULL,
     'fields_04' => NULL,
     'fields_05' => NULL,
     'fields_06' => 'TEST 6',
     'fields_07' => 'TEST 7',
     'fields_08' => 'TEST 8',
     'fields_09' => 'TEST 9',
     'fields_10' => 'TEST 10',
  ),
  3 => 
  (object) array(
     'ID' => 4,
     'Last name' => 'test',
     'First name' => 'Steve',
     'City' => 'London',
     'Telephone no' => 4784515789,
     'E-mail' => 'email01@email.com',
     'Birthday_date' => '"1/1/1985"',
     'fields_01' => 'TEST 1 ',
     'fields_02' => NULL,
     'fields_03' => NULL,
     'fields_04' => NULL,
     'fields_05' => NULL,
     'fields_06' => 'TEST 6',
     'fields_07' => 'TEST 7',
     'fields_08' => 'TEST 8',
     'fields_09' => 'TEST 9',
     'fields_10' => 'TEST 10',
  ),
)  
[2021-01-19 15:18:06] local.INFO: array (
  0 => 
  (object) array(
     'ID' => 1,
     'Last name' => 'test',
     'First name' => 'Steve',
     'City' => 'London',
     'Telephone no' => 4784515789,
     'E-mail' => 'email01@email.com',
     'Birthday_date' => '"1/1/1985"',
     'fields_01' => 'TEST 1 ',
     'fields_02' => NULL,
     'fields_03' => NULL,
     'fields_04' => NULL,
     'fields_05' => NULL,
     'fields_06' => 'TEST 6',
     'fields_07' => 'TEST 7',
     'fields_08' => 'TEST 8',
     'fields_09' => 'TEST 9',
     'fields_10' => 'TEST 10',
  ),
  1 => 
  (object) array(
     'ID' => 2,
     'Last name' => 'test',
     'First name' => 'Steve',
     'City' => 'London',
     'Telephone no' => 4784515789,
     'E-mail' => 'email01@email.com',
     'Birthday_date' => '"1/1/1985"',
     'fields_01' => 'TEST 1 ',
     'fields_02' => NULL,
     'fields_03' => NULL,
     'fields_04' => NULL,
     'fields_05' => NULL,
     'fields_06' => 'TEST 6',
     'fields_07' => 'TEST 7',
     'fields_08' => 'TEST 8',
     'fields_09' => 'TEST 9',
     'fields_10' => 'TEST 10',
  ),
  2 => 
  (object) array(
     'ID' => 3,
     'Last name' => 'test',
     'First name' => 'Steve',
     'City' => 'London',
     'Telephone no' => 4784515789,
     'E-mail' => 'email01@email.com',
     'Birthday_date' => '"1/1/1985"',
     'fields_01' => 'TEST 1 ',
     'fields_02' => NULL,
     'fields_03' => NULL,
     'fields_04' => NULL,
     'fields_05' => NULL,
     'fields_06' => 'TEST 6',
     'fields_07' => 'TEST 7',
     'fields_08' => 'TEST 8',
     'fields_09' => 'TEST 9',
     'fields_10' => 'TEST 10',
  ),
  3 => 
  (object) array(
     'ID' => 4,
     'Last name' => 'test',
     'First name' => 'Steve',
     'City' => 'London',
     'Telephone no' => 4784515789,
     'E-mail' => 'email01@email.com',
     'Birthday_date' => '"1/1/1985"',
     'fields_01' => 'TEST 1 ',
     'fields_02' => NULL,
     'fields_03' => NULL,
     'fields_04' => NULL,
     'fields_05' => NULL,
     'fields_06' => 'TEST 6',
     'fields_07' => 'TEST 7',
     'fields_08' => 'TEST 8',
     'fields_09' => 'TEST 9',
     'fields_10' => 'TEST 10',
  ),
)  
[2021-01-19 15:18:51] local.INFO: array (
  0 => 
  (object) array(
     'ID' => 1,
     'Last name' => 'test',
     'First name' => 'Steve',
     'City' => 'London',
     'Telephone no' => 4784515789,
     'E-mail' => 'email01@email.com',
     'Birthday_date' => '"1/1/1985"',
     'fields_01' => 'TEST 1 ',
     'fields_02' => NULL,
     'fields_03' => NULL,
     'fields_04' => NULL,
     'fields_05' => NULL,
     'fields_06' => 'TEST 6',
     'fields_07' => 'TEST 7',
     'fields_08' => 'TEST 8',
     'fields_09' => 'TEST 9',
     'fields_10' => 'TEST 10',
  ),
  1 => 
  (object) array(
     'ID' => 2,
     'Last name' => 'test',
     'First name' => 'Steve',
     'City' => 'London',
     'Telephone no' => 4784515789,
     'E-mail' => 'email01@email.com',
     'Birthday_date' => '"1/1/1985"',
     'fields_01' => 'TEST 1 ',
     'fields_02' => NULL,
     'fields_03' => NULL,
     'fields_04' => NULL,
     'fields_05' => NULL,
     'fields_06' => 'TEST 6',
     'fields_07' => 'TEST 7',
     'fields_08' => 'TEST 8',
     'fields_09' => 'TEST 9',
     'fields_10' => 'TEST 10',
  ),
  2 => 
  (object) array(
     'ID' => 3,
     'Last name' => 'test',
     'First name' => 'Steve',
     'City' => 'London',
     'Telephone no' => 4784515789,
     'E-mail' => 'email01@email.com',
     'Birthday_date' => '"1/1/1985"',
     'fields_01' => 'TEST 1 ',
     'fields_02' => NULL,
     'fields_03' => NULL,
     'fields_04' => NULL,
     'fields_05' => NULL,
     'fields_06' => 'TEST 6',
     'fields_07' => 'TEST 7',
     'fields_08' => 'TEST 8',
     'fields_09' => 'TEST 9',
     'fields_10' => 'TEST 10',
  ),
  3 => 
  (object) array(
     'ID' => 4,
     'Last name' => 'test',
     'First name' => 'Steve',
     'City' => 'London',
     'Telephone no' => 4784515789,
     'E-mail' => 'email01@email.com',
     'Birthday_date' => '"1/1/1985"',
     'fields_01' => 'TEST 1 ',
     'fields_02' => NULL,
     'fields_03' => NULL,
     'fields_04' => NULL,
     'fields_05' => NULL,
     'fields_06' => 'TEST 6',
     'fields_07' => 'TEST 7',
     'fields_08' => 'TEST 8',
     'fields_09' => 'TEST 9',
     'fields_10' => 'TEST 10',
  ),
)  
[2021-01-19 15:19:09] local.INFO: array (
  0 => 
  (object) array(
     'ID' => 1,
     'Last name' => 'test',
     'First name' => 'Steve',
     'City' => 'London',
     'Telephone no' => 4784515789,
     'E-mail' => 'email01@email.com',
     'Birthday_date' => '"1/1/1985"',
     'fields_01' => 'TEST 1 ',
     'fields_02' => NULL,
     'fields_03' => NULL,
     'fields_04' => NULL,
     'fields_05' => NULL,
     'fields_06' => 'TEST 6',
     'fields_07' => 'TEST 7',
     'fields_08' => 'TEST 8',
     'fields_09' => 'TEST 9',
     'fields_10' => 'TEST 10',
  ),
  1 => 
  (object) array(
     'ID' => 2,
     'Last name' => 'test',
     'First name' => 'Steve',
     'City' => 'London',
     'Telephone no' => 4784515789,
     'E-mail' => 'email01@email.com',
     'Birthday_date' => '"1/1/1985"',
     'fields_01' => 'TEST 1 ',
     'fields_02' => NULL,
     'fields_03' => NULL,
     'fields_04' => NULL,
     'fields_05' => NULL,
     'fields_06' => 'TEST 6',
     'fields_07' => 'TEST 7',
     'fields_08' => 'TEST 8',
     'fields_09' => 'TEST 9',
     'fields_10' => 'TEST 10',
  ),
  2 => 
  (object) array(
     'ID' => 3,
     'Last name' => 'test',
     'First name' => 'Steve',
     'City' => 'London',
     'Telephone no' => 4784515789,
     'E-mail' => 'email01@email.com',
     'Birthday_date' => '"1/1/1985"',
     'fields_01' => 'TEST 1 ',
     'fields_02' => NULL,
     'fields_03' => NULL,
     'fields_04' => NULL,
     'fields_05' => NULL,
     'fields_06' => 'TEST 6',
     'fields_07' => 'TEST 7',
     'fields_08' => 'TEST 8',
     'fields_09' => 'TEST 9',
     'fields_10' => 'TEST 10',
  ),
  3 => 
  (object) array(
     'ID' => 4,
     'Last name' => 'test',
     'First name' => 'Steve',
     'City' => 'London',
     'Telephone no' => 4784515789,
     'E-mail' => 'email01@email.com',
     'Birthday_date' => '"1/1/1985"',
     'fields_01' => 'TEST 1 ',
     'fields_02' => NULL,
     'fields_03' => NULL,
     'fields_04' => NULL,
     'fields_05' => NULL,
     'fields_06' => 'TEST 6',
     'fields_07' => 'TEST 7',
     'fields_08' => 'TEST 8',
     'fields_09' => 'TEST 9',
     'fields_10' => 'TEST 10',
  ),
)  
[2021-01-19 15:20:04] local.INFO: array (
  0 => 
  (object) array(
     'ID' => 1,
     'Last name' => 'test',
     'First name' => 'Steve',
     'City' => 'London',
     'Telephone no' => 4784515789,
     'E-mail' => 'email01@email.com',
     'Birthday_date' => '"1/1/1985"',
     'fields_01' => 'TEST 1 ',
     'fields_02' => NULL,
     'fields_03' => NULL,
     'fields_04' => NULL,
     'fields_05' => NULL,
     'fields_06' => 'TEST 6',
     'fields_07' => 'TEST 7',
     'fields_08' => 'TEST 8',
     'fields_09' => 'TEST 9',
     'fields_10' => 'TEST 10',
  ),
  1 => 
  (object) array(
     'ID' => 2,
     'Last name' => 'test',
     'First name' => 'Steve',
     'City' => 'London',
     'Telephone no' => 4784515789,
     'E-mail' => 'email01@email.com',
     'Birthday_date' => '"1/1/1985"',
     'fields_01' => 'TEST 1 ',
     'fields_02' => NULL,
     'fields_03' => NULL,
     'fields_04' => NULL,
     'fields_05' => NULL,
     'fields_06' => 'TEST 6',
     'fields_07' => 'TEST 7',
     'fields_08' => 'TEST 8',
     'fields_09' => 'TEST 9',
     'fields_10' => 'TEST 10',
  ),
  2 => 
  (object) array(
     'ID' => 3,
     'Last name' => 'test',
     'First name' => 'Steve',
     'City' => 'London',
     'Telephone no' => 4784515789,
     'E-mail' => 'email01@email.com',
     'Birthday_date' => '"1/1/1985"',
     'fields_01' => 'TEST 1 ',
     'fields_02' => NULL,
     'fields_03' => NULL,
     'fields_04' => NULL,
     'fields_05' => NULL,
     'fields_06' => 'TEST 6',
     'fields_07' => 'TEST 7',
     'fields_08' => 'TEST 8',
     'fields_09' => 'TEST 9',
     'fields_10' => 'TEST 10',
  ),
  3 => 
  (object) array(
     'ID' => 4,
     'Last name' => 'test',
     'First name' => 'Steve',
     'City' => 'London',
     'Telephone no' => 4784515789,
     'E-mail' => 'email01@email.com',
     'Birthday_date' => '"1/1/1985"',
     'fields_01' => 'TEST 1 ',
     'fields_02' => NULL,
     'fields_03' => NULL,
     'fields_04' => NULL,
     'fields_05' => NULL,
     'fields_06' => 'TEST 6',
     'fields_07' => 'TEST 7',
     'fields_08' => 'TEST 8',
     'fields_09' => 'TEST 9',
     'fields_10' => 'TEST 10',
  ),
)  
[2021-01-19 15:20:56] local.INFO: array (
  0 => 
  (object) array(
     'ID' => 1,
     'Last name' => 'test',
     'First name' => 'Steve',
     'City' => 'London',
     'Telephone no' => 4784515789,
     'E-mail' => 'email01@email.com',
     'Birthday_date' => '"1/1/1985"',
     'fields_01' => 'TEST 1 ',
     'fields_02' => NULL,
     'fields_03' => NULL,
     'fields_04' => NULL,
     'fields_05' => NULL,
     'fields_06' => 'TEST 6',
     'fields_07' => 'TEST 7',
     'fields_08' => 'TEST 8',
     'fields_09' => 'TEST 9',
     'fields_10' => 'TEST 10',
  ),
  1 => 
  (object) array(
     'ID' => 2,
     'Last name' => 'test',
     'First name' => 'Steve',
     'City' => 'London',
     'Telephone no' => 4784515789,
     'E-mail' => 'email01@email.com',
     'Birthday_date' => '"1/1/1985"',
     'fields_01' => 'TEST 1 ',
     'fields_02' => NULL,
     'fields_03' => NULL,
     'fields_04' => NULL,
     'fields_05' => NULL,
     'fields_06' => 'TEST 6',
     'fields_07' => 'TEST 7',
     'fields_08' => 'TEST 8',
     'fields_09' => 'TEST 9',
     'fields_10' => 'TEST 10',
  ),
  2 => 
  (object) array(
     'ID' => 3,
     'Last name' => 'test',
     'First name' => 'Steve',
     'City' => 'London',
     'Telephone no' => 4784515789,
     'E-mail' => 'email01@email.com',
     'Birthday_date' => '"1/1/1985"',
     'fields_01' => 'TEST 1 ',
     'fields_02' => NULL,
     'fields_03' => NULL,
     'fields_04' => NULL,
     'fields_05' => NULL,
     'fields_06' => 'TEST 6',
     'fields_07' => 'TEST 7',
     'fields_08' => 'TEST 8',
     'fields_09' => 'TEST 9',
     'fields_10' => 'TEST 10',
  ),
  3 => 
  (object) array(
     'ID' => 4,
     'Last name' => 'test',
     'First name' => 'Steve',
     'City' => 'London',
     'Telephone no' => 4784515789,
     'E-mail' => 'email01@email.com',
     'Birthday_date' => '"1/1/1985"',
     'fields_01' => 'TEST 1 ',
     'fields_02' => NULL,
     'fields_03' => NULL,
     'fields_04' => NULL,
     'fields_05' => NULL,
     'fields_06' => 'TEST 6',
     'fields_07' => 'TEST 7',
     'fields_08' => 'TEST 8',
     'fields_09' => 'TEST 9',
     'fields_10' => 'TEST 10',
  ),
)  
[2021-01-19 15:21:19] local.INFO: array (
  0 => 
  (object) array(
     'ID' => 1,
     'Last name' => 'test',
     'First name' => 'Steve',
     'City' => 'London',
     'Telephone no' => 4784515789,
     'E-mail' => 'email01@email.com',
     'Birthday_date' => '"1/1/1985"',
     'fields_01' => 'TEST 1 ',
     'fields_02' => NULL,
     'fields_03' => NULL,
     'fields_04' => NULL,
     'fields_05' => NULL,
     'fields_06' => 'TEST 6',
     'fields_07' => 'TEST 7',
     'fields_08' => 'TEST 8',
     'fields_09' => 'TEST 9',
     'fields_10' => 'TEST 10',
  ),
  1 => 
  (object) array(
     'ID' => 2,
     'Last name' => 'test',
     'First name' => 'Steve',
     'City' => 'London',
     'Telephone no' => 4784515789,
     'E-mail' => 'email01@email.com',
     'Birthday_date' => '"1/1/1985"',
     'fields_01' => 'TEST 1 ',
     'fields_02' => NULL,
     'fields_03' => NULL,
     'fields_04' => NULL,
     'fields_05' => NULL,
     'fields_06' => 'TEST 6',
     'fields_07' => 'TEST 7',
     'fields_08' => 'TEST 8',
     'fields_09' => 'TEST 9',
     'fields_10' => 'TEST 10',
  ),
  2 => 
  (object) array(
     'ID' => 3,
     'Last name' => 'test',
     'First name' => 'Steve',
     'City' => 'London',
     'Telephone no' => 4784515789,
     'E-mail' => 'email01@email.com',
     'Birthday_date' => '"1/1/1985"',
     'fields_01' => 'TEST 1 ',
     'fields_02' => NULL,
     'fields_03' => NULL,
     'fields_04' => NULL,
     'fields_05' => NULL,
     'fields_06' => 'TEST 6',
     'fields_07' => 'TEST 7',
     'fields_08' => 'TEST 8',
     'fields_09' => 'TEST 9',
     'fields_10' => 'TEST 10',
  ),
  3 => 
  (object) array(
     'ID' => 4,
     'Last name' => 'test',
     'First name' => 'Steve',
     'City' => 'London',
     'Telephone no' => 4784515789,
     'E-mail' => 'email01@email.com',
     'Birthday_date' => '"1/1/1985"',
     'fields_01' => 'TEST 1 ',
     'fields_02' => NULL,
     'fields_03' => NULL,
     'fields_04' => NULL,
     'fields_05' => NULL,
     'fields_06' => 'TEST 6',
     'fields_07' => 'TEST 7',
     'fields_08' => 'TEST 8',
     'fields_09' => 'TEST 9',
     'fields_10' => 'TEST 10',
  ),
)  
[2021-01-19 15:22:28] local.INFO: array (
  0 => 
  (object) array(
     'ID' => 1,
     'Last name' => 'test',
     'First name' => 'Steve',
     'City' => 'London',
     'Telephone no' => 4784515789,
     'E-mail' => 'email01@email.com',
     'Birthday_date' => '"1/1/1985"',
     'fields_01' => 'TEST 1 ',
     'fields_02' => NULL,
     'fields_03' => NULL,
     'fields_04' => NULL,
     'fields_05' => NULL,
     'fields_06' => 'TEST 6',
     'fields_07' => 'TEST 7',
     'fields_08' => 'TEST 8',
     'fields_09' => 'TEST 9',
     'fields_10' => 'TEST 10',
  ),
  1 => 
  (object) array(
     'ID' => 2,
     'Last name' => 'test',
     'First name' => 'Steve',
     'City' => 'London',
     'Telephone no' => 4784515789,
     'E-mail' => 'email01@email.com',
     'Birthday_date' => '"1/1/1985"',
     'fields_01' => 'TEST 1 ',
     'fields_02' => NULL,
     'fields_03' => NULL,
     'fields_04' => NULL,
     'fields_05' => NULL,
     'fields_06' => 'TEST 6',
     'fields_07' => 'TEST 7',
     'fields_08' => 'TEST 8',
     'fields_09' => 'TEST 9',
     'fields_10' => 'TEST 10',
  ),
  2 => 
  (object) array(
     'ID' => 3,
     'Last name' => 'test',
     'First name' => 'Steve',
     'City' => 'London',
     'Telephone no' => 4784515789,
     'E-mail' => 'email01@email.com',
     'Birthday_date' => '"1/1/1985"',
     'fields_01' => 'TEST 1 ',
     'fields_02' => NULL,
     'fields_03' => NULL,
     'fields_04' => NULL,
     'fields_05' => NULL,
     'fields_06' => 'TEST 6',
     'fields_07' => 'TEST 7',
     'fields_08' => 'TEST 8',
     'fields_09' => 'TEST 9',
     'fields_10' => 'TEST 10',
  ),
  3 => 
  (object) array(
     'ID' => 4,
     'Last name' => 'test',
     'First name' => 'Steve',
     'City' => 'London',
     'Telephone no' => 4784515789,
     'E-mail' => 'email01@email.com',
     'Birthday_date' => '"1/1/1985"',
     'fields_01' => 'TEST 1 ',
     'fields_02' => NULL,
     'fields_03' => NULL,
     'fields_04' => NULL,
     'fields_05' => NULL,
     'fields_06' => 'TEST 6',
     'fields_07' => 'TEST 7',
     'fields_08' => 'TEST 8',
     'fields_09' => 'TEST 9',
     'fields_10' => 'TEST 10',
  ),
)  
[2021-01-19 15:23:14] local.INFO: array (
  0 => 
  (object) array(
     'ID' => 1,
     'Last name' => 'test',
     'First name' => 'Steve',
     'City' => 'London',
     'Telephone no' => 4784515789,
     'E-mail' => 'email01@email.com',
     'Birthday_date' => '"1/1/1985"',
     'fields_01' => 'TEST 1 ',
     'fields_02' => NULL,
     'fields_03' => NULL,
     'fields_04' => NULL,
     'fields_05' => NULL,
     'fields_06' => 'TEST 6',
     'fields_07' => 'TEST 7',
     'fields_08' => 'TEST 8',
     'fields_09' => 'TEST 9',
     'fields_10' => 'TEST 10',
  ),
  1 => 
  (object) array(
     'ID' => 2,
     'Last name' => 'test',
     'First name' => 'Steve',
     'City' => 'London',
     'Telephone no' => 4784515789,
     'E-mail' => 'email01@email.com',
     'Birthday_date' => '"1/1/1985"',
     'fields_01' => 'TEST 1 ',
     'fields_02' => NULL,
     'fields_03' => NULL,
     'fields_04' => NULL,
     'fields_05' => NULL,
     'fields_06' => 'TEST 6',
     'fields_07' => 'TEST 7',
     'fields_08' => 'TEST 8',
     'fields_09' => 'TEST 9',
     'fields_10' => 'TEST 10',
  ),
  2 => 
  (object) array(
     'ID' => 3,
     'Last name' => 'test',
     'First name' => 'Steve',
     'City' => 'London',
     'Telephone no' => 4784515789,
     'E-mail' => 'email01@email.com',
     'Birthday_date' => '"1/1/1985"',
     'fields_01' => 'TEST 1 ',
     'fields_02' => NULL,
     'fields_03' => NULL,
     'fields_04' => NULL,
     'fields_05' => NULL,
     'fields_06' => 'TEST 6',
     'fields_07' => 'TEST 7',
     'fields_08' => 'TEST 8',
     'fields_09' => 'TEST 9',
     'fields_10' => 'TEST 10',
  ),
  3 => 
  (object) array(
     'ID' => 4,
     'Last name' => 'test',
     'First name' => 'Steve',
     'City' => 'London',
     'Telephone no' => 4784515789,
     'E-mail' => 'email01@email.com',
     'Birthday_date' => '"1/1/1985"',
     'fields_01' => 'TEST 1 ',
     'fields_02' => NULL,
     'fields_03' => NULL,
     'fields_04' => NULL,
     'fields_05' => NULL,
     'fields_06' => 'TEST 6',
     'fields_07' => 'TEST 7',
     'fields_08' => 'TEST 8',
     'fields_09' => 'TEST 9',
     'fields_10' => 'TEST 10',
  ),
)  
[2021-01-19 15:23:48] local.INFO: array (
  0 => 
  (object) array(
     'ID' => 1,
     'Last name' => 'test',
     'First name' => 'Steve',
     'City' => 'London',
     'Telephone no' => 4784515789,
     'E-mail' => 'email01@email.com',
     'Birthday_date' => '"1/1/1985"',
     'fields_01' => 'TEST 1 ',
     'fields_02' => NULL,
     'fields_03' => NULL,
     'fields_04' => NULL,
     'fields_05' => NULL,
     'fields_06' => 'TEST 6',
     'fields_07' => 'TEST 7',
     'fields_08' => 'TEST 8',
     'fields_09' => 'TEST 9',
     'fields_10' => 'TEST 10',
  ),
  1 => 
  (object) array(
     'ID' => 2,
     'Last name' => 'test',
     'First name' => 'Steve',
     'City' => 'London',
     'Telephone no' => 4784515789,
     'E-mail' => 'email01@email.com',
     'Birthday_date' => '"1/1/1985"',
     'fields_01' => 'TEST 1 ',
     'fields_02' => NULL,
     'fields_03' => NULL,
     'fields_04' => NULL,
     'fields_05' => NULL,
     'fields_06' => 'TEST 6',
     'fields_07' => 'TEST 7',
     'fields_08' => 'TEST 8',
     'fields_09' => 'TEST 9',
     'fields_10' => 'TEST 10',
  ),
  2 => 
  (object) array(
     'ID' => 3,
     'Last name' => 'test',
     'First name' => 'Steve',
     'City' => 'London',
     'Telephone no' => 4784515789,
     'E-mail' => 'email01@email.com',
     'Birthday_date' => '"1/1/1985"',
     'fields_01' => 'TEST 1 ',
     'fields_02' => NULL,
     'fields_03' => NULL,
     'fields_04' => NULL,
     'fields_05' => NULL,
     'fields_06' => 'TEST 6',
     'fields_07' => 'TEST 7',
     'fields_08' => 'TEST 8',
     'fields_09' => 'TEST 9',
     'fields_10' => 'TEST 10',
  ),
  3 => 
  (object) array(
     'ID' => 4,
     'Last name' => 'test',
     'First name' => 'Steve',
     'City' => 'London',
     'Telephone no' => 4784515789,
     'E-mail' => 'email01@email.com',
     'Birthday_date' => '"1/1/1985"',
     'fields_01' => 'TEST 1 ',
     'fields_02' => NULL,
     'fields_03' => NULL,
     'fields_04' => NULL,
     'fields_05' => NULL,
     'fields_06' => 'TEST 6',
     'fields_07' => 'TEST 7',
     'fields_08' => 'TEST 8',
     'fields_09' => 'TEST 9',
     'fields_10' => 'TEST 10',
  ),
)  
[2021-01-19 15:24:14] local.INFO: array (
  0 => 
  (object) array(
     'ID' => 1,
     'Last name' => 'test',
     'First name' => 'Steve',
     'City' => 'London',
     'Telephone no' => 4784515789,
     'E-mail' => 'email01@email.com',
     'Birthday_date' => '"1/1/1985"',
     'fields_01' => 'TEST 1 ',
     'fields_02' => NULL,
     'fields_03' => NULL,
     'fields_04' => NULL,
     'fields_05' => NULL,
     'fields_06' => 'TEST 6',
     'fields_07' => 'TEST 7',
     'fields_08' => 'TEST 8',
     'fields_09' => 'TEST 9',
     'fields_10' => 'TEST 10',
  ),
  1 => 
  (object) array(
     'ID' => 2,
     'Last name' => 'test',
     'First name' => 'Steve',
     'City' => 'London',
     'Telephone no' => 4784515789,
     'E-mail' => 'email01@email.com',
     'Birthday_date' => '"1/1/1985"',
     'fields_01' => 'TEST 1 ',
     'fields_02' => NULL,
     'fields_03' => NULL,
     'fields_04' => NULL,
     'fields_05' => NULL,
     'fields_06' => 'TEST 6',
     'fields_07' => 'TEST 7',
     'fields_08' => 'TEST 8',
     'fields_09' => 'TEST 9',
     'fields_10' => 'TEST 10',
  ),
  2 => 
  (object) array(
     'ID' => 3,
     'Last name' => 'test',
     'First name' => 'Steve',
     'City' => 'London',
     'Telephone no' => 4784515789,
     'E-mail' => 'email01@email.com',
     'Birthday_date' => '"1/1/1985"',
     'fields_01' => 'TEST 1 ',
     'fields_02' => NULL,
     'fields_03' => NULL,
     'fields_04' => NULL,
     'fields_05' => NULL,
     'fields_06' => 'TEST 6',
     'fields_07' => 'TEST 7',
     'fields_08' => 'TEST 8',
     'fields_09' => 'TEST 9',
     'fields_10' => 'TEST 10',
  ),
  3 => 
  (object) array(
     'ID' => 4,
     'Last name' => 'test',
     'First name' => 'Steve',
     'City' => 'London',
     'Telephone no' => 4784515789,
     'E-mail' => 'email01@email.com',
     'Birthday_date' => '"1/1/1985"',
     'fields_01' => 'TEST 1 ',
     'fields_02' => NULL,
     'fields_03' => NULL,
     'fields_04' => NULL,
     'fields_05' => NULL,
     'fields_06' => 'TEST 6',
     'fields_07' => 'TEST 7',
     'fields_08' => 'TEST 8',
     'fields_09' => 'TEST 9',
     'fields_10' => 'TEST 10',
  ),
)  
[2021-01-19 15:27:54] local.INFO: array (
  0 => 
  (object) array(
     'ID' => 1,
     'Last name' => 'test',
     'First name' => 'Steve',
     'City' => 'London',
     'Telephone no' => 4784515789,
     'E-mail' => 'email01@email.com',
     'Birthday_date' => '"1/1/1985"',
     'fields_01' => 'TEST 1 ',
     'fields_02' => NULL,
     'fields_03' => NULL,
     'fields_04' => NULL,
     'fields_05' => NULL,
     'fields_06' => 'TEST 6',
     'fields_07' => 'TEST 7',
     'fields_08' => 'TEST 8',
     'fields_09' => 'TEST 9',
     'fields_10' => 'TEST 10',
  ),
  1 => 
  (object) array(
     'ID' => 2,
     'Last name' => 'test',
     'First name' => 'Steve',
     'City' => 'London',
     'Telephone no' => 4784515789,
     'E-mail' => 'email01@email.com',
     'Birthday_date' => '"1/1/1985"',
     'fields_01' => 'TEST 1 ',
     'fields_02' => NULL,
     'fields_03' => NULL,
     'fields_04' => NULL,
     'fields_05' => NULL,
     'fields_06' => 'TEST 6',
     'fields_07' => 'TEST 7',
     'fields_08' => 'TEST 8',
     'fields_09' => 'TEST 9',
     'fields_10' => 'TEST 10',
  ),
  2 => 
  (object) array(
     'ID' => 3,
     'Last name' => 'test',
     'First name' => 'Steve',
     'City' => 'London',
     'Telephone no' => 4784515789,
     'E-mail' => 'email01@email.com',
     'Birthday_date' => '"1/1/1985"',
     'fields_01' => 'TEST 1 ',
     'fields_02' => NULL,
     'fields_03' => NULL,
     'fields_04' => NULL,
     'fields_05' => NULL,
     'fields_06' => 'TEST 6',
     'fields_07' => 'TEST 7',
     'fields_08' => 'TEST 8',
     'fields_09' => 'TEST 9',
     'fields_10' => 'TEST 10',
  ),
  3 => 
  (object) array(
     'ID' => 4,
     'Last name' => 'test',
     'First name' => 'Steve',
     'City' => 'London',
     'Telephone no' => 4784515789,
     'E-mail' => 'email01@email.com',
     'Birthday_date' => '"1/1/1985"',
     'fields_01' => 'TEST 1 ',
     'fields_02' => NULL,
     'fields_03' => NULL,
     'fields_04' => NULL,
     'fields_05' => NULL,
     'fields_06' => 'TEST 6',
     'fields_07' => 'TEST 7',
     'fields_08' => 'TEST 8',
     'fields_09' => 'TEST 9',
     'fields_10' => 'TEST 10',
  ),
)  
[2021-01-19 15:32:08] local.INFO: array (
  0 => 
  (object) array(
     'ID' => 1,
     'Last name' => 'test',
     'First name' => 'Steve',
     'City' => 'London',
     'Telephone no' => 4784515789,
     'E-mail' => 'email01@email.com',
     'Birthday_date' => '"1/1/1985"',
     'fields_01' => 'TEST 1 ',
     'fields_02' => NULL,
     'fields_03' => NULL,
     'fields_04' => NULL,
     'fields_05' => NULL,
     'fields_06' => 'TEST 6',
     'fields_07' => 'TEST 7',
     'fields_08' => 'TEST 8',
     'fields_09' => 'TEST 9',
     'fields_10' => 'TEST 10',
  ),
  1 => 
  (object) array(
     'ID' => 2,
     'Last name' => 'test',
     'First name' => 'Steve',
     'City' => 'London',
     'Telephone no' => 4784515789,
     'E-mail' => 'email01@email.com',
     'Birthday_date' => '"1/1/1985"',
     'fields_01' => 'TEST 1 ',
     'fields_02' => NULL,
     'fields_03' => NULL,
     'fields_04' => NULL,
     'fields_05' => NULL,
     'fields_06' => 'TEST 6',
     'fields_07' => 'TEST 7',
     'fields_08' => 'TEST 8',
     'fields_09' => 'TEST 9',
     'fields_10' => 'TEST 10',
  ),
  2 => 
  (object) array(
     'ID' => 3,
     'Last name' => 'test',
     'First name' => 'Steve',
     'City' => 'London',
     'Telephone no' => 4784515789,
     'E-mail' => 'email01@email.com',
     'Birthday_date' => '"1/1/1985"',
     'fields_01' => 'TEST 1 ',
     'fields_02' => NULL,
     'fields_03' => NULL,
     'fields_04' => NULL,
     'fields_05' => NULL,
     'fields_06' => 'TEST 6',
     'fields_07' => 'TEST 7',
     'fields_08' => 'TEST 8',
     'fields_09' => 'TEST 9',
     'fields_10' => 'TEST 10',
  ),
  3 => 
  (object) array(
     'ID' => 4,
     'Last name' => 'test',
     'First name' => 'Steve',
     'City' => 'London',
     'Telephone no' => 4784515789,
     'E-mail' => 'email01@email.com',
     'Birthday_date' => '"1/1/1985"',
     'fields_01' => 'TEST 1 ',
     'fields_02' => NULL,
     'fields_03' => NULL,
     'fields_04' => NULL,
     'fields_05' => NULL,
     'fields_06' => 'TEST 6',
     'fields_07' => 'TEST 7',
     'fields_08' => 'TEST 8',
     'fields_09' => 'TEST 9',
     'fields_10' => 'TEST 10',
  ),
)  
[2021-01-19 15:32:46] local.INFO: array (
  0 => 
  (object) array(
     'ID' => 1,
     'Last name' => 'test',
     'First name' => 'Steve',
     'City' => 'London',
     'Telephone no' => 4784515789,
     'E-mail' => 'email01@email.com',
     'Birthday_date' => '"1/1/1985"',
     'fields_01' => 'TEST 1 ',
     'fields_02' => NULL,
     'fields_03' => NULL,
     'fields_04' => NULL,
     'fields_05' => NULL,
     'fields_06' => 'TEST 6',
     'fields_07' => 'TEST 7',
     'fields_08' => 'TEST 8',
     'fields_09' => 'TEST 9',
     'fields_10' => 'TEST 10',
  ),
  1 => 
  (object) array(
     'ID' => 2,
     'Last name' => 'test',
     'First name' => 'Steve',
     'City' => 'London',
     'Telephone no' => 4784515789,
     'E-mail' => 'email01@email.com',
     'Birthday_date' => '"1/1/1985"',
     'fields_01' => 'TEST 1 ',
     'fields_02' => NULL,
     'fields_03' => NULL,
     'fields_04' => NULL,
     'fields_05' => NULL,
     'fields_06' => 'TEST 6',
     'fields_07' => 'TEST 7',
     'fields_08' => 'TEST 8',
     'fields_09' => 'TEST 9',
     'fields_10' => 'TEST 10',
  ),
  2 => 
  (object) array(
     'ID' => 3,
     'Last name' => 'test',
     'First name' => 'Steve',
     'City' => 'London',
     'Telephone no' => 4784515789,
     'E-mail' => 'email01@email.com',
     'Birthday_date' => '"1/1/1985"',
     'fields_01' => 'TEST 1 ',
     'fields_02' => NULL,
     'fields_03' => NULL,
     'fields_04' => NULL,
     'fields_05' => NULL,
     'fields_06' => 'TEST 6',
     'fields_07' => 'TEST 7',
     'fields_08' => 'TEST 8',
     'fields_09' => 'TEST 9',
     'fields_10' => 'TEST 10',
  ),
  3 => 
  (object) array(
     'ID' => 4,
     'Last name' => 'test',
     'First name' => 'Steve',
     'City' => 'London',
     'Telephone no' => 4784515789,
     'E-mail' => 'email01@email.com',
     'Birthday_date' => '"1/1/1985"',
     'fields_01' => 'TEST 1 ',
     'fields_02' => NULL,
     'fields_03' => NULL,
     'fields_04' => NULL,
     'fields_05' => NULL,
     'fields_06' => 'TEST 6',
     'fields_07' => 'TEST 7',
     'fields_08' => 'TEST 8',
     'fields_09' => 'TEST 9',
     'fields_10' => 'TEST 10',
  ),
)  
[2021-01-19 15:37:28] local.INFO: array (
  0 => 
  (object) array(
     'ID' => 1,
     'Last name' => 'test',
     'First name' => 'Steve',
     'City' => 'London',
     'Telephone no' => 4784515789,
     'E-mail' => 'email01@email.com',
     'Birthday_date' => '"1/1/1985"',
     'fields_01' => 'TEST 1 ',
     'fields_02' => NULL,
     'fields_03' => NULL,
     'fields_04' => NULL,
     'fields_05' => NULL,
     'fields_06' => 'TEST 6',
     'fields_07' => 'TEST 7',
     'fields_08' => 'TEST 8',
     'fields_09' => 'TEST 9',
     'fields_10' => 'TEST 10',
  ),
  1 => 
  (object) array(
     'ID' => 2,
     'Last name' => 'test',
     'First name' => 'Steve',
     'City' => 'London',
     'Telephone no' => 4784515789,
     'E-mail' => 'email01@email.com',
     'Birthday_date' => '"1/1/1985"',
     'fields_01' => 'TEST 1 ',
     'fields_02' => NULL,
     'fields_03' => NULL,
     'fields_04' => NULL,
     'fields_05' => NULL,
     'fields_06' => 'TEST 6',
     'fields_07' => 'TEST 7',
     'fields_08' => 'TEST 8',
     'fields_09' => 'TEST 9',
     'fields_10' => 'TEST 10',
  ),
  2 => 
  (object) array(
     'ID' => 3,
     'Last name' => 'test',
     'First name' => 'Steve',
     'City' => 'London',
     'Telephone no' => 4784515789,
     'E-mail' => 'email01@email.com',
     'Birthday_date' => '"1/1/1985"',
     'fields_01' => 'TEST 1 ',
     'fields_02' => NULL,
     'fields_03' => NULL,
     'fields_04' => NULL,
     'fields_05' => NULL,
     'fields_06' => 'TEST 6',
     'fields_07' => 'TEST 7',
     'fields_08' => 'TEST 8',
     'fields_09' => 'TEST 9',
     'fields_10' => 'TEST 10',
  ),
  3 => 
  (object) array(
     'ID' => 4,
     'Last name' => 'test',
     'First name' => 'Steve',
     'City' => 'London',
     'Telephone no' => 4784515789,
     'E-mail' => 'email01@email.com',
     'Birthday_date' => '"1/1/1985"',
     'fields_01' => 'TEST 1 ',
     'fields_02' => NULL,
     'fields_03' => NULL,
     'fields_04' => NULL,
     'fields_05' => NULL,
     'fields_06' => 'TEST 6',
     'fields_07' => 'TEST 7',
     'fields_08' => 'TEST 8',
     'fields_09' => 'TEST 9',
     'fields_10' => 'TEST 10',
  ),
)  
[2021-01-19 15:39:07] local.INFO: [{"id":29,"task_name":"test","task_ticket":"test","start_date":"13\/01\/2021","end_date":"20\/01\/2021","status":"En cours","author":"test","folder_dir":"test"}]  
[2021-01-19 15:39:39] local.INFO: array (
  0 => 
  (object) array(
     'ID' => 1,
     'Last name' => 'test',
     'First name' => 'Steve',
     'City' => 'London',
     'Telephone no' => 4784515789,
     'E-mail' => 'email01@email.com',
     'Birthday_date' => '"1/1/1985"',
     'fields_01' => 'TEST 1 ',
     'fields_02' => NULL,
     'fields_03' => NULL,
     'fields_04' => NULL,
     'fields_05' => NULL,
     'fields_06' => 'TEST 6',
     'fields_07' => 'TEST 7',
     'fields_08' => 'TEST 8',
     'fields_09' => 'TEST 9',
     'fields_10' => 'TEST 10',
  ),
  1 => 
  (object) array(
     'ID' => 2,
     'Last name' => 'test',
     'First name' => 'Steve',
     'City' => 'London',
     'Telephone no' => 4784515789,
     'E-mail' => 'email01@email.com',
     'Birthday_date' => '"1/1/1985"',
     'fields_01' => 'TEST 1 ',
     'fields_02' => NULL,
     'fields_03' => NULL,
     'fields_04' => NULL,
     'fields_05' => NULL,
     'fields_06' => 'TEST 6',
     'fields_07' => 'TEST 7',
     'fields_08' => 'TEST 8',
     'fields_09' => 'TEST 9',
     'fields_10' => 'TEST 10',
  ),
  2 => 
  (object) array(
     'ID' => 3,
     'Last name' => 'test',
     'First name' => 'Steve',
     'City' => 'London',
     'Telephone no' => 4784515789,
     'E-mail' => 'email01@email.com',
     'Birthday_date' => '"1/1/1985"',
     'fields_01' => 'TEST 1 ',
     'fields_02' => NULL,
     'fields_03' => NULL,
     'fields_04' => NULL,
     'fields_05' => NULL,
     'fields_06' => 'TEST 6',
     'fields_07' => 'TEST 7',
     'fields_08' => 'TEST 8',
     'fields_09' => 'TEST 9',
     'fields_10' => 'TEST 10',
  ),
  3 => 
  (object) array(
     'ID' => 4,
     'Last name' => 'test',
     'First name' => 'Steve',
     'City' => 'London',
     'Telephone no' => 4784515789,
     'E-mail' => 'email01@email.com',
     'Birthday_date' => '"1/1/1985"',
     'fields_01' => 'TEST 1 ',
     'fields_02' => NULL,
     'fields_03' => NULL,
     'fields_04' => NULL,
     'fields_05' => NULL,
     'fields_06' => 'TEST 6',
     'fields_07' => 'TEST 7',
     'fields_08' => 'TEST 8',
     'fields_09' => 'TEST 9',
     'fields_10' => 'TEST 10',
  ),
)  
[2021-01-19 15:40:42] local.INFO: array (
  0 => 
  (object) array(
     'ID' => 1,
     'Last name' => 'test',
     'First name' => 'Steve',
     'City' => 'London',
     'Telephone no' => 4784515789,
     'E-mail' => 'email01@email.com',
     'Birthday_date' => '"1/1/1985"',
     'fields_01' => 'TEST 1 ',
     'fields_02' => NULL,
     'fields_03' => NULL,
     'fields_04' => NULL,
     'fields_05' => NULL,
     'fields_06' => 'TEST 6',
     'fields_07' => 'TEST 7',
     'fields_08' => 'TEST 8',
     'fields_09' => 'TEST 9',
     'fields_10' => 'TEST 10',
  ),
  1 => 
  (object) array(
     'ID' => 2,
     'Last name' => 'test',
     'First name' => 'Steve',
     'City' => 'London',
     'Telephone no' => 4784515789,
     'E-mail' => 'email01@email.com',
     'Birthday_date' => '"1/1/1985"',
     'fields_01' => 'TEST 1 ',
     'fields_02' => NULL,
     'fields_03' => NULL,
     'fields_04' => NULL,
     'fields_05' => NULL,
     'fields_06' => 'TEST 6',
     'fields_07' => 'TEST 7',
     'fields_08' => 'TEST 8',
     'fields_09' => 'TEST 9',
     'fields_10' => 'TEST 10',
  ),
  2 => 
  (object) array(
     'ID' => 3,
     'Last name' => 'test',
     'First name' => 'Steve',
     'City' => 'London',
     'Telephone no' => 4784515789,
     'E-mail' => 'email01@email.com',
     'Birthday_date' => '"1/1/1985"',
     'fields_01' => 'TEST 1 ',
     'fields_02' => NULL,
     'fields_03' => NULL,
     'fields_04' => NULL,
     'fields_05' => NULL,
     'fields_06' => 'TEST 6',
     'fields_07' => 'TEST 7',
     'fields_08' => 'TEST 8',
     'fields_09' => 'TEST 9',
     'fields_10' => 'TEST 10',
  ),
  3 => 
  (object) array(
     'ID' => 4,
     'Last name' => 'test',
     'First name' => 'Steve',
     'City' => 'London',
     'Telephone no' => 4784515789,
     'E-mail' => 'email01@email.com',
     'Birthday_date' => '"1/1/1985"',
     'fields_01' => 'TEST 1 ',
     'fields_02' => NULL,
     'fields_03' => NULL,
     'fields_04' => NULL,
     'fields_05' => NULL,
     'fields_06' => 'TEST 6',
     'fields_07' => 'TEST 7',
     'fields_08' => 'TEST 8',
     'fields_09' => 'TEST 9',
     'fields_10' => 'TEST 10',
  ),
)  
[2021-01-19 15:42:00] local.INFO: array (
  0 => 
  (object) array(
     'ID' => 1,
     'Last name' => 'test',
     'First name' => 'Steve',
     'City' => 'London',
     'Telephone no' => 4784515789,
     'E-mail' => 'email01@email.com',
     'Birthday_date' => '"1/1/1985"',
     'fields_01' => 'TEST 1 ',
     'fields_02' => NULL,
     'fields_03' => NULL,
     'fields_04' => NULL,
     'fields_05' => NULL,
     'fields_06' => 'TEST 6',
     'fields_07' => 'TEST 7',
     'fields_08' => 'TEST 8',
     'fields_09' => 'TEST 9',
     'fields_10' => 'TEST 10',
  ),
  1 => 
  (object) array(
     'ID' => 2,
     'Last name' => 'test',
     'First name' => 'Steve',
     'City' => 'London',
     'Telephone no' => 4784515789,
     'E-mail' => 'email01@email.com',
     'Birthday_date' => '"1/1/1985"',
     'fields_01' => 'TEST 1 ',
     'fields_02' => NULL,
     'fields_03' => NULL,
     'fields_04' => NULL,
     'fields_05' => NULL,
     'fields_06' => 'TEST 6',
     'fields_07' => 'TEST 7',
     'fields_08' => 'TEST 8',
     'fields_09' => 'TEST 9',
     'fields_10' => 'TEST 10',
  ),
  2 => 
  (object) array(
     'ID' => 3,
     'Last name' => 'test',
     'First name' => 'Steve',
     'City' => 'London',
     'Telephone no' => 4784515789,
     'E-mail' => 'email01@email.com',
     'Birthday_date' => '"1/1/1985"',
     'fields_01' => 'TEST 1 ',
     'fields_02' => NULL,
     'fields_03' => NULL,
     'fields_04' => NULL,
     'fields_05' => NULL,
     'fields_06' => 'TEST 6',
     'fields_07' => 'TEST 7',
     'fields_08' => 'TEST 8',
     'fields_09' => 'TEST 9',
     'fields_10' => 'TEST 10',
  ),
  3 => 
  (object) array(
     'ID' => 4,
     'Last name' => 'test',
     'First name' => 'Steve',
     'City' => 'London',
     'Telephone no' => 4784515789,
     'E-mail' => 'email01@email.com',
     'Birthday_date' => '"1/1/1985"',
     'fields_01' => 'TEST 1 ',
     'fields_02' => NULL,
     'fields_03' => NULL,
     'fields_04' => NULL,
     'fields_05' => NULL,
     'fields_06' => 'TEST 6',
     'fields_07' => 'TEST 7',
     'fields_08' => 'TEST 8',
     'fields_09' => 'TEST 9',
     'fields_10' => 'TEST 10',
  ),
)  
[2021-01-19 15:45:00] local.INFO: array (
  0 => 
  (object) array(
     'ID' => 1,
     'Last name' => 'test',
     'First name' => 'Steve',
     'City' => 'London',
     'Telephone no' => 4784515789,
     'E-mail' => 'email01@email.com',
     'Birthday_date' => '"1/1/1985"',
     'fields_01' => 'TEST 1 ',
     'fields_02' => NULL,
     'fields_03' => NULL,
     'fields_04' => NULL,
     'fields_05' => NULL,
     'fields_06' => 'TEST 6',
     'fields_07' => 'TEST 7',
     'fields_08' => 'TEST 8',
     'fields_09' => 'TEST 9',
     'fields_10' => 'TEST 10',
  ),
  1 => 
  (object) array(
     'ID' => 2,
     'Last name' => 'test',
     'First name' => 'Steve',
     'City' => 'London',
     'Telephone no' => 4784515789,
     'E-mail' => 'email01@email.com',
     'Birthday_date' => '"1/1/1985"',
     'fields_01' => 'TEST 1 ',
     'fields_02' => NULL,
     'fields_03' => NULL,
     'fields_04' => NULL,
     'fields_05' => NULL,
     'fields_06' => 'TEST 6',
     'fields_07' => 'TEST 7',
     'fields_08' => 'TEST 8',
     'fields_09' => 'TEST 9',
     'fields_10' => 'TEST 10',
  ),
  2 => 
  (object) array(
     'ID' => 3,
     'Last name' => 'test',
     'First name' => 'Steve',
     'City' => 'London',
     'Telephone no' => 4784515789,
     'E-mail' => 'email01@email.com',
     'Birthday_date' => '"1/1/1985"',
     'fields_01' => 'TEST 1 ',
     'fields_02' => NULL,
     'fields_03' => NULL,
     'fields_04' => NULL,
     'fields_05' => NULL,
     'fields_06' => 'TEST 6',
     'fields_07' => 'TEST 7',
     'fields_08' => 'TEST 8',
     'fields_09' => 'TEST 9',
     'fields_10' => 'TEST 10',
  ),
  3 => 
  (object) array(
     'ID' => 4,
     'Last name' => 'test',
     'First name' => 'Steve',
     'City' => 'London',
     'Telephone no' => 4784515789,
     'E-mail' => 'email01@email.com',
     'Birthday_date' => '"1/1/1985"',
     'fields_01' => 'TEST 1 ',
     'fields_02' => NULL,
     'fields_03' => NULL,
     'fields_04' => NULL,
     'fields_05' => NULL,
     'fields_06' => 'TEST 6',
     'fields_07' => 'TEST 7',
     'fields_08' => 'TEST 8',
     'fields_09' => 'TEST 9',
     'fields_10' => 'TEST 10',
  ),
)  
[2021-01-19 16:28:48] local.INFO: array (
  0 => 
  (object) array(
     'ID' => 1,
     'Last name' => 'test',
     'First name' => 'Steve',
     'City' => 'London',
     'Telephone no' => 4784515789,
     'E-mail' => 'email01@email.com',
     'Birthday_date' => '"1/1/1985"',
     'fields_01' => 'TEST 1 ',
     'fields_02' => NULL,
     'fields_03' => NULL,
     'fields_04' => NULL,
     'fields_05' => NULL,
     'fields_06' => 'TEST 6',
     'fields_07' => 'TEST 7',
     'fields_08' => 'TEST 8',
     'fields_09' => 'TEST 9',
     'fields_10' => 'TEST 10',
  ),
  1 => 
  (object) array(
     'ID' => 2,
     'Last name' => 'test',
     'First name' => 'Steve',
     'City' => 'London',
     'Telephone no' => 4784515789,
     'E-mail' => 'email01@email.com',
     'Birthday_date' => '"1/1/1985"',
     'fields_01' => 'TEST 1 ',
     'fields_02' => NULL,
     'fields_03' => NULL,
     'fields_04' => NULL,
     'fields_05' => NULL,
     'fields_06' => 'TEST 6',
     'fields_07' => 'TEST 7',
     'fields_08' => 'TEST 8',
     'fields_09' => 'TEST 9',
     'fields_10' => 'TEST 10',
  ),
  2 => 
  (object) array(
     'ID' => 3,
     'Last name' => 'test',
     'First name' => 'Steve',
     'City' => 'London',
     'Telephone no' => 4784515789,
     'E-mail' => 'email01@email.com',
     'Birthday_date' => '"1/1/1985"',
     'fields_01' => 'TEST 1 ',
     'fields_02' => NULL,
     'fields_03' => NULL,
     'fields_04' => NULL,
     'fields_05' => NULL,
     'fields_06' => 'TEST 6',
     'fields_07' => 'TEST 7',
     'fields_08' => 'TEST 8',
     'fields_09' => 'TEST 9',
     'fields_10' => 'TEST 10',
  ),
  3 => 
  (object) array(
     'ID' => 4,
     'Last name' => 'test',
     'First name' => 'Steve',
     'City' => 'London',
     'Telephone no' => 4784515789,
     'E-mail' => 'email01@email.com',
     'Birthday_date' => '"1/1/1985"',
     'fields_01' => 'TEST 1 ',
     'fields_02' => NULL,
     'fields_03' => NULL,
     'fields_04' => NULL,
     'fields_05' => NULL,
     'fields_06' => 'TEST 6',
     'fields_07' => 'TEST 7',
     'fields_08' => 'TEST 8',
     'fields_09' => 'TEST 9',
     'fields_10' => 'TEST 10',
  ),
)  
[2021-01-19 16:29:15] local.INFO: array (
  0 => 
  (object) array(
     'ID' => 1,
     'Last name' => 'test',
     'First name' => 'Steve',
     'City' => 'London',
     'Telephone no' => 4784515789,
     'E-mail' => 'email01@email.com',
     'Birthday_date' => '"1/1/1985"',
     'fields_01' => 'TEST 1 ',
     'fields_02' => NULL,
     'fields_03' => NULL,
     'fields_04' => NULL,
     'fields_05' => NULL,
     'fields_06' => 'TEST 6',
     'fields_07' => 'TEST 7',
     'fields_08' => 'TEST 8',
     'fields_09' => 'TEST 9',
     'fields_10' => 'TEST 10',
  ),
  1 => 
  (object) array(
     'ID' => 2,
     'Last name' => 'test',
     'First name' => 'Steve',
     'City' => 'London',
     'Telephone no' => 4784515789,
     'E-mail' => 'email01@email.com',
     'Birthday_date' => '"1/1/1985"',
     'fields_01' => 'TEST 1 ',
     'fields_02' => NULL,
     'fields_03' => NULL,
     'fields_04' => NULL,
     'fields_05' => NULL,
     'fields_06' => 'TEST 6',
     'fields_07' => 'TEST 7',
     'fields_08' => 'TEST 8',
     'fields_09' => 'TEST 9',
     'fields_10' => 'TEST 10',
  ),
  2 => 
  (object) array(
     'ID' => 3,
     'Last name' => 'test',
     'First name' => 'Steve',
     'City' => 'London',
     'Telephone no' => 4784515789,
     'E-mail' => 'email01@email.com',
     'Birthday_date' => '"1/1/1985"',
     'fields_01' => 'TEST 1 ',
     'fields_02' => NULL,
     'fields_03' => NULL,
     'fields_04' => NULL,
     'fields_05' => NULL,
     'fields_06' => 'TEST 6',
     'fields_07' => 'TEST 7',
     'fields_08' => 'TEST 8',
     'fields_09' => 'TEST 9',
     'fields_10' => 'TEST 10',
  ),
  3 => 
  (object) array(
     'ID' => 4,
     'Last name' => 'test',
     'First name' => 'Steve',
     'City' => 'London',
     'Telephone no' => 4784515789,
     'E-mail' => 'email01@email.com',
     'Birthday_date' => '"1/1/1985"',
     'fields_01' => 'TEST 1 ',
     'fields_02' => NULL,
     'fields_03' => NULL,
     'fields_04' => NULL,
     'fields_05' => NULL,
     'fields_06' => 'TEST 6',
     'fields_07' => 'TEST 7',
     'fields_08' => 'TEST 8',
     'fields_09' => 'TEST 9',
     'fields_10' => 'TEST 10',
  ),
)  
[2021-01-19 16:36:06] local.INFO: [{"id":29,"task_name":"test","task_ticket":"test","start_date":"13\/01\/2021","end_date":"20\/01\/2021","status":"En cours","author":"test","folder_dir":"test"}]  
