[2021-01-26 23:23:36] local.ERROR: Undefined index: fileToUpload {"userId":2,"exception":"[object] (ErrorException(code: 0): Undefined index: fileToUpload at D:\\xampp\\htdocs\\current_sites\\pdf_convert\\app\\Http\\Controllers\\DataController.php:45)
[stacktrace]
#0 D:\\xampp\\htdocs\\current_sites\\pdf_convert\\app\\Http\\Controllers\\DataController.php(45): Illuminate\\Foundation\\Bootstrap\\HandleExceptions->handleError(8, 'Undefined index...', 'D:\\\\xampp\\\\htdocs...', 45, Array)
#1 D:\\xampp\\htdocs\\current_sites\\pdf_convert\\vendor\\laravel\\framework\\src\\Illuminate\\Routing\\Controller.php(54): App\\Http\\Controllers\\DataController->xlsxuploadingToJson()
#2 D:\\xampp\\htdocs\\current_sites\\pdf_convert\\vendor\\laravel\\framework\\src\\Illuminate\\Routing\\ControllerDispatcher.php(45): Illuminate\\Routing\\Controller->callAction('xlsxuploadingTo...', Array)
#3 D:\\xampp\\htdocs\\current_sites\\pdf_convert\\vendor\\laravel\\framework\\src\\Illuminate\\Routing\\Route.php(219): Illuminate\\Routing\\ControllerDispatcher->dispatch(Object(Illuminate\\Routing\\Route), Object(App\\Http\\Controllers\\DataController), 'xlsxuploadingTo...')
#4 D:\\xampp\\htdocs\\current_sites\\pdf_convert\\vendor\\laravel\\framework\\src\\Illuminate\\Routing\\Route.php(176): Illuminate\\Routing\\Route->runController()
#5 D:\\xampp\\htdocs\\current_sites\\pdf_convert\\vendor\\laravel\\framework\\src\\Illuminate\\Routing\\Router.php(681): Illuminate\\Routing\\Route->run()
#6 D:\\xampp\\htdocs\\current_sites\\pdf_convert\\vendor\\laravel\\framework\\src\\Illuminate\\Pipeline\\Pipeline.php(130): Illuminate\\Routing\\Router->Illuminate\\Routing\\{closure}(Object(Illuminate\\Http\\Request))
#7 D:\\xampp\\htdocs\\current_sites\\pdf_convert\\vendor\\laravel\\framework\\src\\Illuminate\\Routing\\Middleware\\SubstituteBindings.php(41): Illuminate\\Pipeline\\Pipeline->Illuminate\\Pipeline\\{closure}(Object(Illuminate\\Http\\Request))
#8 D:\\xampp\\htdocs\\current_sites\\pdf_convert\\vendor\\laravel\\framework\\src\\Illuminate\\Pipeline\\Pipeline.php(171): Illuminate\\Routing\\Middleware\\SubstituteBindings->handle(Object(Illuminate\\Http\\Request), Object(Closure))
#9 D:\\xampp\\htdocs\\current_sites\\pdf_convert\\vendor\\laravel\\framework\\src\\Illuminate\\Auth\\Middleware\\Authenticate.php(43): Illuminate\\Pipeline\\Pipeline->Illuminate\\Pipeline\\{closure}(Object(Illuminate\\Http\\Request))
#10 D:\\xampp\\htdocs\\current_sites\\pdf_convert\\vendor\\laravel\\framework\\src\\Illuminate\\Pipeline\\Pipeline.php(171): Illuminate\\Auth\\Middleware\\Authenticate->handle(Object(Illuminate\\Http\\Request), Object(Closure))
#11 D:\\xampp\\htdocs\\current_sites\\pdf_convert\\vendor\\laravel\\framework\\src\\Illuminate\\Foundation\\Http\\Middleware\\VerifyCsrfToken.php(77): Illuminate\\Pipeline\\Pipeline->Illuminate\\Pipeline\\{closure}(Object(Illuminate\\Http\\Request))
#12 D:\\xampp\\htdocs\\current_sites\\pdf_convert\\vendor\\laravel\\framework\\src\\Illuminate\\Pipeline\\Pipeline.php(171): Illuminate\\Foundation\\Http\\Middleware\\VerifyCsrfToken->handle(Object(Illuminate\\Http\\Request), Object(Closure))
#13 D:\\xampp\\htdocs\\current_sites\\pdf_convert\\vendor\\laravel\\framework\\src\\Illuminate\\View\\Middleware\\ShareErrorsFromSession.php(49): Illuminate\\Pipeline\\Pipeline->Illuminate\\Pipeline\\{closure}(Object(Illuminate\\Http\\Request))
#14 D:\\xampp\\htdocs\\current_sites\\pdf_convert\\vendor\\laravel\\framework\\src\\Illuminate\\Pipeline\\Pipeline.php(171): Illuminate\\View\\Middleware\\ShareErrorsFromSession->handle(Object(Illuminate\\Http\\Request), Object(Closure))
#15 D:\\xampp\\htdocs\\current_sites\\pdf_convert\\vendor\\laravel\\framework\\src\\Illuminate\\Session\\Middleware\\StartSession.php(56): Illuminate\\Pipeline\\Pipeline->Illuminate\\Pipeline\\{closure}(Object(Illuminate\\Http\\Request))
#16 D:\\xampp\\htdocs\\current_sites\\pdf_convert\\vendor\\laravel\\framework\\src\\Illuminate\\Pipeline\\Pipeline.php(171): Illuminate\\Session\\Middleware\\StartSession->handle(Object(Illuminate\\Http\\Request), Object(Closure))
#17 D:\\xampp\\htdocs\\current_sites\\pdf_convert\\vendor\\laravel\\framework\\src\\Illuminate\\Cookie\\Middleware\\AddQueuedCookiesToResponse.php(37): Illuminate\\Pipeline\\Pipeline->Illuminate\\Pipeline\\{closure}(Object(Illuminate\\Http\\Request))
#18 D:\\xampp\\htdocs\\current_sites\\pdf_convert\\vendor\\laravel\\framework\\src\\Illuminate\\Pipeline\\Pipeline.php(171): Illuminate\\Cookie\\Middleware\\AddQueuedCookiesToResponse->handle(Object(Illuminate\\Http\\Request), Object(Closure))
#19 D:\\xampp\\htdocs\\current_sites\\pdf_convert\\vendor\\laravel\\framework\\src\\Illuminate\\Cookie\\Middleware\\EncryptCookies.php(67): Illuminate\\Pipeline\\Pipeline->Illuminate\\Pipeline\\{closure}(Object(Illuminate\\Http\\Request))
#20 D:\\xampp\\htdocs\\current_sites\\pdf_convert\\vendor\\laravel\\framework\\src\\Illuminate\\Pipeline\\Pipeline.php(171): Illuminate\\Cookie\\Middleware\\EncryptCookies->handle(Object(Illuminate\\Http\\Request), Object(Closure))
#21 D:\\xampp\\htdocs\\current_sites\\pdf_convert\\vendor\\laravel\\framework\\src\\Illuminate\\Pipeline\\Pipeline.php(105): Illuminate\\Pipeline\\Pipeline->Illuminate\\Pipeline\\{closure}(Object(Illuminate\\Http\\Request))
#22 D:\\xampp\\htdocs\\current_sites\\pdf_convert\\vendor\\laravel\\framework\\src\\Illuminate\\Routing\\Router.php(683): Illuminate\\Pipeline\\Pipeline->then(Object(Closure))
#23 D:\\xampp\\htdocs\\current_sites\\pdf_convert\\vendor\\laravel\\framework\\src\\Illuminate\\Routing\\Router.php(658): Illuminate\\Routing\\Router->runRouteWithinStack(Object(Illuminate\\Routing\\Route), Object(Illuminate\\Http\\Request))
#24 D:\\xampp\\htdocs\\current_sites\\pdf_convert\\vendor\\laravel\\framework\\src\\Illuminate\\Routing\\Router.php(624): Illuminate\\Routing\\Router->runRoute(Object(Illuminate\\Http\\Request), Object(Illuminate\\Routing\\Route))
#25 D:\\xampp\\htdocs\\current_sites\\pdf_convert\\vendor\\laravel\\framework\\src\\Illuminate\\Routing\\Router.php(613): Illuminate\\Routing\\Router->dispatchToRoute(Object(Illuminate\\Http\\Request))
#26 D:\\xampp\\htdocs\\current_sites\\pdf_convert\\vendor\\laravel\\framework\\src\\Illuminate\\Foundation\\Http\\Kernel.php(170): Illuminate\\Routing\\Router->dispatch(Object(Illuminate\\Http\\Request))
#27 D:\\xampp\\htdocs\\current_sites\\pdf_convert\\vendor\\laravel\\framework\\src\\Illuminate\\Pipeline\\Pipeline.php(130): Illuminate\\Foundation\\Http\\Kernel->Illuminate\\Foundation\\Http\\{closure}(Object(Illuminate\\Http\\Request))
#28 D:\\xampp\\htdocs\\current_sites\\pdf_convert\\vendor\\laravel\\framework\\src\\Illuminate\\Foundation\\Http\\Middleware\\TransformsRequest.php(21): Illuminate\\Pipeline\\Pipeline->Illuminate\\Pipeline\\{closure}(Object(Illuminate\\Http\\Request))
#29 D:\\xampp\\htdocs\\current_sites\\pdf_convert\\vendor\\laravel\\framework\\src\\Illuminate\\Pipeline\\Pipeline.php(171): Illuminate\\Foundation\\Http\\Middleware\\TransformsRequest->handle(Object(Illuminate\\Http\\Request), Object(Closure))
#30 D:\\xampp\\htdocs\\current_sites\\pdf_convert\\vendor\\laravel\\framework\\src\\Illuminate\\Foundation\\Http\\Middleware\\TransformsRequest.php(21): Illuminate\\Pipeline\\Pipeline->Illuminate\\Pipeline\\{closure}(Object(Illuminate\\Http\\Request))
#31 D:\\xampp\\htdocs\\current_sites\\pdf_convert\\vendor\\laravel\\framework\\src\\Illuminate\\Pipeline\\Pipeline.php(171): Illuminate\\Foundation\\Http\\Middleware\\TransformsRequest->handle(Object(Illuminate\\Http\\Request), Object(Closure))
#32 D:\\xampp\\htdocs\\current_sites\\pdf_convert\\vendor\\laravel\\framework\\src\\Illuminate\\Foundation\\Http\\Middleware\\ValidatePostSize.php(27): Illuminate\\Pipeline\\Pipeline->Illuminate\\Pipeline\\{closure}(Object(Illuminate\\Http\\Request))
#33 D:\\xampp\\htdocs\\current_sites\\pdf_convert\\vendor\\laravel\\framework\\src\\Illuminate\\Pipeline\\Pipeline.php(171): Illuminate\\Foundation\\Http\\Middleware\\ValidatePostSize->handle(Object(Illuminate\\Http\\Request), Object(Closure))
#34 D:\\xampp\\htdocs\\current_sites\\pdf_convert\\vendor\\laravel\\framework\\src\\Illuminate\\Foundation\\Http\\Middleware\\CheckForMaintenanceMode.php(63): Illuminate\\Pipeline\\Pipeline->Illuminate\\Pipeline\\{closure}(Object(Illuminate\\Http\\Request))
#35 D:\\xampp\\htdocs\\current_sites\\pdf_convert\\vendor\\laravel\\framework\\src\\Illuminate\\Pipeline\\Pipeline.php(171): Illuminate\\Foundation\\Http\\Middleware\\CheckForMaintenanceMode->handle(Object(Illuminate\\Http\\Request), Object(Closure))
#36 D:\\xampp\\htdocs\\current_sites\\pdf_convert\\vendor\\fideloper\\proxy\\src\\TrustProxies.php(57): Illuminate\\Pipeline\\Pipeline->Illuminate\\Pipeline\\{closure}(Object(Illuminate\\Http\\Request))
#37 D:\\xampp\\htdocs\\current_sites\\pdf_convert\\vendor\\laravel\\framework\\src\\Illuminate\\Pipeline\\Pipeline.php(171): Fideloper\\Proxy\\TrustProxies->handle(Object(Illuminate\\Http\\Request), Object(Closure))
#38 D:\\xampp\\htdocs\\current_sites\\pdf_convert\\vendor\\laravel\\framework\\src\\Illuminate\\Pipeline\\Pipeline.php(105): Illuminate\\Pipeline\\Pipeline->Illuminate\\Pipeline\\{closure}(Object(Illuminate\\Http\\Request))
#39 D:\\xampp\\htdocs\\current_sites\\pdf_convert\\vendor\\laravel\\framework\\src\\Illuminate\\Foundation\\Http\\Kernel.php(145): Illuminate\\Pipeline\\Pipeline->then(Object(Closure))
#40 D:\\xampp\\htdocs\\current_sites\\pdf_convert\\vendor\\laravel\\framework\\src\\Illuminate\\Foundation\\Http\\Kernel.php(110): Illuminate\\Foundation\\Http\\Kernel->sendRequestThroughRouter(Object(Illuminate\\Http\\Request))
#41 D:\\xampp\\htdocs\\current_sites\\pdf_convert\\public\\index.php(55): Illuminate\\Foundation\\Http\\Kernel->handle(Object(Illuminate\\Http\\Request))
#42 D:\\xampp\\htdocs\\current_sites\\pdf_convert\\server.php(21): require_once('D:\\\\xampp\\\\htdocs...')
#43 {main}
"} 
[2021-01-26 23:23:39] local.ERROR: Undefined index: fileToUpload {"userId":2,"exception":"[object] (ErrorException(code: 0): Undefined index: fileToUpload at D:\\xampp\\htdocs\\current_sites\\pdf_convert\\app\\Http\\Controllers\\DataController.php:45)
[stacktrace]
#0 D:\\xampp\\htdocs\\current_sites\\pdf_convert\\app\\Http\\Controllers\\DataController.php(45): Illuminate\\Foundation\\Bootstrap\\HandleExceptions->handleError(8, 'Undefined index...', 'D:\\\\xampp\\\\htdocs...', 45, Array)
#1 D:\\xampp\\htdocs\\current_sites\\pdf_convert\\vendor\\laravel\\framework\\src\\Illuminate\\Routing\\Controller.php(54): App\\Http\\Controllers\\DataController->xlsxuploadingToJson()
#2 D:\\xampp\\htdocs\\current_sites\\pdf_convert\\vendor\\laravel\\framework\\src\\Illuminate\\Routing\\ControllerDispatcher.php(45): Illuminate\\Routing\\Controller->callAction('xlsxuploadingTo...', Array)
#3 D:\\xampp\\htdocs\\current_sites\\pdf_convert\\vendor\\laravel\\framework\\src\\Illuminate\\Routing\\Route.php(219): Illuminate\\Routing\\ControllerDispatcher->dispatch(Object(Illuminate\\Routing\\Route), Object(App\\Http\\Controllers\\DataController), 'xlsxuploadingTo...')
#4 D:\\xampp\\htdocs\\current_sites\\pdf_convert\\vendor\\laravel\\framework\\src\\Illuminate\\Routing\\Route.php(176): Illuminate\\Routing\\Route->runController()
#5 D:\\xampp\\htdocs\\current_sites\\pdf_convert\\vendor\\laravel\\framework\\src\\Illuminate\\Routing\\Router.php(681): Illuminate\\Routing\\Route->run()
#6 D:\\xampp\\htdocs\\current_sites\\pdf_convert\\vendor\\laravel\\framework\\src\\Illuminate\\Pipeline\\Pipeline.php(130): Illuminate\\Routing\\Router->Illuminate\\Routing\\{closure}(Object(Illuminate\\Http\\Request))
#7 D:\\xampp\\htdocs\\current_sites\\pdf_convert\\vendor\\laravel\\framework\\src\\Illuminate\\Routing\\Middleware\\SubstituteBindings.php(41): Illuminate\\Pipeline\\Pipeline->Illuminate\\Pipeline\\{closure}(Object(Illuminate\\Http\\Request))
#8 D:\\xampp\\htdocs\\current_sites\\pdf_convert\\vendor\\laravel\\framework\\src\\Illuminate\\Pipeline\\Pipeline.php(171): Illuminate\\Routing\\Middleware\\SubstituteBindings->handle(Object(Illuminate\\Http\\Request), Object(Closure))
#9 D:\\xampp\\htdocs\\current_sites\\pdf_convert\\vendor\\laravel\\framework\\src\\Illuminate\\Auth\\Middleware\\Authenticate.php(43): Illuminate\\Pipeline\\Pipeline->Illuminate\\Pipeline\\{closure}(Object(Illuminate\\Http\\Request))
#10 D:\\xampp\\htdocs\\current_sites\\pdf_convert\\vendor\\laravel\\framework\\src\\Illuminate\\Pipeline\\Pipeline.php(171): Illuminate\\Auth\\Middleware\\Authenticate->handle(Object(Illuminate\\Http\\Request), Object(Closure))
#11 D:\\xampp\\htdocs\\current_sites\\pdf_convert\\vendor\\laravel\\framework\\src\\Illuminate\\Foundation\\Http\\Middleware\\VerifyCsrfToken.php(77): Illuminate\\Pipeline\\Pipeline->Illuminate\\Pipeline\\{closure}(Object(Illuminate\\Http\\Request))
#12 D:\\xampp\\htdocs\\current_sites\\pdf_convert\\vendor\\laravel\\framework\\src\\Illuminate\\Pipeline\\Pipeline.php(171): Illuminate\\Foundation\\Http\\Middleware\\VerifyCsrfToken->handle(Object(Illuminate\\Http\\Request), Object(Closure))
#13 D:\\xampp\\htdocs\\current_sites\\pdf_convert\\vendor\\laravel\\framework\\src\\Illuminate\\View\\Middleware\\ShareErrorsFromSession.php(49): Illuminate\\Pipeline\\Pipeline->Illuminate\\Pipeline\\{closure}(Object(Illuminate\\Http\\Request))
#14 D:\\xampp\\htdocs\\current_sites\\pdf_convert\\vendor\\laravel\\framework\\src\\Illuminate\\Pipeline\\Pipeline.php(171): Illuminate\\View\\Middleware\\ShareErrorsFromSession->handle(Object(Illuminate\\Http\\Request), Object(Closure))
#15 D:\\xampp\\htdocs\\current_sites\\pdf_convert\\vendor\\laravel\\framework\\src\\Illuminate\\Session\\Middleware\\StartSession.php(56): Illuminate\\Pipeline\\Pipeline->Illuminate\\Pipeline\\{closure}(Object(Illuminate\\Http\\Request))
#16 D:\\xampp\\htdocs\\current_sites\\pdf_convert\\vendor\\laravel\\framework\\src\\Illuminate\\Pipeline\\Pipeline.php(171): Illuminate\\Session\\Middleware\\StartSession->handle(Object(Illuminate\\Http\\Request), Object(Closure))
#17 D:\\xampp\\htdocs\\current_sites\\pdf_convert\\vendor\\laravel\\framework\\src\\Illuminate\\Cookie\\Middleware\\AddQueuedCookiesToResponse.php(37): Illuminate\\Pipeline\\Pipeline->Illuminate\\Pipeline\\{closure}(Object(Illuminate\\Http\\Request))
#18 D:\\xampp\\htdocs\\current_sites\\pdf_convert\\vendor\\laravel\\framework\\src\\Illuminate\\Pipeline\\Pipeline.php(171): Illuminate\\Cookie\\Middleware\\AddQueuedCookiesToResponse->handle(Object(Illuminate\\Http\\Request), Object(Closure))
#19 D:\\xampp\\htdocs\\current_sites\\pdf_convert\\vendor\\laravel\\framework\\src\\Illuminate\\Cookie\\Middleware\\EncryptCookies.php(67): Illuminate\\Pipeline\\Pipeline->Illuminate\\Pipeline\\{closure}(Object(Illuminate\\Http\\Request))
#20 D:\\xampp\\htdocs\\current_sites\\pdf_convert\\vendor\\laravel\\framework\\src\\Illuminate\\Pipeline\\Pipeline.php(171): Illuminate\\Cookie\\Middleware\\EncryptCookies->handle(Object(Illuminate\\Http\\Request), Object(Closure))
#21 D:\\xampp\\htdocs\\current_sites\\pdf_convert\\vendor\\laravel\\framework\\src\\Illuminate\\Pipeline\\Pipeline.php(105): Illuminate\\Pipeline\\Pipeline->Illuminate\\Pipeline\\{closure}(Object(Illuminate\\Http\\Request))
#22 D:\\xampp\\htdocs\\current_sites\\pdf_convert\\vendor\\laravel\\framework\\src\\Illuminate\\Routing\\Router.php(683): Illuminate\\Pipeline\\Pipeline->then(Object(Closure))
#23 D:\\xampp\\htdocs\\current_sites\\pdf_convert\\vendor\\laravel\\framework\\src\\Illuminate\\Routing\\Router.php(658): Illuminate\\Routing\\Router->runRouteWithinStack(Object(Illuminate\\Routing\\Route), Object(Illuminate\\Http\\Request))
#24 D:\\xampp\\htdocs\\current_sites\\pdf_convert\\vendor\\laravel\\framework\\src\\Illuminate\\Routing\\Router.php(624): Illuminate\\Routing\\Router->runRoute(Object(Illuminate\\Http\\Request), Object(Illuminate\\Routing\\Route))
#25 D:\\xampp\\htdocs\\current_sites\\pdf_convert\\vendor\\laravel\\framework\\src\\Illuminate\\Routing\\Router.php(613): Illuminate\\Routing\\Router->dispatchToRoute(Object(Illuminate\\Http\\Request))
#26 D:\\xampp\\htdocs\\current_sites\\pdf_convert\\vendor\\laravel\\framework\\src\\Illuminate\\Foundation\\Http\\Kernel.php(170): Illuminate\\Routing\\Router->dispatch(Object(Illuminate\\Http\\Request))
#27 D:\\xampp\\htdocs\\current_sites\\pdf_convert\\vendor\\laravel\\framework\\src\\Illuminate\\Pipeline\\Pipeline.php(130): Illuminate\\Foundation\\Http\\Kernel->Illuminate\\Foundation\\Http\\{closure}(Object(Illuminate\\Http\\Request))
#28 D:\\xampp\\htdocs\\current_sites\\pdf_convert\\vendor\\laravel\\framework\\src\\Illuminate\\Foundation\\Http\\Middleware\\TransformsRequest.php(21): Illuminate\\Pipeline\\Pipeline->Illuminate\\Pipeline\\{closure}(Object(Illuminate\\Http\\Request))
#29 D:\\xampp\\htdocs\\current_sites\\pdf_convert\\vendor\\laravel\\framework\\src\\Illuminate\\Pipeline\\Pipeline.php(171): Illuminate\\Foundation\\Http\\Middleware\\TransformsRequest->handle(Object(Illuminate\\Http\\Request), Object(Closure))
#30 D:\\xampp\\htdocs\\current_sites\\pdf_convert\\vendor\\laravel\\framework\\src\\Illuminate\\Foundation\\Http\\Middleware\\TransformsRequest.php(21): Illuminate\\Pipeline\\Pipeline->Illuminate\\Pipeline\\{closure}(Object(Illuminate\\Http\\Request))
#31 D:\\xampp\\htdocs\\current_sites\\pdf_convert\\vendor\\laravel\\framework\\src\\Illuminate\\Pipeline\\Pipeline.php(171): Illuminate\\Foundation\\Http\\Middleware\\TransformsRequest->handle(Object(Illuminate\\Http\\Request), Object(Closure))
#32 D:\\xampp\\htdocs\\current_sites\\pdf_convert\\vendor\\laravel\\framework\\src\\Illuminate\\Foundation\\Http\\Middleware\\ValidatePostSize.php(27): Illuminate\\Pipeline\\Pipeline->Illuminate\\Pipeline\\{closure}(Object(Illuminate\\Http\\Request))
#33 D:\\xampp\\htdocs\\current_sites\\pdf_convert\\vendor\\laravel\\framework\\src\\Illuminate\\Pipeline\\Pipeline.php(171): Illuminate\\Foundation\\Http\\Middleware\\ValidatePostSize->handle(Object(Illuminate\\Http\\Request), Object(Closure))
#34 D:\\xampp\\htdocs\\current_sites\\pdf_convert\\vendor\\laravel\\framework\\src\\Illuminate\\Foundation\\Http\\Middleware\\CheckForMaintenanceMode.php(63): Illuminate\\Pipeline\\Pipeline->Illuminate\\Pipeline\\{closure}(Object(Illuminate\\Http\\Request))
#35 D:\\xampp\\htdocs\\current_sites\\pdf_convert\\vendor\\laravel\\framework\\src\\Illuminate\\Pipeline\\Pipeline.php(171): Illuminate\\Foundation\\Http\\Middleware\\CheckForMaintenanceMode->handle(Object(Illuminate\\Http\\Request), Object(Closure))
#36 D:\\xampp\\htdocs\\current_sites\\pdf_convert\\vendor\\fideloper\\proxy\\src\\TrustProxies.php(57): Illuminate\\Pipeline\\Pipeline->Illuminate\\Pipeline\\{closure}(Object(Illuminate\\Http\\Request))
#37 D:\\xampp\\htdocs\\current_sites\\pdf_convert\\vendor\\laravel\\framework\\src\\Illuminate\\Pipeline\\Pipeline.php(171): Fideloper\\Proxy\\TrustProxies->handle(Object(Illuminate\\Http\\Request), Object(Closure))
#38 D:\\xampp\\htdocs\\current_sites\\pdf_convert\\vendor\\laravel\\framework\\src\\Illuminate\\Pipeline\\Pipeline.php(105): Illuminate\\Pipeline\\Pipeline->Illuminate\\Pipeline\\{closure}(Object(Illuminate\\Http\\Request))
#39 D:\\xampp\\htdocs\\current_sites\\pdf_convert\\vendor\\laravel\\framework\\src\\Illuminate\\Foundation\\Http\\Kernel.php(145): Illuminate\\Pipeline\\Pipeline->then(Object(Closure))
#40 D:\\xampp\\htdocs\\current_sites\\pdf_convert\\vendor\\laravel\\framework\\src\\Illuminate\\Foundation\\Http\\Kernel.php(110): Illuminate\\Foundation\\Http\\Kernel->sendRequestThroughRouter(Object(Illuminate\\Http\\Request))
#41 D:\\xampp\\htdocs\\current_sites\\pdf_convert\\public\\index.php(55): Illuminate\\Foundation\\Http\\Kernel->handle(Object(Illuminate\\Http\\Request))
#42 D:\\xampp\\htdocs\\current_sites\\pdf_convert\\server.php(21): require_once('D:\\\\xampp\\\\htdocs...')
#43 {main}
"} 
[2021-01-26 23:25:13] local.INFO: array (
  0 => 
  (object) array(
     'ID' => 1,
     'Last name' => 'BOBO',
     'First name' => 'Steve',
     'City' => 'London',
     'Telephone no' => 4784515789,
     'E-mail' => 'email01@email.com',
     'Birthday_date' => '"1/1/1985"',
     'fields_01' => 'TEST 1 ',
     'fields_02' => 'TEST 2',
     'fields_03' => 'TEST 3',
     'fields_04' => 'TEST 4',
     'fields_05' => 'TEST 5',
     'fields_06' => 'TEST 6',
     'fields_07' => 'TEST 7',
     'fields_08' => 'TEST 8',
     'fields_09' => 'TEST 9',
     'fields_10' => 'TEST 10',
  ),
  1 => 
  (object) array(
     'ID' => 2,
     'Last name' => 'TOTO',
     'First name' => 'Bob',
     'City' => 'Paris',
     'Telephone no' => 6985748512,
     'E-mail' => 'email02@email.com',
     'Birthday_date' => '"2/1/1986"',
     'fields_01' => 'TEST 1 ',
     'fields_02' => 'TEST 2',
     'fields_03' => 'TEST 3',
     'fields_04' => 'TEST 4',
     'fields_05' => 'TEST 5',
     'fields_06' => 'TEST 6',
     'fields_07' => 'TEST 7',
     'fields_08' => 'TEST 8',
     'fields_09' => 'TEST 9',
     'fields_10' => 'TEST 10',
  ),
  2 => 
  (object) array(
     'ID' => 3,
     'Last name' => 'RIRI',
     'First name' => 'John',
     'City' => 'New York',
     'Telephone no' => 2350487541,
     'E-mail' => 'email03@email.com',
     'Birthday_date' => '"3/1/1987"',
     'fields_01' => 'TEST 1 ',
     'fields_02' => 'TEST 2',
     'fields_03' => 'TEST 3',
     'fields_04' => 'TEST 4',
     'fields_05' => 'TEST 5',
     'fields_06' => 'TEST 6',
     'fields_07' => 'TEST 7',
     'fields_08' => 'TEST 8',
     'fields_09' => 'TEST 9',
     'fields_10' => 'TEST 10',
  ),
)  
[2021-01-26 23:26:23] local.INFO: array (
  0 => 
  (object) array(
     'ID' => 1,
     'Last name' => 'BOBO',
     'First name' => 'Steve',
     'City' => 'London',
     'Telephone no' => 4784515789,
     'E-mail' => 'email01@email.com',
     'Birthday_date' => '"1/1/1985"',
     'fields_01' => 'TEST 1 ',
     'fields_02' => 'TEST 2',
     'fields_03' => 'TEST 3',
     'fields_04' => 'TEST 4',
     'fields_05' => 'TEST 5',
     'fields_06' => 'TEST 6',
     'fields_07' => 'TEST 7',
     'fields_08' => 'TEST 8',
     'fields_09' => 'TEST 9',
     'fields_10' => 'TEST 10',
  ),
  1 => 
  (object) array(
     'ID' => 2,
     'Last name' => 'TOTO',
     'First name' => 'Bob',
     'City' => 'Paris',
     'Telephone no' => 6985748512,
     'E-mail' => 'email02@email.com',
     'Birthday_date' => '"2/1/1986"',
     'fields_01' => 'TEST 1 ',
     'fields_02' => 'TEST 2',
     'fields_03' => 'TEST 3',
     'fields_04' => 'TEST 4',
     'fields_05' => 'TEST 5',
     'fields_06' => 'TEST 6',
     'fields_07' => 'TEST 7',
     'fields_08' => 'TEST 8',
     'fields_09' => 'TEST 9',
     'fields_10' => 'TEST 10',
  ),
  2 => 
  (object) array(
     'ID' => 3,
     'Last name' => 'RIRI',
     'First name' => 'John',
     'City' => 'New York',
     'Telephone no' => 2350487541,
     'E-mail' => 'email03@email.com',
     'Birthday_date' => '"3/1/1987"',
     'fields_01' => 'TEST 1 ',
     'fields_02' => 'TEST 2',
     'fields_03' => 'TEST 3',
     'fields_04' => 'TEST 4',
     'fields_05' => 'TEST 5',
     'fields_06' => 'TEST 6',
     'fields_07' => 'TEST 7',
     'fields_08' => 'TEST 8',
     'fields_09' => 'TEST 9',
     'fields_10' => 'TEST 10',
  ),
)  
[2021-01-26 23:36:19] local.INFO: [{"id":29,"task_name":"test","task_ticket":"test","start_date":"13\/01\/2021","end_date":"20\/01\/2021","status":"En cours","author":"test","folder_dir":"test"}]  
[2021-01-26 23:36:35] local.INFO: array (
  0 => 
  (object) array(
     'ID' => 1,
     'Last name' => 'BOBO',
     'First name' => 'Steve',
     'City' => 'London',
     'Telephone no' => 4784515789,
     'E-mail' => 'email01@email.com',
     'Birthday_date' => '"1/1/1985"',
     'fields_01' => 'TEST 1 ',
     'fields_02' => 'TEST 2',
     'fields_03' => 'TEST 3',
     'fields_04' => 'TEST 4',
     'fields_05' => 'TEST 5',
     'fields_06' => 'TEST 6',
     'fields_07' => 'TEST 7',
     'fields_08' => 'TEST 8',
     'fields_09' => 'TEST 9',
     'fields_10' => 'TEST 10',
  ),
  1 => 
  (object) array(
     'ID' => 2,
     'Last name' => 'TOTO',
     'First name' => 'Bob',
     'City' => 'Paris',
     'Telephone no' => 6985748512,
     'E-mail' => 'email02@email.com',
     'Birthday_date' => '"2/1/1986"',
     'fields_01' => 'TEST 1 ',
     'fields_02' => 'TEST 2',
     'fields_03' => 'TEST 3',
     'fields_04' => 'TEST 4',
     'fields_05' => 'TEST 5',
     'fields_06' => 'TEST 6',
     'fields_07' => 'TEST 7',
     'fields_08' => 'TEST 8',
     'fields_09' => 'TEST 9',
     'fields_10' => 'TEST 10',
  ),
  2 => 
  (object) array(
     'ID' => 3,
     'Last name' => 'RIRI',
     'First name' => 'John',
     'City' => 'New York',
     'Telephone no' => 2350487541,
     'E-mail' => 'email03@email.com',
     'Birthday_date' => '"3/1/1987"',
     'fields_01' => 'TEST 1 ',
     'fields_02' => 'TEST 2',
     'fields_03' => 'TEST 3',
     'fields_04' => 'TEST 4',
     'fields_05' => 'TEST 5',
     'fields_06' => 'TEST 6',
     'fields_07' => 'TEST 7',
     'fields_08' => 'TEST 8',
     'fields_09' => 'TEST 9',
     'fields_10' => 'TEST 10',
  ),
)  
