[2021-01-10 23:12:13] local.INFO: array (
  0 => 
  array (
    0 => 'sample_test',
    1 => '10/01/2021 - 16:47',
    2 => 'test',
    3 => 3,
  ),
  1 => 
  array (
    0 => 'sample_500',
    1 => '10/01/2021 - 16:56',
    2 => 'test',
    3 => 509,
  ),
  2 => 
  array (
    0 => 'test_test_test',
    1 => '10/01/2021 - 17:03',
    2 => 'test',
    3 => 3,
  ),
  3 => 
  array (
    0 => 'test_vitaily',
    1 => '10/01/2021 - 17:07',
    2 => 'test',
    3 => 3,
  ),
)  
[2021-01-10 23:12:13] local.ERROR: Cannot use a scalar value as an array {"userId":2,"exception":"[object] (ErrorException(code: 0): Cannot use a scalar value as an array at D:\\xampp\\htdocs\\pdf_convert\\app\\Http\\Controllers\\DataController.php:119)
[stacktrace]
#0 D:\\xampp\\htdocs\\pdf_convert\\app\\Http\\Controllers\\DataController.php(119): Illuminate\\Foundation\\Bootstrap\\HandleExceptions->handleError(2, 'Cannot use a sc...', 'D:\\\\xampp\\\\htdocs...', 119, Array)
#1 D:\\xampp\\htdocs\\pdf_convert\\vendor\\laravel\\framework\\src\\Illuminate\\Routing\\Controller.php(54): App\\Http\\Controllers\\DataController->xlsxuploadingToJson()
#2 D:\\xampp\\htdocs\\pdf_convert\\vendor\\laravel\\framework\\src\\Illuminate\\Routing\\ControllerDispatcher.php(45): Illuminate\\Routing\\Controller->callAction('xlsxuploadingTo...', Array)
#3 D:\\xampp\\htdocs\\pdf_convert\\vendor\\laravel\\framework\\src\\Illuminate\\Routing\\Route.php(219): Illuminate\\Routing\\ControllerDispatcher->dispatch(Object(Illuminate\\Routing\\Route), Object(App\\Http\\Controllers\\DataController), 'xlsxuploadingTo...')
#4 D:\\xampp\\htdocs\\pdf_convert\\vendor\\laravel\\framework\\src\\Illuminate\\Routing\\Route.php(176): Illuminate\\Routing\\Route->runController()
#5 D:\\xampp\\htdocs\\pdf_convert\\vendor\\laravel\\framework\\src\\Illuminate\\Routing\\Router.php(681): Illuminate\\Routing\\Route->run()
#6 D:\\xampp\\htdocs\\pdf_convert\\vendor\\laravel\\framework\\src\\Illuminate\\Pipeline\\Pipeline.php(130): Illuminate\\Routing\\Router->Illuminate\\Routing\\{closure}(Object(Illuminate\\Http\\Request))
#7 D:\\xampp\\htdocs\\pdf_convert\\vendor\\laravel\\framework\\src\\Illuminate\\Routing\\Middleware\\SubstituteBindings.php(41): Illuminate\\Pipeline\\Pipeline->Illuminate\\Pipeline\\{closure}(Object(Illuminate\\Http\\Request))
#8 D:\\xampp\\htdocs\\pdf_convert\\vendor\\laravel\\framework\\src\\Illuminate\\Pipeline\\Pipeline.php(171): Illuminate\\Routing\\Middleware\\SubstituteBindings->handle(Object(Illuminate\\Http\\Request), Object(Closure))
#9 D:\\xampp\\htdocs\\pdf_convert\\vendor\\laravel\\framework\\src\\Illuminate\\Auth\\Middleware\\Authenticate.php(43): Illuminate\\Pipeline\\Pipeline->Illuminate\\Pipeline\\{closure}(Object(Illuminate\\Http\\Request))
#10 D:\\xampp\\htdocs\\pdf_convert\\vendor\\laravel\\framework\\src\\Illuminate\\Pipeline\\Pipeline.php(171): Illuminate\\Auth\\Middleware\\Authenticate->handle(Object(Illuminate\\Http\\Request), Object(Closure))
#11 D:\\xampp\\htdocs\\pdf_convert\\vendor\\laravel\\framework\\src\\Illuminate\\Foundation\\Http\\Middleware\\VerifyCsrfToken.php(77): Illuminate\\Pipeline\\Pipeline->Illuminate\\Pipeline\\{closure}(Object(Illuminate\\Http\\Request))
#12 D:\\xampp\\htdocs\\pdf_convert\\vendor\\laravel\\framework\\src\\Illuminate\\Pipeline\\Pipeline.php(171): Illuminate\\Foundation\\Http\\Middleware\\VerifyCsrfToken->handle(Object(Illuminate\\Http\\Request), Object(Closure))
#13 D:\\xampp\\htdocs\\pdf_convert\\vendor\\laravel\\framework\\src\\Illuminate\\View\\Middleware\\ShareErrorsFromSession.php(49): Illuminate\\Pipeline\\Pipeline->Illuminate\\Pipeline\\{closure}(Object(Illuminate\\Http\\Request))
#14 D:\\xampp\\htdocs\\pdf_convert\\vendor\\laravel\\framework\\src\\Illuminate\\Pipeline\\Pipeline.php(171): Illuminate\\View\\Middleware\\ShareErrorsFromSession->handle(Object(Illuminate\\Http\\Request), Object(Closure))
#15 D:\\xampp\\htdocs\\pdf_convert\\vendor\\laravel\\framework\\src\\Illuminate\\Session\\Middleware\\StartSession.php(56): Illuminate\\Pipeline\\Pipeline->Illuminate\\Pipeline\\{closure}(Object(Illuminate\\Http\\Request))
#16 D:\\xampp\\htdocs\\pdf_convert\\vendor\\laravel\\framework\\src\\Illuminate\\Pipeline\\Pipeline.php(171): Illuminate\\Session\\Middleware\\StartSession->handle(Object(Illuminate\\Http\\Request), Object(Closure))
#17 D:\\xampp\\htdocs\\pdf_convert\\vendor\\laravel\\framework\\src\\Illuminate\\Cookie\\Middleware\\AddQueuedCookiesToResponse.php(37): Illuminate\\Pipeline\\Pipeline->Illuminate\\Pipeline\\{closure}(Object(Illuminate\\Http\\Request))
#18 D:\\xampp\\htdocs\\pdf_convert\\vendor\\laravel\\framework\\src\\Illuminate\\Pipeline\\Pipeline.php(171): Illuminate\\Cookie\\Middleware\\AddQueuedCookiesToResponse->handle(Object(Illuminate\\Http\\Request), Object(Closure))
#19 D:\\xampp\\htdocs\\pdf_convert\\vendor\\laravel\\framework\\src\\Illuminate\\Cookie\\Middleware\\EncryptCookies.php(67): Illuminate\\Pipeline\\Pipeline->Illuminate\\Pipeline\\{closure}(Object(Illuminate\\Http\\Request))
#20 D:\\xampp\\htdocs\\pdf_convert\\vendor\\laravel\\framework\\src\\Illuminate\\Pipeline\\Pipeline.php(171): Illuminate\\Cookie\\Middleware\\EncryptCookies->handle(Object(Illuminate\\Http\\Request), Object(Closure))
#21 D:\\xampp\\htdocs\\pdf_convert\\vendor\\laravel\\framework\\src\\Illuminate\\Pipeline\\Pipeline.php(105): Illuminate\\Pipeline\\Pipeline->Illuminate\\Pipeline\\{closure}(Object(Illuminate\\Http\\Request))
#22 D:\\xampp\\htdocs\\pdf_convert\\vendor\\laravel\\framework\\src\\Illuminate\\Routing\\Router.php(683): Illuminate\\Pipeline\\Pipeline->then(Object(Closure))
#23 D:\\xampp\\htdocs\\pdf_convert\\vendor\\laravel\\framework\\src\\Illuminate\\Routing\\Router.php(658): Illuminate\\Routing\\Router->runRouteWithinStack(Object(Illuminate\\Routing\\Route), Object(Illuminate\\Http\\Request))
#24 D:\\xampp\\htdocs\\pdf_convert\\vendor\\laravel\\framework\\src\\Illuminate\\Routing\\Router.php(624): Illuminate\\Routing\\Router->runRoute(Object(Illuminate\\Http\\Request), Object(Illuminate\\Routing\\Route))
#25 D:\\xampp\\htdocs\\pdf_convert\\vendor\\laravel\\framework\\src\\Illuminate\\Routing\\Router.php(613): Illuminate\\Routing\\Router->dispatchToRoute(Object(Illuminate\\Http\\Request))
#26 D:\\xampp\\htdocs\\pdf_convert\\vendor\\laravel\\framework\\src\\Illuminate\\Foundation\\Http\\Kernel.php(170): Illuminate\\Routing\\Router->dispatch(Object(Illuminate\\Http\\Request))
#27 D:\\xampp\\htdocs\\pdf_convert\\vendor\\laravel\\framework\\src\\Illuminate\\Pipeline\\Pipeline.php(130): Illuminate\\Foundation\\Http\\Kernel->Illuminate\\Foundation\\Http\\{closure}(Object(Illuminate\\Http\\Request))
#28 D:\\xampp\\htdocs\\pdf_convert\\vendor\\laravel\\framework\\src\\Illuminate\\Foundation\\Http\\Middleware\\TransformsRequest.php(21): Illuminate\\Pipeline\\Pipeline->Illuminate\\Pipeline\\{closure}(Object(Illuminate\\Http\\Request))
#29 D:\\xampp\\htdocs\\pdf_convert\\vendor\\laravel\\framework\\src\\Illuminate\\Pipeline\\Pipeline.php(171): Illuminate\\Foundation\\Http\\Middleware\\TransformsRequest->handle(Object(Illuminate\\Http\\Request), Object(Closure))
#30 D:\\xampp\\htdocs\\pdf_convert\\vendor\\laravel\\framework\\src\\Illuminate\\Foundation\\Http\\Middleware\\TransformsRequest.php(21): Illuminate\\Pipeline\\Pipeline->Illuminate\\Pipeline\\{closure}(Object(Illuminate\\Http\\Request))
#31 D:\\xampp\\htdocs\\pdf_convert\\vendor\\laravel\\framework\\src\\Illuminate\\Pipeline\\Pipeline.php(171): Illuminate\\Foundation\\Http\\Middleware\\TransformsRequest->handle(Object(Illuminate\\Http\\Request), Object(Closure))
#32 D:\\xampp\\htdocs\\pdf_convert\\vendor\\laravel\\framework\\src\\Illuminate\\Foundation\\Http\\Middleware\\ValidatePostSize.php(27): Illuminate\\Pipeline\\Pipeline->Illuminate\\Pipeline\\{closure}(Object(Illuminate\\Http\\Request))
#33 D:\\xampp\\htdocs\\pdf_convert\\vendor\\laravel\\framework\\src\\Illuminate\\Pipeline\\Pipeline.php(171): Illuminate\\Foundation\\Http\\Middleware\\ValidatePostSize->handle(Object(Illuminate\\Http\\Request), Object(Closure))
#34 D:\\xampp\\htdocs\\pdf_convert\\vendor\\laravel\\framework\\src\\Illuminate\\Foundation\\Http\\Middleware\\CheckForMaintenanceMode.php(63): Illuminate\\Pipeline\\Pipeline->Illuminate\\Pipeline\\{closure}(Object(Illuminate\\Http\\Request))
#35 D:\\xampp\\htdocs\\pdf_convert\\vendor\\laravel\\framework\\src\\Illuminate\\Pipeline\\Pipeline.php(171): Illuminate\\Foundation\\Http\\Middleware\\CheckForMaintenanceMode->handle(Object(Illuminate\\Http\\Request), Object(Closure))
#36 D:\\xampp\\htdocs\\pdf_convert\\vendor\\fideloper\\proxy\\src\\TrustProxies.php(57): Illuminate\\Pipeline\\Pipeline->Illuminate\\Pipeline\\{closure}(Object(Illuminate\\Http\\Request))
#37 D:\\xampp\\htdocs\\pdf_convert\\vendor\\laravel\\framework\\src\\Illuminate\\Pipeline\\Pipeline.php(171): Fideloper\\Proxy\\TrustProxies->handle(Object(Illuminate\\Http\\Request), Object(Closure))
#38 D:\\xampp\\htdocs\\pdf_convert\\vendor\\laravel\\framework\\src\\Illuminate\\Pipeline\\Pipeline.php(105): Illuminate\\Pipeline\\Pipeline->Illuminate\\Pipeline\\{closure}(Object(Illuminate\\Http\\Request))
#39 D:\\xampp\\htdocs\\pdf_convert\\vendor\\laravel\\framework\\src\\Illuminate\\Foundation\\Http\\Kernel.php(145): Illuminate\\Pipeline\\Pipeline->then(Object(Closure))
#40 D:\\xampp\\htdocs\\pdf_convert\\vendor\\laravel\\framework\\src\\Illuminate\\Foundation\\Http\\Kernel.php(110): Illuminate\\Foundation\\Http\\Kernel->sendRequestThroughRouter(Object(Illuminate\\Http\\Request))
#41 D:\\xampp\\htdocs\\pdf_convert\\public\\index.php(55): Illuminate\\Foundation\\Http\\Kernel->handle(Object(Illuminate\\Http\\Request))
#42 D:\\xampp\\htdocs\\pdf_convert\\server.php(21): require_once('D:\\\\xampp\\\\htdocs...')
#43 {main}
"} 
[2021-01-10 23:12:37] local.INFO: array (
  0 => 
  array (
    0 => 'sample_test',
    1 => '10/01/2021 - 16:47',
    2 => 'test',
    3 => 3,
  ),
  1 => 
  array (
    0 => 'sample_500',
    1 => '10/01/2021 - 16:56',
    2 => 'test',
    3 => 509,
  ),
  2 => 
  array (
    0 => 'test_test_test',
    1 => '10/01/2021 - 17:03',
    2 => 'test',
    3 => 3,
  ),
  3 => 
  array (
    0 => 'test_vitaily',
    1 => '10/01/2021 - 17:07',
    2 => 'test',
    3 => 3,
  ),
)  
[2021-01-10 23:12:37] local.INFO: 5  
[2021-01-10 23:12:37] local.ERROR: Cannot use a scalar value as an array {"userId":2,"exception":"[object] (ErrorException(code: 0): Cannot use a scalar value as an array at D:\\xampp\\htdocs\\pdf_convert\\app\\Http\\Controllers\\DataController.php:120)
[stacktrace]
#0 D:\\xampp\\htdocs\\pdf_convert\\app\\Http\\Controllers\\DataController.php(120): Illuminate\\Foundation\\Bootstrap\\HandleExceptions->handleError(2, 'Cannot use a sc...', 'D:\\\\xampp\\\\htdocs...', 120, Array)
#1 D:\\xampp\\htdocs\\pdf_convert\\vendor\\laravel\\framework\\src\\Illuminate\\Routing\\Controller.php(54): App\\Http\\Controllers\\DataController->xlsxuploadingToJson()
#2 D:\\xampp\\htdocs\\pdf_convert\\vendor\\laravel\\framework\\src\\Illuminate\\Routing\\ControllerDispatcher.php(45): Illuminate\\Routing\\Controller->callAction('xlsxuploadingTo...', Array)
#3 D:\\xampp\\htdocs\\pdf_convert\\vendor\\laravel\\framework\\src\\Illuminate\\Routing\\Route.php(219): Illuminate\\Routing\\ControllerDispatcher->dispatch(Object(Illuminate\\Routing\\Route), Object(App\\Http\\Controllers\\DataController), 'xlsxuploadingTo...')
#4 D:\\xampp\\htdocs\\pdf_convert\\vendor\\laravel\\framework\\src\\Illuminate\\Routing\\Route.php(176): Illuminate\\Routing\\Route->runController()
#5 D:\\xampp\\htdocs\\pdf_convert\\vendor\\laravel\\framework\\src\\Illuminate\\Routing\\Router.php(681): Illuminate\\Routing\\Route->run()
#6 D:\\xampp\\htdocs\\pdf_convert\\vendor\\laravel\\framework\\src\\Illuminate\\Pipeline\\Pipeline.php(130): Illuminate\\Routing\\Router->Illuminate\\Routing\\{closure}(Object(Illuminate\\Http\\Request))
#7 D:\\xampp\\htdocs\\pdf_convert\\vendor\\laravel\\framework\\src\\Illuminate\\Routing\\Middleware\\SubstituteBindings.php(41): Illuminate\\Pipeline\\Pipeline->Illuminate\\Pipeline\\{closure}(Object(Illuminate\\Http\\Request))
#8 D:\\xampp\\htdocs\\pdf_convert\\vendor\\laravel\\framework\\src\\Illuminate\\Pipeline\\Pipeline.php(171): Illuminate\\Routing\\Middleware\\SubstituteBindings->handle(Object(Illuminate\\Http\\Request), Object(Closure))
#9 D:\\xampp\\htdocs\\pdf_convert\\vendor\\laravel\\framework\\src\\Illuminate\\Auth\\Middleware\\Authenticate.php(43): Illuminate\\Pipeline\\Pipeline->Illuminate\\Pipeline\\{closure}(Object(Illuminate\\Http\\Request))
#10 D:\\xampp\\htdocs\\pdf_convert\\vendor\\laravel\\framework\\src\\Illuminate\\Pipeline\\Pipeline.php(171): Illuminate\\Auth\\Middleware\\Authenticate->handle(Object(Illuminate\\Http\\Request), Object(Closure))
#11 D:\\xampp\\htdocs\\pdf_convert\\vendor\\laravel\\framework\\src\\Illuminate\\Foundation\\Http\\Middleware\\VerifyCsrfToken.php(77): Illuminate\\Pipeline\\Pipeline->Illuminate\\Pipeline\\{closure}(Object(Illuminate\\Http\\Request))
#12 D:\\xampp\\htdocs\\pdf_convert\\vendor\\laravel\\framework\\src\\Illuminate\\Pipeline\\Pipeline.php(171): Illuminate\\Foundation\\Http\\Middleware\\VerifyCsrfToken->handle(Object(Illuminate\\Http\\Request), Object(Closure))
#13 D:\\xampp\\htdocs\\pdf_convert\\vendor\\laravel\\framework\\src\\Illuminate\\View\\Middleware\\ShareErrorsFromSession.php(49): Illuminate\\Pipeline\\Pipeline->Illuminate\\Pipeline\\{closure}(Object(Illuminate\\Http\\Request))
#14 D:\\xampp\\htdocs\\pdf_convert\\vendor\\laravel\\framework\\src\\Illuminate\\Pipeline\\Pipeline.php(171): Illuminate\\View\\Middleware\\ShareErrorsFromSession->handle(Object(Illuminate\\Http\\Request), Object(Closure))
#15 D:\\xampp\\htdocs\\pdf_convert\\vendor\\laravel\\framework\\src\\Illuminate\\Session\\Middleware\\StartSession.php(56): Illuminate\\Pipeline\\Pipeline->Illuminate\\Pipeline\\{closure}(Object(Illuminate\\Http\\Request))
#16 D:\\xampp\\htdocs\\pdf_convert\\vendor\\laravel\\framework\\src\\Illuminate\\Pipeline\\Pipeline.php(171): Illuminate\\Session\\Middleware\\StartSession->handle(Object(Illuminate\\Http\\Request), Object(Closure))
#17 D:\\xampp\\htdocs\\pdf_convert\\vendor\\laravel\\framework\\src\\Illuminate\\Cookie\\Middleware\\AddQueuedCookiesToResponse.php(37): Illuminate\\Pipeline\\Pipeline->Illuminate\\Pipeline\\{closure}(Object(Illuminate\\Http\\Request))
#18 D:\\xampp\\htdocs\\pdf_convert\\vendor\\laravel\\framework\\src\\Illuminate\\Pipeline\\Pipeline.php(171): Illuminate\\Cookie\\Middleware\\AddQueuedCookiesToResponse->handle(Object(Illuminate\\Http\\Request), Object(Closure))
#19 D:\\xampp\\htdocs\\pdf_convert\\vendor\\laravel\\framework\\src\\Illuminate\\Cookie\\Middleware\\EncryptCookies.php(67): Illuminate\\Pipeline\\Pipeline->Illuminate\\Pipeline\\{closure}(Object(Illuminate\\Http\\Request))
#20 D:\\xampp\\htdocs\\pdf_convert\\vendor\\laravel\\framework\\src\\Illuminate\\Pipeline\\Pipeline.php(171): Illuminate\\Cookie\\Middleware\\EncryptCookies->handle(Object(Illuminate\\Http\\Request), Object(Closure))
#21 D:\\xampp\\htdocs\\pdf_convert\\vendor\\laravel\\framework\\src\\Illuminate\\Pipeline\\Pipeline.php(105): Illuminate\\Pipeline\\Pipeline->Illuminate\\Pipeline\\{closure}(Object(Illuminate\\Http\\Request))
#22 D:\\xampp\\htdocs\\pdf_convert\\vendor\\laravel\\framework\\src\\Illuminate\\Routing\\Router.php(683): Illuminate\\Pipeline\\Pipeline->then(Object(Closure))
#23 D:\\xampp\\htdocs\\pdf_convert\\vendor\\laravel\\framework\\src\\Illuminate\\Routing\\Router.php(658): Illuminate\\Routing\\Router->runRouteWithinStack(Object(Illuminate\\Routing\\Route), Object(Illuminate\\Http\\Request))
#24 D:\\xampp\\htdocs\\pdf_convert\\vendor\\laravel\\framework\\src\\Illuminate\\Routing\\Router.php(624): Illuminate\\Routing\\Router->runRoute(Object(Illuminate\\Http\\Request), Object(Illuminate\\Routing\\Route))
#25 D:\\xampp\\htdocs\\pdf_convert\\vendor\\laravel\\framework\\src\\Illuminate\\Routing\\Router.php(613): Illuminate\\Routing\\Router->dispatchToRoute(Object(Illuminate\\Http\\Request))
#26 D:\\xampp\\htdocs\\pdf_convert\\vendor\\laravel\\framework\\src\\Illuminate\\Foundation\\Http\\Kernel.php(170): Illuminate\\Routing\\Router->dispatch(Object(Illuminate\\Http\\Request))
#27 D:\\xampp\\htdocs\\pdf_convert\\vendor\\laravel\\framework\\src\\Illuminate\\Pipeline\\Pipeline.php(130): Illuminate\\Foundation\\Http\\Kernel->Illuminate\\Foundation\\Http\\{closure}(Object(Illuminate\\Http\\Request))
#28 D:\\xampp\\htdocs\\pdf_convert\\vendor\\laravel\\framework\\src\\Illuminate\\Foundation\\Http\\Middleware\\TransformsRequest.php(21): Illuminate\\Pipeline\\Pipeline->Illuminate\\Pipeline\\{closure}(Object(Illuminate\\Http\\Request))
#29 D:\\xampp\\htdocs\\pdf_convert\\vendor\\laravel\\framework\\src\\Illuminate\\Pipeline\\Pipeline.php(171): Illuminate\\Foundation\\Http\\Middleware\\TransformsRequest->handle(Object(Illuminate\\Http\\Request), Object(Closure))
#30 D:\\xampp\\htdocs\\pdf_convert\\vendor\\laravel\\framework\\src\\Illuminate\\Foundation\\Http\\Middleware\\TransformsRequest.php(21): Illuminate\\Pipeline\\Pipeline->Illuminate\\Pipeline\\{closure}(Object(Illuminate\\Http\\Request))
#31 D:\\xampp\\htdocs\\pdf_convert\\vendor\\laravel\\framework\\src\\Illuminate\\Pipeline\\Pipeline.php(171): Illuminate\\Foundation\\Http\\Middleware\\TransformsRequest->handle(Object(Illuminate\\Http\\Request), Object(Closure))
#32 D:\\xampp\\htdocs\\pdf_convert\\vendor\\laravel\\framework\\src\\Illuminate\\Foundation\\Http\\Middleware\\ValidatePostSize.php(27): Illuminate\\Pipeline\\Pipeline->Illuminate\\Pipeline\\{closure}(Object(Illuminate\\Http\\Request))
#33 D:\\xampp\\htdocs\\pdf_convert\\vendor\\laravel\\framework\\src\\Illuminate\\Pipeline\\Pipeline.php(171): Illuminate\\Foundation\\Http\\Middleware\\ValidatePostSize->handle(Object(Illuminate\\Http\\Request), Object(Closure))
#34 D:\\xampp\\htdocs\\pdf_convert\\vendor\\laravel\\framework\\src\\Illuminate\\Foundation\\Http\\Middleware\\CheckForMaintenanceMode.php(63): Illuminate\\Pipeline\\Pipeline->Illuminate\\Pipeline\\{closure}(Object(Illuminate\\Http\\Request))
#35 D:\\xampp\\htdocs\\pdf_convert\\vendor\\laravel\\framework\\src\\Illuminate\\Pipeline\\Pipeline.php(171): Illuminate\\Foundation\\Http\\Middleware\\CheckForMaintenanceMode->handle(Object(Illuminate\\Http\\Request), Object(Closure))
#36 D:\\xampp\\htdocs\\pdf_convert\\vendor\\fideloper\\proxy\\src\\TrustProxies.php(57): Illuminate\\Pipeline\\Pipeline->Illuminate\\Pipeline\\{closure}(Object(Illuminate\\Http\\Request))
#37 D:\\xampp\\htdocs\\pdf_convert\\vendor\\laravel\\framework\\src\\Illuminate\\Pipeline\\Pipeline.php(171): Fideloper\\Proxy\\TrustProxies->handle(Object(Illuminate\\Http\\Request), Object(Closure))
#38 D:\\xampp\\htdocs\\pdf_convert\\vendor\\laravel\\framework\\src\\Illuminate\\Pipeline\\Pipeline.php(105): Illuminate\\Pipeline\\Pipeline->Illuminate\\Pipeline\\{closure}(Object(Illuminate\\Http\\Request))
#39 D:\\xampp\\htdocs\\pdf_convert\\vendor\\laravel\\framework\\src\\Illuminate\\Foundation\\Http\\Kernel.php(145): Illuminate\\Pipeline\\Pipeline->then(Object(Closure))
#40 D:\\xampp\\htdocs\\pdf_convert\\vendor\\laravel\\framework\\src\\Illuminate\\Foundation\\Http\\Kernel.php(110): Illuminate\\Foundation\\Http\\Kernel->sendRequestThroughRouter(Object(Illuminate\\Http\\Request))
#41 D:\\xampp\\htdocs\\pdf_convert\\public\\index.php(55): Illuminate\\Foundation\\Http\\Kernel->handle(Object(Illuminate\\Http\\Request))
#42 D:\\xampp\\htdocs\\pdf_convert\\server.php(21): require_once('D:\\\\xampp\\\\htdocs...')
#43 {main}
"} 
[2021-01-10 23:14:18] local.INFO: array (
  0 => 
  array (
    0 => 'sample_test',
    1 => '10/01/2021 - 16:47',
    2 => 'test',
    3 => 3,
  ),
  1 => 
  array (
    0 => 'sample_500',
    1 => '10/01/2021 - 16:56',
    2 => 'test',
    3 => 509,
  ),
  2 => 
  array (
    0 => 'test_test_test',
    1 => '10/01/2021 - 17:03',
    2 => 'test',
    3 => 3,
  ),
  3 => 
  array (
    0 => 'test_vitaily',
    1 => '10/01/2021 - 17:07',
    2 => 'test',
    3 => 3,
  ),
)  
[2021-01-10 23:14:18] local.INFO: 5  
[2021-01-10 23:14:18] local.INFO: array (
  0 => 
  array (
    0 => 'sample_test',
    1 => '10/01/2021 - 16:47',
    2 => 'test',
    3 => 3,
  ),
  1 => 
  array (
    0 => 'sample_500',
    1 => '10/01/2021 - 16:56',
    2 => 'test',
    3 => 509,
  ),
  2 => 
  array (
    0 => 'test_test_test',
    1 => '10/01/2021 - 17:03',
    2 => 'test',
    3 => 3,
  ),
  3 => 
  array (
    0 => 'test_vitaily',
    1 => '10/01/2021 - 17:07',
    2 => 'test',
    3 => 3,
  ),
)  
[2021-01-10 23:15:56] local.INFO: array (
  0 => 
  array (
    0 => 'sample_test',
    1 => '10/01/2021 - 16:47',
    2 => 'test',
    3 => 3,
  ),
  1 => 
  array (
    0 => 'sample_500',
    1 => '10/01/2021 - 16:56',
    2 => 'test',
    3 => 509,
  ),
  2 => 
  array (
    0 => 'test_test_test',
    1 => '10/01/2021 - 17:03',
    2 => 'test',
    3 => 3,
  ),
  3 => 
  array (
    0 => 'test_vitaily',
    1 => '10/01/2021 - 17:07',
    2 => 'test',
    3 => 3,
  ),
)  
[2021-01-10 23:15:56] local.INFO: 5  
[2021-01-10 23:15:56] local.INFO: array (
  0 => 
  array (
    0 => 'sample_test',
    1 => '10/01/2021 - 16:47',
    2 => 'test',
    3 => 3,
  ),
  1 => 
  array (
    0 => 'sample_500',
    1 => '10/01/2021 - 16:56',
    2 => 'test',
    3 => 509,
  ),
  2 => 
  array (
    0 => 'test_test_test',
    1 => '11/01/2021 - 00:15',
    2 => 'test',
    3 => 5,
  ),
  3 => 
  array (
    0 => 'test_vitaily',
    1 => '10/01/2021 - 17:07',
    2 => 'test',
    3 => 3,
  ),
)  
[2021-01-10 23:16:03] local.INFO: array (
  0 => 
  array (
    0 => 'sample_test',
    1 => '10/01/2021 - 16:47',
    2 => 'test',
    3 => 3,
  ),
  1 => 
  array (
    0 => 'sample_500',
    1 => '10/01/2021 - 16:56',
    2 => 'test',
    3 => 509,
  ),
  2 => 
  array (
    0 => 'test_test_test',
    1 => '11/01/2021 - 00:15',
    2 => 'test',
    3 => 5,
  ),
  3 => 
  array (
    0 => 'test_vitaily',
    1 => '10/01/2021 - 17:07',
    2 => 'test',
    3 => 3,
  ),
)  
[2021-01-10 23:16:03] local.INFO: 3  
[2021-01-10 23:16:03] local.INFO: array (
  0 => 
  array (
    0 => 'sample_test',
    1 => '10/01/2021 - 16:47',
    2 => 'test',
    3 => 3,
  ),
  1 => 
  array (
    0 => 'sample_500',
    1 => '10/01/2021 - 16:56',
    2 => 'test',
    3 => 509,
  ),
  2 => 
  array (
    0 => 'test_test_test',
    1 => '11/01/2021 - 00:15',
    2 => 'test',
    3 => 5,
  ),
  3 => 
  array (
    0 => 'test_vitaily',
    1 => '11/01/2021 - 00:16',
    2 => 'test',
    3 => 3,
  ),
)  
[2021-01-10 23:16:46] local.INFO: [{"id":28,"task_name":"admin_test","task_ticket":"1234","start_date":"01\/07\/2021","end_date":"01\/07\/2021","status":"En cours","author":"member","folder_dir":"test"},{"id":15,"task_name":"nice","task_ticket":"1","start_date":"01\/15\/2021","end_date":"01\/21\/2021","status":"En cours","author":"test","folder_dir":"4"},{"id":12,"task_name":"current Task","task_ticket":"12324","start_date":"01\/07\/2021","end_date":"01\/07\/2021","status":"En cours","author":"test","folder_dir":"3"}]  
[2021-01-10 23:16:53] local.INFO: [{"id":28,"task_name":"admin_test","task_ticket":"1234","start_date":"01\/07\/2021","end_date":"01\/07\/2021","status":"En cours","author":"member","folder_dir":"test"},{"id":15,"task_name":"nice","task_ticket":"1","start_date":"01\/15\/2021","end_date":"01\/21\/2021","status":"En cours","author":"test","folder_dir":"4"},{"id":12,"task_name":"current Task","task_ticket":"12324","start_date":"01\/07\/2021","end_date":"01\/07\/2021","status":"En cours","author":"test","folder_dir":"3"}]  
