[2021-02-02 07:33:35] local.ERROR: No Database connection yet in VoyagerServiceProvider loadAuth()  
[2021-02-02 07:34:12] local.ERROR: No Database connection yet in VoyagerServiceProvider loadAuth()  
[2021-02-02 07:34:19] local.ERROR: No Database connection yet in VoyagerServiceProvider loadAuth()  
[2021-02-02 07:34:24] local.ERROR: No Database connection yet in VoyagerServiceProvider loadAuth()  
[2021-02-02 07:34:31] local.ERROR: No Database connection yet in VoyagerServiceProvider loadAuth()  
[2021-02-02 07:34:36] local.ERROR: No Database connection yet in VoyagerServiceProvider loadAuth()  
[2021-02-02 07:34:43] local.ERROR: No Database connection yet in VoyagerServiceProvider loadAuth()  
[2021-02-02 07:34:48] local.ERROR: SQLSTATE[HY000] [2002] No connection could be made because the target machine actively refused it.
 {"exception":"[object] (Doctrine\\DBAL\\Driver\\PDO\\Exception(code: 2002): SQLSTATE[HY000] [2002] No connection could be made because the target machine actively refused it.
 at D:\\xampp\\htdocs\\current_sites\\pdf_convert\\vendor\\doctrine\\dbal\\lib\\Doctrine\\DBAL\\Driver\\PDO\\Exception.php:18)
[stacktrace]
#0 D:\\xampp\\htdocs\\current_sites\\pdf_convert\\vendor\\doctrine\\dbal\\lib\\Doctrine\\DBAL\\Driver\\PDOConnection.php(42): Doctrine\\DBAL\\Driver\\PDO\\Exception::new(Object(PDOException))
#1 D:\\xampp\\htdocs\\current_sites\\pdf_convert\\vendor\\laravel\\framework\\src\\Illuminate\\Database\\Connectors\\Connector.php(67): Doctrine\\DBAL\\Driver\\PDOConnection->__construct('mysql:host=127....', 'root', '', Array)
#2 D:\\xampp\\htdocs\\current_sites\\pdf_convert\\vendor\\laravel\\framework\\src\\Illuminate\\Database\\Connectors\\Connector.php(46): Illuminate\\Database\\Connectors\\Connector->createPdoConnection('mysql:host=127....', 'root', '', Array)
#3 D:\\xampp\\htdocs\\current_sites\\pdf_convert\\vendor\\laravel\\framework\\src\\Illuminate\\Database\\Connectors\\MySqlConnector.php(24): Illuminate\\Database\\Connectors\\Connector->createConnection('mysql:host=127....', Array, Array)
#4 D:\\xampp\\htdocs\\current_sites\\pdf_convert\\vendor\\laravel\\framework\\src\\Illuminate\\Database\\Connectors\\ConnectionFactory.php(182): Illuminate\\Database\\Connectors\\MySqlConnector->connect(Array)
#5 [internal function]: Illuminate\\Database\\Connectors\\ConnectionFactory->Illuminate\\Database\\Connectors\\{closure}()
#6 D:\\xampp\\htdocs\\current_sites\\pdf_convert\\vendor\\laravel\\framework\\src\\Illuminate\\Database\\Connection.php(924): call_user_func(Object(Closure))
#7 D:\\xampp\\htdocs\\current_sites\\pdf_convert\\vendor\\laravel\\framework\\src\\Illuminate\\Database\\Connection.php(906): Illuminate\\Database\\Connection->getPdo()
#8 D:\\xampp\\htdocs\\current_sites\\pdf_convert\\vendor\\larapack\\doctrine-support\\src\\DoctrineSupportServiceProvider.php(55): Illuminate\\Database\\Connection->getDoctrineConnection()
#9 D:\\xampp\\htdocs\\current_sites\\pdf_convert\\vendor\\larapack\\doctrine-support\\src\\DoctrineSupportServiceProvider.php(35): Larapack\\DoctrineSupport\\DoctrineSupportServiceProvider->addDoctrineTypes(Object(Larapack\\DoctrineSupport\\Connections\\MySqlConnection))
#10 D:\\xampp\\htdocs\\current_sites\\pdf_convert\\vendor\\laravel\\framework\\src\\Illuminate\\Database\\Connectors\\ConnectionFactory.php(271): Larapack\\DoctrineSupport\\DoctrineSupportServiceProvider->Larapack\\DoctrineSupport\\{closure}(Object(Larapack\\DoctrineSupport\\Connections\\MySqlConnection), 'ronisofpdfdev', '', Array)
#11 D:\\xampp\\htdocs\\current_sites\\pdf_convert\\vendor\\laravel\\framework\\src\\Illuminate\\Database\\Connectors\\ConnectionFactory.php(76): Illuminate\\Database\\Connectors\\ConnectionFactory->createConnection('mysql', Object(Closure), 'ronisofpdfdev', '', Array)
#12 D:\\xampp\\htdocs\\current_sites\\pdf_convert\\vendor\\laravel\\framework\\src\\Illuminate\\Database\\Connectors\\ConnectionFactory.php(50): Illuminate\\Database\\Connectors\\ConnectionFactory->createSingleConnection(Array)
#13 D:\\xampp\\htdocs\\current_sites\\pdf_convert\\vendor\\laravel\\framework\\src\\Illuminate\\Database\\DatabaseManager.php(131): Illuminate\\Database\\Connectors\\ConnectionFactory->make(Array, 'mysql')
#14 D:\\xampp\\htdocs\\current_sites\\pdf_convert\\vendor\\laravel\\framework\\src\\Illuminate\\Database\\DatabaseManager.php(86): Illuminate\\Database\\DatabaseManager->makeConnection('mysql')
#15 D:\\xampp\\htdocs\\current_sites\\pdf_convert\\vendor\\laravel\\framework\\src\\Illuminate\\Database\\Eloquent\\Model.php(1257): Illuminate\\Database\\DatabaseManager->connection('mysql')
#16 D:\\xampp\\htdocs\\current_sites\\pdf_convert\\vendor\\laravel\\framework\\src\\Illuminate\\Database\\Eloquent\\Model.php(1223): Illuminate\\Database\\Eloquent\\Model::resolveConnection(NULL)
#17 D:\\xampp\\htdocs\\current_sites\\pdf_convert\\vendor\\laravel\\framework\\src\\Illuminate\\Database\\Eloquent\\Model.php(1052): Illuminate\\Database\\Eloquent\\Model->getConnection()
#18 D:\\xampp\\htdocs\\current_sites\\pdf_convert\\vendor\\laravel\\framework\\src\\Illuminate\\Database\\Eloquent\\Model.php(969): Illuminate\\Database\\Eloquent\\Model->newBaseQueryBuilder()
#19 D:\\xampp\\htdocs\\current_sites\\pdf_convert\\vendor\\laravel\\framework\\src\\Illuminate\\Database\\Eloquent\\Model.php(1005): Illuminate\\Database\\Eloquent\\Model->newModelQuery()
#20 D:\\xampp\\htdocs\\current_sites\\pdf_convert\\vendor\\laravel\\framework\\src\\Illuminate\\Database\\Eloquent\\Model.php(958): Illuminate\\Database\\Eloquent\\Model->newQueryWithoutScopes()
#21 D:\\xampp\\htdocs\\current_sites\\pdf_convert\\vendor\\laravel\\framework\\src\\Illuminate\\Auth\\EloquentUserProvider.php(170): Illuminate\\Database\\Eloquent\\Model->newQuery()
#22 D:\\xampp\\htdocs\\current_sites\\pdf_convert\\vendor\\laravel\\framework\\src\\Illuminate\\Auth\\EloquentUserProvider.php(117): Illuminate\\Auth\\EloquentUserProvider->newModelQuery()
#23 D:\\xampp\\htdocs\\current_sites\\pdf_convert\\vendor\\laravel\\framework\\src\\Illuminate\\Auth\\SessionGuard.php(357): Illuminate\\Auth\\EloquentUserProvider->retrieveByCredentials(Array)
#24 D:\\xampp\\htdocs\\current_sites\\pdf_convert\\vendor\\laravel\\framework\\src\\Illuminate\\Foundation\\Auth\\AuthenticatesUsers.php(82): Illuminate\\Auth\\SessionGuard->attempt(Array, false)
#25 D:\\xampp\\htdocs\\current_sites\\pdf_convert\\vendor\\laravel\\framework\\src\\Illuminate\\Foundation\\Auth\\AuthenticatesUsers.php(45): App\\Http\\Controllers\\Auth\\LoginController->attemptLogin(Object(Illuminate\\Http\\Request))
#26 D:\\xampp\\htdocs\\current_sites\\pdf_convert\\vendor\\laravel\\framework\\src\\Illuminate\\Routing\\Controller.php(54): App\\Http\\Controllers\\Auth\\LoginController->login(Object(Illuminate\\Http\\Request))
#27 D:\\xampp\\htdocs\\current_sites\\pdf_convert\\vendor\\laravel\\framework\\src\\Illuminate\\Routing\\ControllerDispatcher.php(45): Illuminate\\Routing\\Controller->callAction('login', Array)
#28 D:\\xampp\\htdocs\\current_sites\\pdf_convert\\vendor\\laravel\\framework\\src\\Illuminate\\Routing\\Route.php(219): Illuminate\\Routing\\ControllerDispatcher->dispatch(Object(Illuminate\\Routing\\Route), Object(App\\Http\\Controllers\\Auth\\LoginController), 'login')
#29 D:\\xampp\\htdocs\\current_sites\\pdf_convert\\vendor\\laravel\\framework\\src\\Illuminate\\Routing\\Route.php(176): Illuminate\\Routing\\Route->runController()
#30 D:\\xampp\\htdocs\\current_sites\\pdf_convert\\vendor\\laravel\\framework\\src\\Illuminate\\Routing\\Router.php(681): Illuminate\\Routing\\Route->run()
#31 D:\\xampp\\htdocs\\current_sites\\pdf_convert\\vendor\\laravel\\framework\\src\\Illuminate\\Pipeline\\Pipeline.php(130): Illuminate\\Routing\\Router->Illuminate\\Routing\\{closure}(Object(Illuminate\\Http\\Request))
#32 D:\\xampp\\htdocs\\current_sites\\pdf_convert\\app\\Http\\Middleware\\RedirectIfAuthenticated.php(24): Illuminate\\Pipeline\\Pipeline->Illuminate\\Pipeline\\{closure}(Object(Illuminate\\Http\\Request))
#33 D:\\xampp\\htdocs\\current_sites\\pdf_convert\\vendor\\laravel\\framework\\src\\Illuminate\\Pipeline\\Pipeline.php(171): App\\Http\\Middleware\\RedirectIfAuthenticated->handle(Object(Illuminate\\Http\\Request), Object(Closure))
#34 D:\\xampp\\htdocs\\current_sites\\pdf_convert\\vendor\\laravel\\framework\\src\\Illuminate\\Routing\\Middleware\\SubstituteBindings.php(41): Illuminate\\Pipeline\\Pipeline->Illuminate\\Pipeline\\{closure}(Object(Illuminate\\Http\\Request))
#35 D:\\xampp\\htdocs\\current_sites\\pdf_convert\\vendor\\laravel\\framework\\src\\Illuminate\\Pipeline\\Pipeline.php(171): Illuminate\\Routing\\Middleware\\SubstituteBindings->handle(Object(Illuminate\\Http\\Request), Object(Closure))
#36 D:\\xampp\\htdocs\\current_sites\\pdf_convert\\vendor\\laravel\\framework\\src\\Illuminate\\Foundation\\Http\\Middleware\\VerifyCsrfToken.php(77): Illuminate\\Pipeline\\Pipeline->Illuminate\\Pipeline\\{closure}(Object(Illuminate\\Http\\Request))
#37 D:\\xampp\\htdocs\\current_sites\\pdf_convert\\vendor\\laravel\\framework\\src\\Illuminate\\Pipeline\\Pipeline.php(171): Illuminate\\Foundation\\Http\\Middleware\\VerifyCsrfToken->handle(Object(Illuminate\\Http\\Request), Object(Closure))
#38 D:\\xampp\\htdocs\\current_sites\\pdf_convert\\vendor\\laravel\\framework\\src\\Illuminate\\View\\Middleware\\ShareErrorsFromSession.php(49): Illuminate\\Pipeline\\Pipeline->Illuminate\\Pipeline\\{closure}(Object(Illuminate\\Http\\Request))
#39 D:\\xampp\\htdocs\\current_sites\\pdf_convert\\vendor\\laravel\\framework\\src\\Illuminate\\Pipeline\\Pipeline.php(171): Illuminate\\View\\Middleware\\ShareErrorsFromSession->handle(Object(Illuminate\\Http\\Request), Object(Closure))
#40 D:\\xampp\\htdocs\\current_sites\\pdf_convert\\vendor\\laravel\\framework\\src\\Illuminate\\Session\\Middleware\\StartSession.php(56): Illuminate\\Pipeline\\Pipeline->Illuminate\\Pipeline\\{closure}(Object(Illuminate\\Http\\Request))
#41 D:\\xampp\\htdocs\\current_sites\\pdf_convert\\vendor\\laravel\\framework\\src\\Illuminate\\Pipeline\\Pipeline.php(171): Illuminate\\Session\\Middleware\\StartSession->handle(Object(Illuminate\\Http\\Request), Object(Closure))
#42 D:\\xampp\\htdocs\\current_sites\\pdf_convert\\vendor\\laravel\\framework\\src\\Illuminate\\Cookie\\Middleware\\AddQueuedCookiesToResponse.php(37): Illuminate\\Pipeline\\Pipeline->Illuminate\\Pipeline\\{closure}(Object(Illuminate\\Http\\Request))
#43 D:\\xampp\\htdocs\\current_sites\\pdf_convert\\vendor\\laravel\\framework\\src\\Illuminate\\Pipeline\\Pipeline.php(171): Illuminate\\Cookie\\Middleware\\AddQueuedCookiesToResponse->handle(Object(Illuminate\\Http\\Request), Object(Closure))
#44 D:\\xampp\\htdocs\\current_sites\\pdf_convert\\vendor\\laravel\\framework\\src\\Illuminate\\Cookie\\Middleware\\EncryptCookies.php(67): Illuminate\\Pipeline\\Pipeline->Illuminate\\Pipeline\\{closure}(Object(Illuminate\\Http\\Request))
#45 D:\\xampp\\htdocs\\current_sites\\pdf_convert\\vendor\\laravel\\framework\\src\\Illuminate\\Pipeline\\Pipeline.php(171): Illuminate\\Cookie\\Middleware\\EncryptCookies->handle(Object(Illuminate\\Http\\Request), Object(Closure))
#46 D:\\xampp\\htdocs\\current_sites\\pdf_convert\\vendor\\laravel\\framework\\src\\Illuminate\\Pipeline\\Pipeline.php(105): Illuminate\\Pipeline\\Pipeline->Illuminate\\Pipeline\\{closure}(Object(Illuminate\\Http\\Request))
#47 D:\\xampp\\htdocs\\current_sites\\pdf_convert\\vendor\\laravel\\framework\\src\\Illuminate\\Routing\\Router.php(683): Illuminate\\Pipeline\\Pipeline->then(Object(Closure))
#48 D:\\xampp\\htdocs\\current_sites\\pdf_convert\\vendor\\laravel\\framework\\src\\Illuminate\\Routing\\Router.php(658): Illuminate\\Routing\\Router->runRouteWithinStack(Object(Illuminate\\Routing\\Route), Object(Illuminate\\Http\\Request))
#49 D:\\xampp\\htdocs\\current_sites\\pdf_convert\\vendor\\laravel\\framework\\src\\Illuminate\\Routing\\Router.php(624): Illuminate\\Routing\\Router->runRoute(Object(Illuminate\\Http\\Request), Object(Illuminate\\Routing\\Route))
#50 D:\\xampp\\htdocs\\current_sites\\pdf_convert\\vendor\\laravel\\framework\\src\\Illuminate\\Routing\\Router.php(613): Illuminate\\Routing\\Router->dispatchToRoute(Object(Illuminate\\Http\\Request))
#51 D:\\xampp\\htdocs\\current_sites\\pdf_convert\\vendor\\laravel\\framework\\src\\Illuminate\\Foundation\\Http\\Kernel.php(170): Illuminate\\Routing\\Router->dispatch(Object(Illuminate\\Http\\Request))
#52 D:\\xampp\\htdocs\\current_sites\\pdf_convert\\vendor\\laravel\\framework\\src\\Illuminate\\Pipeline\\Pipeline.php(130): Illuminate\\Foundation\\Http\\Kernel->Illuminate\\Foundation\\Http\\{closure}(Object(Illuminate\\Http\\Request))
#53 D:\\xampp\\htdocs\\current_sites\\pdf_convert\\vendor\\laravel\\framework\\src\\Illuminate\\Foundation\\Http\\Middleware\\TransformsRequest.php(21): Illuminate\\Pipeline\\Pipeline->Illuminate\\Pipeline\\{closure}(Object(Illuminate\\Http\\Request))
#54 D:\\xampp\\htdocs\\current_sites\\pdf_convert\\vendor\\laravel\\framework\\src\\Illuminate\\Pipeline\\Pipeline.php(171): Illuminate\\Foundation\\Http\\Middleware\\TransformsRequest->handle(Object(Illuminate\\Http\\Request), Object(Closure))
#55 D:\\xampp\\htdocs\\current_sites\\pdf_convert\\vendor\\laravel\\framework\\src\\Illuminate\\Foundation\\Http\\Middleware\\TransformsRequest.php(21): Illuminate\\Pipeline\\Pipeline->Illuminate\\Pipeline\\{closure}(Object(Illuminate\\Http\\Request))
#56 D:\\xampp\\htdocs\\current_sites\\pdf_convert\\vendor\\laravel\\framework\\src\\Illuminate\\Pipeline\\Pipeline.php(171): Illuminate\\Foundation\\Http\\Middleware\\TransformsRequest->handle(Object(Illuminate\\Http\\Request), Object(Closure))
#57 D:\\xampp\\htdocs\\current_sites\\pdf_convert\\vendor\\laravel\\framework\\src\\Illuminate\\Foundation\\Http\\Middleware\\ValidatePostSize.php(27): Illuminate\\Pipeline\\Pipeline->Illuminate\\Pipeline\\{closure}(Object(Illuminate\\Http\\Request))
#58 D:\\xampp\\htdocs\\current_sites\\pdf_convert\\vendor\\laravel\\framework\\src\\Illuminate\\Pipeline\\Pipeline.php(171): Illuminate\\Foundation\\Http\\Middleware\\ValidatePostSize->handle(Object(Illuminate\\Http\\Request), Object(Closure))
#59 D:\\xampp\\htdocs\\current_sites\\pdf_convert\\vendor\\laravel\\framework\\src\\Illuminate\\Foundation\\Http\\Middleware\\CheckForMaintenanceMode.php(63): Illuminate\\Pipeline\\Pipeline->Illuminate\\Pipeline\\{closure}(Object(Illuminate\\Http\\Request))
#60 D:\\xampp\\htdocs\\current_sites\\pdf_convert\\vendor\\laravel\\framework\\src\\Illuminate\\Pipeline\\Pipeline.php(171): Illuminate\\Foundation\\Http\\Middleware\\CheckForMaintenanceMode->handle(Object(Illuminate\\Http\\Request), Object(Closure))
#61 D:\\xampp\\htdocs\\current_sites\\pdf_convert\\vendor\\fideloper\\proxy\\src\\TrustProxies.php(57): Illuminate\\Pipeline\\Pipeline->Illuminate\\Pipeline\\{closure}(Object(Illuminate\\Http\\Request))
#62 D:\\xampp\\htdocs\\current_sites\\pdf_convert\\vendor\\laravel\\framework\\src\\Illuminate\\Pipeline\\Pipeline.php(171): Fideloper\\Proxy\\TrustProxies->handle(Object(Illuminate\\Http\\Request), Object(Closure))
#63 D:\\xampp\\htdocs\\current_sites\\pdf_convert\\vendor\\laravel\\framework\\src\\Illuminate\\Pipeline\\Pipeline.php(105): Illuminate\\Pipeline\\Pipeline->Illuminate\\Pipeline\\{closure}(Object(Illuminate\\Http\\Request))
#64 D:\\xampp\\htdocs\\current_sites\\pdf_convert\\vendor\\laravel\\framework\\src\\Illuminate\\Foundation\\Http\\Kernel.php(145): Illuminate\\Pipeline\\Pipeline->then(Object(Closure))
#65 D:\\xampp\\htdocs\\current_sites\\pdf_convert\\vendor\\laravel\\framework\\src\\Illuminate\\Foundation\\Http\\Kernel.php(110): Illuminate\\Foundation\\Http\\Kernel->sendRequestThroughRouter(Object(Illuminate\\Http\\Request))
#66 D:\\xampp\\htdocs\\current_sites\\pdf_convert\\public\\index.php(55): Illuminate\\Foundation\\Http\\Kernel->handle(Object(Illuminate\\Http\\Request))
#67 D:\\xampp\\htdocs\\current_sites\\pdf_convert\\server.php(21): require_once('D:\\\\xampp\\\\htdocs...')
#68 {main}

[previous exception] [object] (PDOException(code: 2002): SQLSTATE[HY000] [2002] No connection could be made because the target machine actively refused it.
 at D:\\xampp\\htdocs\\current_sites\\pdf_convert\\vendor\\doctrine\\dbal\\lib\\Doctrine\\DBAL\\Driver\\PDOConnection.php:38)
[stacktrace]
#0 D:\\xampp\\htdocs\\current_sites\\pdf_convert\\vendor\\doctrine\\dbal\\lib\\Doctrine\\DBAL\\Driver\\PDOConnection.php(38): PDO->__construct('mysql:host=127....', 'root', '', Array)
#1 D:\\xampp\\htdocs\\current_sites\\pdf_convert\\vendor\\laravel\\framework\\src\\Illuminate\\Database\\Connectors\\Connector.php(67): Doctrine\\DBAL\\Driver\\PDOConnection->__construct('mysql:host=127....', 'root', '', Array)
#2 D:\\xampp\\htdocs\\current_sites\\pdf_convert\\vendor\\laravel\\framework\\src\\Illuminate\\Database\\Connectors\\Connector.php(46): Illuminate\\Database\\Connectors\\Connector->createPdoConnection('mysql:host=127....', 'root', '', Array)
#3 D:\\xampp\\htdocs\\current_sites\\pdf_convert\\vendor\\laravel\\framework\\src\\Illuminate\\Database\\Connectors\\MySqlConnector.php(24): Illuminate\\Database\\Connectors\\Connector->createConnection('mysql:host=127....', Array, Array)
#4 D:\\xampp\\htdocs\\current_sites\\pdf_convert\\vendor\\laravel\\framework\\src\\Illuminate\\Database\\Connectors\\ConnectionFactory.php(182): Illuminate\\Database\\Connectors\\MySqlConnector->connect(Array)
#5 [internal function]: Illuminate\\Database\\Connectors\\ConnectionFactory->Illuminate\\Database\\Connectors\\{closure}()
#6 D:\\xampp\\htdocs\\current_sites\\pdf_convert\\vendor\\laravel\\framework\\src\\Illuminate\\Database\\Connection.php(924): call_user_func(Object(Closure))
#7 D:\\xampp\\htdocs\\current_sites\\pdf_convert\\vendor\\laravel\\framework\\src\\Illuminate\\Database\\Connection.php(906): Illuminate\\Database\\Connection->getPdo()
#8 D:\\xampp\\htdocs\\current_sites\\pdf_convert\\vendor\\larapack\\doctrine-support\\src\\DoctrineSupportServiceProvider.php(55): Illuminate\\Database\\Connection->getDoctrineConnection()
#9 D:\\xampp\\htdocs\\current_sites\\pdf_convert\\vendor\\larapack\\doctrine-support\\src\\DoctrineSupportServiceProvider.php(35): Larapack\\DoctrineSupport\\DoctrineSupportServiceProvider->addDoctrineTypes(Object(Larapack\\DoctrineSupport\\Connections\\MySqlConnection))
#10 D:\\xampp\\htdocs\\current_sites\\pdf_convert\\vendor\\laravel\\framework\\src\\Illuminate\\Database\\Connectors\\ConnectionFactory.php(271): Larapack\\DoctrineSupport\\DoctrineSupportServiceProvider->Larapack\\DoctrineSupport\\{closure}(Object(Larapack\\DoctrineSupport\\Connections\\MySqlConnection), 'ronisofpdfdev', '', Array)
#11 D:\\xampp\\htdocs\\current_sites\\pdf_convert\\vendor\\laravel\\framework\\src\\Illuminate\\Database\\Connectors\\ConnectionFactory.php(76): Illuminate\\Database\\Connectors\\ConnectionFactory->createConnection('mysql', Object(Closure), 'ronisofpdfdev', '', Array)
#12 D:\\xampp\\htdocs\\current_sites\\pdf_convert\\vendor\\laravel\\framework\\src\\Illuminate\\Database\\Connectors\\ConnectionFactory.php(50): Illuminate\\Database\\Connectors\\ConnectionFactory->createSingleConnection(Array)
#13 D:\\xampp\\htdocs\\current_sites\\pdf_convert\\vendor\\laravel\\framework\\src\\Illuminate\\Database\\DatabaseManager.php(131): Illuminate\\Database\\Connectors\\ConnectionFactory->make(Array, 'mysql')
#14 D:\\xampp\\htdocs\\current_sites\\pdf_convert\\vendor\\laravel\\framework\\src\\Illuminate\\Database\\DatabaseManager.php(86): Illuminate\\Database\\DatabaseManager->makeConnection('mysql')
#15 D:\\xampp\\htdocs\\current_sites\\pdf_convert\\vendor\\laravel\\framework\\src\\Illuminate\\Database\\Eloquent\\Model.php(1257): Illuminate\\Database\\DatabaseManager->connection('mysql')
#16 D:\\xampp\\htdocs\\current_sites\\pdf_convert\\vendor\\laravel\\framework\\src\\Illuminate\\Database\\Eloquent\\Model.php(1223): Illuminate\\Database\\Eloquent\\Model::resolveConnection(NULL)
#17 D:\\xampp\\htdocs\\current_sites\\pdf_convert\\vendor\\laravel\\framework\\src\\Illuminate\\Database\\Eloquent\\Model.php(1052): Illuminate\\Database\\Eloquent\\Model->getConnection()
#18 D:\\xampp\\htdocs\\current_sites\\pdf_convert\\vendor\\laravel\\framework\\src\\Illuminate\\Database\\Eloquent\\Model.php(969): Illuminate\\Database\\Eloquent\\Model->newBaseQueryBuilder()
#19 D:\\xampp\\htdocs\\current_sites\\pdf_convert\\vendor\\laravel\\framework\\src\\Illuminate\\Database\\Eloquent\\Model.php(1005): Illuminate\\Database\\Eloquent\\Model->newModelQuery()
#20 D:\\xampp\\htdocs\\current_sites\\pdf_convert\\vendor\\laravel\\framework\\src\\Illuminate\\Database\\Eloquent\\Model.php(958): Illuminate\\Database\\Eloquent\\Model->newQueryWithoutScopes()
#21 D:\\xampp\\htdocs\\current_sites\\pdf_convert\\vendor\\laravel\\framework\\src\\Illuminate\\Auth\\EloquentUserProvider.php(170): Illuminate\\Database\\Eloquent\\Model->newQuery()
#22 D:\\xampp\\htdocs\\current_sites\\pdf_convert\\vendor\\laravel\\framework\\src\\Illuminate\\Auth\\EloquentUserProvider.php(117): Illuminate\\Auth\\EloquentUserProvider->newModelQuery()
#23 D:\\xampp\\htdocs\\current_sites\\pdf_convert\\vendor\\laravel\\framework\\src\\Illuminate\\Auth\\SessionGuard.php(357): Illuminate\\Auth\\EloquentUserProvider->retrieveByCredentials(Array)
#24 D:\\xampp\\htdocs\\current_sites\\pdf_convert\\vendor\\laravel\\framework\\src\\Illuminate\\Foundation\\Auth\\AuthenticatesUsers.php(82): Illuminate\\Auth\\SessionGuard->attempt(Array, false)
#25 D:\\xampp\\htdocs\\current_sites\\pdf_convert\\vendor\\laravel\\framework\\src\\Illuminate\\Foundation\\Auth\\AuthenticatesUsers.php(45): App\\Http\\Controllers\\Auth\\LoginController->attemptLogin(Object(Illuminate\\Http\\Request))
#26 D:\\xampp\\htdocs\\current_sites\\pdf_convert\\vendor\\laravel\\framework\\src\\Illuminate\\Routing\\Controller.php(54): App\\Http\\Controllers\\Auth\\LoginController->login(Object(Illuminate\\Http\\Request))
#27 D:\\xampp\\htdocs\\current_sites\\pdf_convert\\vendor\\laravel\\framework\\src\\Illuminate\\Routing\\ControllerDispatcher.php(45): Illuminate\\Routing\\Controller->callAction('login', Array)
#28 D:\\xampp\\htdocs\\current_sites\\pdf_convert\\vendor\\laravel\\framework\\src\\Illuminate\\Routing\\Route.php(219): Illuminate\\Routing\\ControllerDispatcher->dispatch(Object(Illuminate\\Routing\\Route), Object(App\\Http\\Controllers\\Auth\\LoginController), 'login')
#29 D:\\xampp\\htdocs\\current_sites\\pdf_convert\\vendor\\laravel\\framework\\src\\Illuminate\\Routing\\Route.php(176): Illuminate\\Routing\\Route->runController()
#30 D:\\xampp\\htdocs\\current_sites\\pdf_convert\\vendor\\laravel\\framework\\src\\Illuminate\\Routing\\Router.php(681): Illuminate\\Routing\\Route->run()
#31 D:\\xampp\\htdocs\\current_sites\\pdf_convert\\vendor\\laravel\\framework\\src\\Illuminate\\Pipeline\\Pipeline.php(130): Illuminate\\Routing\\Router->Illuminate\\Routing\\{closure}(Object(Illuminate\\Http\\Request))
#32 D:\\xampp\\htdocs\\current_sites\\pdf_convert\\app\\Http\\Middleware\\RedirectIfAuthenticated.php(24): Illuminate\\Pipeline\\Pipeline->Illuminate\\Pipeline\\{closure}(Object(Illuminate\\Http\\Request))
#33 D:\\xampp\\htdocs\\current_sites\\pdf_convert\\vendor\\laravel\\framework\\src\\Illuminate\\Pipeline\\Pipeline.php(171): App\\Http\\Middleware\\RedirectIfAuthenticated->handle(Object(Illuminate\\Http\\Request), Object(Closure))
#34 D:\\xampp\\htdocs\\current_sites\\pdf_convert\\vendor\\laravel\\framework\\src\\Illuminate\\Routing\\Middleware\\SubstituteBindings.php(41): Illuminate\\Pipeline\\Pipeline->Illuminate\\Pipeline\\{closure}(Object(Illuminate\\Http\\Request))
#35 D:\\xampp\\htdocs\\current_sites\\pdf_convert\\vendor\\laravel\\framework\\src\\Illuminate\\Pipeline\\Pipeline.php(171): Illuminate\\Routing\\Middleware\\SubstituteBindings->handle(Object(Illuminate\\Http\\Request), Object(Closure))
#36 D:\\xampp\\htdocs\\current_sites\\pdf_convert\\vendor\\laravel\\framework\\src\\Illuminate\\Foundation\\Http\\Middleware\\VerifyCsrfToken.php(77): Illuminate\\Pipeline\\Pipeline->Illuminate\\Pipeline\\{closure}(Object(Illuminate\\Http\\Request))
#37 D:\\xampp\\htdocs\\current_sites\\pdf_convert\\vendor\\laravel\\framework\\src\\Illuminate\\Pipeline\\Pipeline.php(171): Illuminate\\Foundation\\Http\\Middleware\\VerifyCsrfToken->handle(Object(Illuminate\\Http\\Request), Object(Closure))
#38 D:\\xampp\\htdocs\\current_sites\\pdf_convert\\vendor\\laravel\\framework\\src\\Illuminate\\View\\Middleware\\ShareErrorsFromSession.php(49): Illuminate\\Pipeline\\Pipeline->Illuminate\\Pipeline\\{closure}(Object(Illuminate\\Http\\Request))
#39 D:\\xampp\\htdocs\\current_sites\\pdf_convert\\vendor\\laravel\\framework\\src\\Illuminate\\Pipeline\\Pipeline.php(171): Illuminate\\View\\Middleware\\ShareErrorsFromSession->handle(Object(Illuminate\\Http\\Request), Object(Closure))
#40 D:\\xampp\\htdocs\\current_sites\\pdf_convert\\vendor\\laravel\\framework\\src\\Illuminate\\Session\\Middleware\\StartSession.php(56): Illuminate\\Pipeline\\Pipeline->Illuminate\\Pipeline\\{closure}(Object(Illuminate\\Http\\Request))
#41 D:\\xampp\\htdocs\\current_sites\\pdf_convert\\vendor\\laravel\\framework\\src\\Illuminate\\Pipeline\\Pipeline.php(171): Illuminate\\Session\\Middleware\\StartSession->handle(Object(Illuminate\\Http\\Request), Object(Closure))
#42 D:\\xampp\\htdocs\\current_sites\\pdf_convert\\vendor\\laravel\\framework\\src\\Illuminate\\Cookie\\Middleware\\AddQueuedCookiesToResponse.php(37): Illuminate\\Pipeline\\Pipeline->Illuminate\\Pipeline\\{closure}(Object(Illuminate\\Http\\Request))
#43 D:\\xampp\\htdocs\\current_sites\\pdf_convert\\vendor\\laravel\\framework\\src\\Illuminate\\Pipeline\\Pipeline.php(171): Illuminate\\Cookie\\Middleware\\AddQueuedCookiesToResponse->handle(Object(Illuminate\\Http\\Request), Object(Closure))
#44 D:\\xampp\\htdocs\\current_sites\\pdf_convert\\vendor\\laravel\\framework\\src\\Illuminate\\Cookie\\Middleware\\EncryptCookies.php(67): Illuminate\\Pipeline\\Pipeline->Illuminate\\Pipeline\\{closure}(Object(Illuminate\\Http\\Request))
#45 D:\\xampp\\htdocs\\current_sites\\pdf_convert\\vendor\\laravel\\framework\\src\\Illuminate\\Pipeline\\Pipeline.php(171): Illuminate\\Cookie\\Middleware\\EncryptCookies->handle(Object(Illuminate\\Http\\Request), Object(Closure))
#46 D:\\xampp\\htdocs\\current_sites\\pdf_convert\\vendor\\laravel\\framework\\src\\Illuminate\\Pipeline\\Pipeline.php(105): Illuminate\\Pipeline\\Pipeline->Illuminate\\Pipeline\\{closure}(Object(Illuminate\\Http\\Request))
#47 D:\\xampp\\htdocs\\current_sites\\pdf_convert\\vendor\\laravel\\framework\\src\\Illuminate\\Routing\\Router.php(683): Illuminate\\Pipeline\\Pipeline->then(Object(Closure))
#48 D:\\xampp\\htdocs\\current_sites\\pdf_convert\\vendor\\laravel\\framework\\src\\Illuminate\\Routing\\Router.php(658): Illuminate\\Routing\\Router->runRouteWithinStack(Object(Illuminate\\Routing\\Route), Object(Illuminate\\Http\\Request))
#49 D:\\xampp\\htdocs\\current_sites\\pdf_convert\\vendor\\laravel\\framework\\src\\Illuminate\\Routing\\Router.php(624): Illuminate\\Routing\\Router->runRoute(Object(Illuminate\\Http\\Request), Object(Illuminate\\Routing\\Route))
#50 D:\\xampp\\htdocs\\current_sites\\pdf_convert\\vendor\\laravel\\framework\\src\\Illuminate\\Routing\\Router.php(613): Illuminate\\Routing\\Router->dispatchToRoute(Object(Illuminate\\Http\\Request))
#51 D:\\xampp\\htdocs\\current_sites\\pdf_convert\\vendor\\laravel\\framework\\src\\Illuminate\\Foundation\\Http\\Kernel.php(170): Illuminate\\Routing\\Router->dispatch(Object(Illuminate\\Http\\Request))
#52 D:\\xampp\\htdocs\\current_sites\\pdf_convert\\vendor\\laravel\\framework\\src\\Illuminate\\Pipeline\\Pipeline.php(130): Illuminate\\Foundation\\Http\\Kernel->Illuminate\\Foundation\\Http\\{closure}(Object(Illuminate\\Http\\Request))
#53 D:\\xampp\\htdocs\\current_sites\\pdf_convert\\vendor\\laravel\\framework\\src\\Illuminate\\Foundation\\Http\\Middleware\\TransformsRequest.php(21): Illuminate\\Pipeline\\Pipeline->Illuminate\\Pipeline\\{closure}(Object(Illuminate\\Http\\Request))
#54 D:\\xampp\\htdocs\\current_sites\\pdf_convert\\vendor\\laravel\\framework\\src\\Illuminate\\Pipeline\\Pipeline.php(171): Illuminate\\Foundation\\Http\\Middleware\\TransformsRequest->handle(Object(Illuminate\\Http\\Request), Object(Closure))
#55 D:\\xampp\\htdocs\\current_sites\\pdf_convert\\vendor\\laravel\\framework\\src\\Illuminate\\Foundation\\Http\\Middleware\\TransformsRequest.php(21): Illuminate\\Pipeline\\Pipeline->Illuminate\\Pipeline\\{closure}(Object(Illuminate\\Http\\Request))
#56 D:\\xampp\\htdocs\\current_sites\\pdf_convert\\vendor\\laravel\\framework\\src\\Illuminate\\Pipeline\\Pipeline.php(171): Illuminate\\Foundation\\Http\\Middleware\\TransformsRequest->handle(Object(Illuminate\\Http\\Request), Object(Closure))
#57 D:\\xampp\\htdocs\\current_sites\\pdf_convert\\vendor\\laravel\\framework\\src\\Illuminate\\Foundation\\Http\\Middleware\\ValidatePostSize.php(27): Illuminate\\Pipeline\\Pipeline->Illuminate\\Pipeline\\{closure}(Object(Illuminate\\Http\\Request))
#58 D:\\xampp\\htdocs\\current_sites\\pdf_convert\\vendor\\laravel\\framework\\src\\Illuminate\\Pipeline\\Pipeline.php(171): Illuminate\\Foundation\\Http\\Middleware\\ValidatePostSize->handle(Object(Illuminate\\Http\\Request), Object(Closure))
#59 D:\\xampp\\htdocs\\current_sites\\pdf_convert\\vendor\\laravel\\framework\\src\\Illuminate\\Foundation\\Http\\Middleware\\CheckForMaintenanceMode.php(63): Illuminate\\Pipeline\\Pipeline->Illuminate\\Pipeline\\{closure}(Object(Illuminate\\Http\\Request))
#60 D:\\xampp\\htdocs\\current_sites\\pdf_convert\\vendor\\laravel\\framework\\src\\Illuminate\\Pipeline\\Pipeline.php(171): Illuminate\\Foundation\\Http\\Middleware\\CheckForMaintenanceMode->handle(Object(Illuminate\\Http\\Request), Object(Closure))
#61 D:\\xampp\\htdocs\\current_sites\\pdf_convert\\vendor\\fideloper\\proxy\\src\\TrustProxies.php(57): Illuminate\\Pipeline\\Pipeline->Illuminate\\Pipeline\\{closure}(Object(Illuminate\\Http\\Request))
#62 D:\\xampp\\htdocs\\current_sites\\pdf_convert\\vendor\\laravel\\framework\\src\\Illuminate\\Pipeline\\Pipeline.php(171): Fideloper\\Proxy\\TrustProxies->handle(Object(Illuminate\\Http\\Request), Object(Closure))
#63 D:\\xampp\\htdocs\\current_sites\\pdf_convert\\vendor\\laravel\\framework\\src\\Illuminate\\Pipeline\\Pipeline.php(105): Illuminate\\Pipeline\\Pipeline->Illuminate\\Pipeline\\{closure}(Object(Illuminate\\Http\\Request))
#64 D:\\xampp\\htdocs\\current_sites\\pdf_convert\\vendor\\laravel\\framework\\src\\Illuminate\\Foundation\\Http\\Kernel.php(145): Illuminate\\Pipeline\\Pipeline->then(Object(Closure))
#65 D:\\xampp\\htdocs\\current_sites\\pdf_convert\\vendor\\laravel\\framework\\src\\Illuminate\\Foundation\\Http\\Kernel.php(110): Illuminate\\Foundation\\Http\\Kernel->sendRequestThroughRouter(Object(Illuminate\\Http\\Request))
#66 D:\\xampp\\htdocs\\current_sites\\pdf_convert\\public\\index.php(55): Illuminate\\Foundation\\Http\\Kernel->handle(Object(Illuminate\\Http\\Request))
#67 D:\\xampp\\htdocs\\current_sites\\pdf_convert\\server.php(21): require_once('D:\\\\xampp\\\\htdocs...')
#68 {main}
"} 
[2021-02-02 08:04:32] local.INFO: [{"id":29,"task_name":"test","task_ticket":"test","start_date":"13\/01\/2021","end_date":"20\/01\/2021","status":"En cours","author":"test","folder_dir":"test"}]  
[2021-02-02 08:08:58] local.INFO: [{"id":29,"task_name":"test","task_ticket":"test","start_date":"13\/01\/2021","end_date":"20\/01\/2021","status":"En cours","author":"test","folder_dir":"test"}]  
[2021-02-02 08:09:58] local.INFO: [{"id":29,"task_name":"test","task_ticket":"test","start_date":"13\/01\/2021","end_date":"20\/01\/2021","status":"En cours","author":"test","folder_dir":"test"}]  
[2021-02-02 08:10:06] local.INFO: [{"id":29,"task_name":"test","task_ticket":"test","start_date":"13\/01\/2021","end_date":"20\/01\/2021","status":"En cours","author":"test","folder_dir":"test"}]  
[2021-02-02 08:10:30] local.INFO: [{"id":29,"task_name":"test","task_ticket":"test","start_date":"13\/01\/2021","end_date":"20\/01\/2021","status":"En cours","author":"test","folder_dir":"test"}]  
[2021-02-02 08:11:15] local.INFO: [{"id":29,"task_name":"test","task_ticket":"test","start_date":"13\/01\/2021","end_date":"20\/01\/2021","status":"En cours","author":"test","folder_dir":"test"}]  
[2021-02-02 08:19:07] local.INFO: [{"id":29,"task_name":"test","task_ticket":"test","start_date":"13\/01\/2021","end_date":"20\/01\/2021","status":"En cours","author":"test","folder_dir":"test"}]  
[2021-02-02 08:19:23] local.INFO: [{"id":29,"task_name":"test","task_ticket":"test","start_date":"13\/01\/2021","end_date":"20\/01\/2021","status":"En cours","author":"test","folder_dir":"test"}]  
[2021-02-02 08:19:27] local.INFO: [{"id":29,"task_name":"test","task_ticket":"test","start_date":"13\/01\/2021","end_date":"20\/01\/2021","status":"En cours","author":"test","folder_dir":"test"}]  
[2021-02-02 08:20:30] local.INFO: [{"id":29,"task_name":"test","task_ticket":"test","start_date":"13\/01\/2021","end_date":"20\/01\/2021","status":"En cours","author":"test","folder_dir":"test"}]  
[2021-02-02 08:21:00] local.INFO: [{"id":29,"task_name":"test","task_ticket":"test","start_date":"13\/01\/2021","end_date":"20\/01\/2021","status":"En cours","author":"test","folder_dir":"test"}]  
[2021-02-02 08:23:32] local.INFO: [{"id":29,"task_name":"test","task_ticket":"test","start_date":"13\/01\/2021","end_date":"20\/01\/2021","status":"En cours","author":"test","folder_dir":"test"}]  
[2021-02-02 08:23:33] local.INFO: [{"id":29,"task_name":"test","task_ticket":"test","start_date":"13\/01\/2021","end_date":"20\/01\/2021","status":"En cours","author":"test","folder_dir":"test"}]  
[2021-02-02 08:23:33] local.INFO: [{"id":29,"task_name":"test","task_ticket":"test","start_date":"13\/01\/2021","end_date":"20\/01\/2021","status":"En cours","author":"test","folder_dir":"test"}]  
[2021-02-02 08:53:09] local.INFO: [{"id":29,"task_name":"test","task_ticket":"test","start_date":"13\/01\/2021","end_date":"20\/01\/2021","status":"En cours","author":"test","folder_dir":"test"}]  
[2021-02-02 08:55:03] local.INFO: [{"id":29,"task_name":"test","task_ticket":"test","start_date":"13\/01\/2021","end_date":"20\/01\/2021","status":"En cours","author":"test","folder_dir":"test"}]  
[2021-02-02 09:02:05] local.INFO: [{"id":29,"task_name":"test","task_ticket":"test","start_date":"13\/01\/2021","end_date":"20\/01\/2021","status":"En cours","author":"test","folder_dir":"test"}]  
[2021-02-02 09:02:06] local.INFO: [{"id":29,"task_name":"test","task_ticket":"test","start_date":"13\/01\/2021","end_date":"20\/01\/2021","status":"En cours","author":"test","folder_dir":"test"}]  
[2021-02-02 09:03:40] local.INFO: [{"id":29,"task_name":"test","task_ticket":"test","start_date":"13\/01\/2021","end_date":"20\/01\/2021","status":"En cours","author":"test","folder_dir":"test"}]  
[2021-02-02 09:05:15] local.INFO: [{"id":29,"task_name":"test","task_ticket":"test","start_date":"13\/01\/2021","end_date":"20\/01\/2021","status":"En cours","author":"test","folder_dir":"test"}]  
[2021-02-02 09:05:59] local.INFO: [{"id":29,"task_name":"test","task_ticket":"test","start_date":"13\/01\/2021","end_date":"20\/01\/2021","status":"En cours","author":"test","folder_dir":"test"}]  
[2021-02-02 09:06:19] local.INFO: [{"id":29,"task_name":"test","task_ticket":"test","start_date":"13\/01\/2021","end_date":"20\/01\/2021","status":"En cours","author":"test","folder_dir":"test"}]  
[2021-02-02 09:06:58] local.INFO: [{"id":29,"task_name":"test","task_ticket":"test","start_date":"13\/01\/2021","end_date":"20\/01\/2021","status":"En cours","author":"test","folder_dir":"test"}]  
[2021-02-02 09:23:35] local.INFO: [{"id":29,"task_name":"test","task_ticket":"test","start_date":"13\/01\/2021","end_date":"20\/01\/2021","status":"En cours","author":"test","folder_dir":"test"}]  
[2021-02-02 09:35:17] local.INFO: [{"id":29,"task_name":"test","task_ticket":"test","start_date":"13\/01\/2021","end_date":"20\/01\/2021","status":"En cours","author":"test","folder_dir":"test"}]  
[2021-02-02 09:36:09] local.INFO: [{"id":29,"task_name":"test","task_ticket":"test","start_date":"13\/01\/2021","end_date":"20\/01\/2021","status":"En cours","author":"test","folder_dir":"test"}]  
[2021-02-02 09:38:18] local.INFO: [{"id":29,"task_name":"test","task_ticket":"test","start_date":"13\/01\/2021","end_date":"20\/01\/2021","status":"En cours","author":"test","folder_dir":"test"}]  
[2021-02-02 09:39:36] local.INFO: [{"id":29,"task_name":"test","task_ticket":"test","start_date":"13\/01\/2021","end_date":"20\/01\/2021","status":"En cours","author":"test","folder_dir":"test"}]  
[2021-02-02 09:40:42] local.INFO: [{"id":29,"task_name":"test","task_ticket":"test","start_date":"13\/01\/2021","end_date":"20\/01\/2021","status":"En cours","author":"test","folder_dir":"test"}]  
[2021-02-02 09:42:57] local.INFO: [{"id":29,"task_name":"test","task_ticket":"test","start_date":"13\/01\/2021","end_date":"20\/01\/2021","status":"En cours","author":"test","folder_dir":"test"}]  
[2021-02-02 09:43:43] local.INFO: [{"id":29,"task_name":"test","task_ticket":"test","start_date":"13\/01\/2021","end_date":"20\/01\/2021","status":"En cours","author":"test","folder_dir":"test"}]  
[2021-02-02 09:43:57] local.INFO: [{"id":29,"task_name":"test","task_ticket":"test","start_date":"13\/01\/2021","end_date":"20\/01\/2021","status":"En cours","author":"test","folder_dir":"test"}]  
[2021-02-02 09:46:38] local.INFO: [{"id":29,"task_name":"test","task_ticket":"test","start_date":"13\/01\/2021","end_date":"20\/01\/2021","status":"En cours","author":"test","folder_dir":"test"}]  
[2021-02-02 09:47:00] local.INFO: [{"id":29,"task_name":"test","task_ticket":"test","start_date":"13\/01\/2021","end_date":"20\/01\/2021","status":"En cours","author":"test","folder_dir":"test"}]  
[2021-02-02 09:47:13] local.INFO: [{"id":29,"task_name":"test","task_ticket":"test","start_date":"13\/01\/2021","end_date":"20\/01\/2021","status":"En cours","author":"test","folder_dir":"test"}]  
[2021-02-02 09:47:25] local.INFO: [{"id":29,"task_name":"test","task_ticket":"test","start_date":"13\/01\/2021","end_date":"20\/01\/2021","status":"En cours","author":"test","folder_dir":"test"}]  
[2021-02-02 09:47:37] local.INFO: [{"id":31,"task_name":"test","task_ticket":"tes","start_date":"02\/02\/2021","end_date":"02\/02\/2021","status":"En cours","author":"test","folder_dir":"123"},{"id":29,"task_name":"test","task_ticket":"test","start_date":"13\/01\/2021","end_date":"20\/01\/2021","status":"En cours","author":"test","folder_dir":"test"}]  
[2021-02-02 09:47:46] local.INFO: [{"id":32,"task_name":"ww","task_ticket":"ww","start_date":"02\/02\/2021","end_date":"02\/02\/2021","status":"En cours","author":"test","folder_dir":"ww"},{"id":31,"task_name":"test","task_ticket":"tes","start_date":"02\/02\/2021","end_date":"02\/02\/2021","status":"En cours","author":"test","folder_dir":"123"},{"id":29,"task_name":"test","task_ticket":"test","start_date":"13\/01\/2021","end_date":"20\/01\/2021","status":"En cours","author":"test","folder_dir":"test"}]  
[2021-02-02 09:48:15] local.INFO: [{"id":33,"task_name":"admin_test","task_ticket":"1234","start_date":"02\/02\/2021","end_date":"02\/02\/2021","status":"En cours","author":"test","folder_dir":"ssr"},{"id":32,"task_name":"ww","task_ticket":"ww","start_date":"02\/02\/2021","end_date":"02\/02\/2021","status":"En cours","author":"test","folder_dir":"ww"},{"id":31,"task_name":"test","task_ticket":"tes","start_date":"02\/02\/2021","end_date":"02\/02\/2021","status":"En cours","author":"test","folder_dir":"123"},{"id":29,"task_name":"test","task_ticket":"test","start_date":"13\/01\/2021","end_date":"20\/01\/2021","status":"En cours","author":"test","folder_dir":"test"}]  
[2021-02-02 09:48:29] local.INFO: [{"id":34,"task_name":"wpmd","task_ticket":"www","start_date":"02\/02\/2021","end_date":"02\/02\/2021","status":"En cours","author":"test","folder_dir":"ww"},{"id":33,"task_name":"admin_test","task_ticket":"1234","start_date":"02\/02\/2021","end_date":"02\/02\/2021","status":"En cours","author":"test","folder_dir":"ssr"},{"id":32,"task_name":"ww","task_ticket":"ww","start_date":"02\/02\/2021","end_date":"02\/02\/2021","status":"En cours","author":"test","folder_dir":"ww"},{"id":31,"task_name":"test","task_ticket":"tes","start_date":"02\/02\/2021","end_date":"02\/02\/2021","status":"En cours","author":"test","folder_dir":"123"},{"id":29,"task_name":"test","task_ticket":"test","start_date":"13\/01\/2021","end_date":"20\/01\/2021","status":"En cours","author":"test","folder_dir":"test"}]  
[2021-02-02 09:48:38] local.INFO: [{"id":35,"task_name":"qrt","task_ticket":"qt","start_date":"02\/02\/2021","end_date":"02\/02\/2021","status":"En cours","author":"test","folder_dir":"qwt"},{"id":34,"task_name":"wpmd","task_ticket":"www","start_date":"02\/02\/2021","end_date":"02\/02\/2021","status":"En cours","author":"test","folder_dir":"ww"},{"id":33,"task_name":"admin_test","task_ticket":"1234","start_date":"02\/02\/2021","end_date":"02\/02\/2021","status":"En cours","author":"test","folder_dir":"ssr"},{"id":32,"task_name":"ww","task_ticket":"ww","start_date":"02\/02\/2021","end_date":"02\/02\/2021","status":"En cours","author":"test","folder_dir":"ww"},{"id":31,"task_name":"test","task_ticket":"tes","start_date":"02\/02\/2021","end_date":"02\/02\/2021","status":"En cours","author":"test","folder_dir":"123"},{"id":29,"task_name":"test","task_ticket":"test","start_date":"13\/01\/2021","end_date":"20\/01\/2021","status":"En cours","author":"test","folder_dir":"test"}]  
[2021-02-02 09:48:57] local.INFO: [{"id":36,"task_name":"111","task_ticket":"1212","start_date":"02\/02\/2021","end_date":"02\/02\/2021","status":"En cours","author":"test","folder_dir":"123"},{"id":35,"task_name":"qrt","task_ticket":"qt","start_date":"02\/02\/2021","end_date":"02\/02\/2021","status":"En cours","author":"test","folder_dir":"qwt"},{"id":34,"task_name":"wpmd","task_ticket":"www","start_date":"02\/02\/2021","end_date":"02\/02\/2021","status":"En cours","author":"test","folder_dir":"ww"},{"id":33,"task_name":"admin_test","task_ticket":"1234","start_date":"02\/02\/2021","end_date":"02\/02\/2021","status":"En cours","author":"test","folder_dir":"ssr"},{"id":32,"task_name":"ww","task_ticket":"ww","start_date":"02\/02\/2021","end_date":"02\/02\/2021","status":"En cours","author":"test","folder_dir":"ww"},{"id":31,"task_name":"test","task_ticket":"tes","start_date":"02\/02\/2021","end_date":"02\/02\/2021","status":"En cours","author":"test","folder_dir":"123"},{"id":29,"task_name":"test","task_ticket":"test","start_date":"13\/01\/2021","end_date":"20\/01\/2021","status":"En cours","author":"test","folder_dir":"test"}]  
[2021-02-02 09:49:07] local.INFO: [{"id":37,"task_name":"admin_test","task_ticket":"1234","start_date":"02\/02\/2021","end_date":"02\/02\/2021","status":"En cours","author":"test","folder_dir":"ssr"},{"id":36,"task_name":"111","task_ticket":"1212","start_date":"02\/02\/2021","end_date":"02\/02\/2021","status":"En cours","author":"test","folder_dir":"123"},{"id":35,"task_name":"qrt","task_ticket":"qt","start_date":"02\/02\/2021","end_date":"02\/02\/2021","status":"En cours","author":"test","folder_dir":"qwt"},{"id":34,"task_name":"wpmd","task_ticket":"www","start_date":"02\/02\/2021","end_date":"02\/02\/2021","status":"En cours","author":"test","folder_dir":"ww"},{"id":33,"task_name":"admin_test","task_ticket":"1234","start_date":"02\/02\/2021","end_date":"02\/02\/2021","status":"En cours","author":"test","folder_dir":"ssr"},{"id":32,"task_name":"ww","task_ticket":"ww","start_date":"02\/02\/2021","end_date":"02\/02\/2021","status":"En cours","author":"test","folder_dir":"ww"},{"id":31,"task_name":"test","task_ticket":"tes","start_date":"02\/02\/2021","end_date":"02\/02\/2021","status":"En cours","author":"test","folder_dir":"123"},{"id":29,"task_name":"test","task_ticket":"test","start_date":"13\/01\/2021","end_date":"20\/01\/2021","status":"En cours","author":"test","folder_dir":"test"}]  
[2021-02-02 09:49:17] local.INFO: [{"id":38,"task_name":"admin_test","task_ticket":"1234","start_date":"02\/02\/2021","end_date":"02\/02\/2021","status":"En cours","author":"test","folder_dir":"ssr"},{"id":37,"task_name":"admin_test","task_ticket":"1234","start_date":"02\/02\/2021","end_date":"02\/02\/2021","status":"En cours","author":"test","folder_dir":"ssr"},{"id":36,"task_name":"111","task_ticket":"1212","start_date":"02\/02\/2021","end_date":"02\/02\/2021","status":"En cours","author":"test","folder_dir":"123"},{"id":35,"task_name":"qrt","task_ticket":"qt","start_date":"02\/02\/2021","end_date":"02\/02\/2021","status":"En cours","author":"test","folder_dir":"qwt"},{"id":34,"task_name":"wpmd","task_ticket":"www","start_date":"02\/02\/2021","end_date":"02\/02\/2021","status":"En cours","author":"test","folder_dir":"ww"},{"id":33,"task_name":"admin_test","task_ticket":"1234","start_date":"02\/02\/2021","end_date":"02\/02\/2021","status":"En cours","author":"test","folder_dir":"ssr"},{"id":32,"task_name":"ww","task_ticket":"ww","start_date":"02\/02\/2021","end_date":"02\/02\/2021","status":"En cours","author":"test","folder_dir":"ww"},{"id":31,"task_name":"test","task_ticket":"tes","start_date":"02\/02\/2021","end_date":"02\/02\/2021","status":"En cours","author":"test","folder_dir":"123"},{"id":29,"task_name":"test","task_ticket":"test","start_date":"13\/01\/2021","end_date":"20\/01\/2021","status":"En cours","author":"test","folder_dir":"test"}]  
[2021-02-02 09:49:25] local.INFO: [{"id":39,"task_name":"111","task_ticket":"11","start_date":"02\/02\/2021","end_date":"02\/02\/2021","status":"En cours","author":"test","folder_dir":"123"},{"id":38,"task_name":"admin_test","task_ticket":"1234","start_date":"02\/02\/2021","end_date":"02\/02\/2021","status":"En cours","author":"test","folder_dir":"ssr"},{"id":37,"task_name":"admin_test","task_ticket":"1234","start_date":"02\/02\/2021","end_date":"02\/02\/2021","status":"En cours","author":"test","folder_dir":"ssr"},{"id":36,"task_name":"111","task_ticket":"1212","start_date":"02\/02\/2021","end_date":"02\/02\/2021","status":"En cours","author":"test","folder_dir":"123"},{"id":35,"task_name":"qrt","task_ticket":"qt","start_date":"02\/02\/2021","end_date":"02\/02\/2021","status":"En cours","author":"test","folder_dir":"qwt"},{"id":34,"task_name":"wpmd","task_ticket":"www","start_date":"02\/02\/2021","end_date":"02\/02\/2021","status":"En cours","author":"test","folder_dir":"ww"},{"id":33,"task_name":"admin_test","task_ticket":"1234","start_date":"02\/02\/2021","end_date":"02\/02\/2021","status":"En cours","author":"test","folder_dir":"ssr"},{"id":32,"task_name":"ww","task_ticket":"ww","start_date":"02\/02\/2021","end_date":"02\/02\/2021","status":"En cours","author":"test","folder_dir":"ww"},{"id":31,"task_name":"test","task_ticket":"tes","start_date":"02\/02\/2021","end_date":"02\/02\/2021","status":"En cours","author":"test","folder_dir":"123"},{"id":29,"task_name":"test","task_ticket":"test","start_date":"13\/01\/2021","end_date":"20\/01\/2021","status":"En cours","author":"test","folder_dir":"test"}]  
[2021-02-02 09:49:35] local.INFO: [{"id":40,"task_name":"232","task_ticket":"32","start_date":"02\/02\/2021","end_date":"02\/02\/2021","status":"En cours","author":"test","folder_dir":"123"},{"id":39,"task_name":"111","task_ticket":"11","start_date":"02\/02\/2021","end_date":"02\/02\/2021","status":"En cours","author":"test","folder_dir":"123"},{"id":38,"task_name":"admin_test","task_ticket":"1234","start_date":"02\/02\/2021","end_date":"02\/02\/2021","status":"En cours","author":"test","folder_dir":"ssr"},{"id":37,"task_name":"admin_test","task_ticket":"1234","start_date":"02\/02\/2021","end_date":"02\/02\/2021","status":"En cours","author":"test","folder_dir":"ssr"},{"id":36,"task_name":"111","task_ticket":"1212","start_date":"02\/02\/2021","end_date":"02\/02\/2021","status":"En cours","author":"test","folder_dir":"123"},{"id":35,"task_name":"qrt","task_ticket":"qt","start_date":"02\/02\/2021","end_date":"02\/02\/2021","status":"En cours","author":"test","folder_dir":"qwt"},{"id":34,"task_name":"wpmd","task_ticket":"www","start_date":"02\/02\/2021","end_date":"02\/02\/2021","status":"En cours","author":"test","folder_dir":"ww"},{"id":33,"task_name":"admin_test","task_ticket":"1234","start_date":"02\/02\/2021","end_date":"02\/02\/2021","status":"En cours","author":"test","folder_dir":"ssr"},{"id":32,"task_name":"ww","task_ticket":"ww","start_date":"02\/02\/2021","end_date":"02\/02\/2021","status":"En cours","author":"test","folder_dir":"ww"},{"id":31,"task_name":"test","task_ticket":"tes","start_date":"02\/02\/2021","end_date":"02\/02\/2021","status":"En cours","author":"test","folder_dir":"123"},{"id":29,"task_name":"test","task_ticket":"test","start_date":"13\/01\/2021","end_date":"20\/01\/2021","status":"En cours","author":"test","folder_dir":"test"}]  
[2021-02-02 09:49:43] local.INFO: {"id":39,"task_name":"111","task_ticket":"11","start_date":"02\/02\/2021","end_date":"02\/02\/2021","status":"En cours","author":"test","folder_dir":"123"}  
[2021-02-02 09:49:44] local.INFO: [{"id":40,"task_name":"232","task_ticket":"32","start_date":"02\/02\/2021","end_date":"02\/02\/2021","status":"En cours","author":"test","folder_dir":"123"},{"id":38,"task_name":"admin_test","task_ticket":"1234","start_date":"02\/02\/2021","end_date":"02\/02\/2021","status":"En cours","author":"test","folder_dir":"ssr"},{"id":37,"task_name":"admin_test","task_ticket":"1234","start_date":"02\/02\/2021","end_date":"02\/02\/2021","status":"En cours","author":"test","folder_dir":"ssr"},{"id":36,"task_name":"111","task_ticket":"1212","start_date":"02\/02\/2021","end_date":"02\/02\/2021","status":"En cours","author":"test","folder_dir":"123"},{"id":35,"task_name":"qrt","task_ticket":"qt","start_date":"02\/02\/2021","end_date":"02\/02\/2021","status":"En cours","author":"test","folder_dir":"qwt"},{"id":34,"task_name":"wpmd","task_ticket":"www","start_date":"02\/02\/2021","end_date":"02\/02\/2021","status":"En cours","author":"test","folder_dir":"ww"},{"id":33,"task_name":"admin_test","task_ticket":"1234","start_date":"02\/02\/2021","end_date":"02\/02\/2021","status":"En cours","author":"test","folder_dir":"ssr"},{"id":32,"task_name":"ww","task_ticket":"ww","start_date":"02\/02\/2021","end_date":"02\/02\/2021","status":"En cours","author":"test","folder_dir":"ww"},{"id":31,"task_name":"test","task_ticket":"tes","start_date":"02\/02\/2021","end_date":"02\/02\/2021","status":"En cours","author":"test","folder_dir":"123"},{"id":29,"task_name":"test","task_ticket":"test","start_date":"13\/01\/2021","end_date":"20\/01\/2021","status":"En cours","author":"test","folder_dir":"test"}]  
[2021-02-02 09:51:02] local.INFO: [{"id":40,"task_name":"232","task_ticket":"32","start_date":"02\/02\/2021","end_date":"02\/02\/2021","status":"En cours","author":"test","folder_dir":"123"},{"id":38,"task_name":"admin_test","task_ticket":"1234","start_date":"02\/02\/2021","end_date":"02\/02\/2021","status":"En cours","author":"test","folder_dir":"ssr"},{"id":37,"task_name":"admin_test","task_ticket":"1234","start_date":"02\/02\/2021","end_date":"02\/02\/2021","status":"En cours","author":"test","folder_dir":"ssr"},{"id":36,"task_name":"111","task_ticket":"1212","start_date":"02\/02\/2021","end_date":"02\/02\/2021","status":"En cours","author":"test","folder_dir":"123"},{"id":35,"task_name":"qrt","task_ticket":"qt","start_date":"02\/02\/2021","end_date":"02\/02\/2021","status":"En cours","author":"test","folder_dir":"qwt"},{"id":34,"task_name":"wpmd","task_ticket":"www","start_date":"02\/02\/2021","end_date":"02\/02\/2021","status":"En cours","author":"test","folder_dir":"ww"},{"id":33,"task_name":"admin_test","task_ticket":"1234","start_date":"02\/02\/2021","end_date":"02\/02\/2021","status":"En cours","author":"test","folder_dir":"ssr"},{"id":32,"task_name":"ww","task_ticket":"ww","start_date":"02\/02\/2021","end_date":"02\/02\/2021","status":"En cours","author":"test","folder_dir":"ww"},{"id":31,"task_name":"test","task_ticket":"tes","start_date":"02\/02\/2021","end_date":"02\/02\/2021","status":"En cours","author":"test","folder_dir":"123"},{"id":29,"task_name":"test","task_ticket":"test","start_date":"13\/01\/2021","end_date":"20\/01\/2021","status":"En cours","author":"test","folder_dir":"test"}]  
[2021-02-02 09:51:39] local.INFO: [{"id":40,"task_name":"232","task_ticket":"32","start_date":"02\/02\/2021","end_date":"02\/02\/2021","status":"En cours","author":"test","folder_dir":"123"},{"id":38,"task_name":"admin_test","task_ticket":"1234","start_date":"02\/02\/2021","end_date":"02\/02\/2021","status":"En cours","author":"test","folder_dir":"ssr"},{"id":37,"task_name":"admin_test","task_ticket":"1234","start_date":"02\/02\/2021","end_date":"02\/02\/2021","status":"En cours","author":"test","folder_dir":"ssr"},{"id":36,"task_name":"111","task_ticket":"1212","start_date":"02\/02\/2021","end_date":"02\/02\/2021","status":"En cours","author":"test","folder_dir":"123"},{"id":35,"task_name":"qrt","task_ticket":"qt","start_date":"02\/02\/2021","end_date":"02\/02\/2021","status":"En cours","author":"test","folder_dir":"qwt"},{"id":34,"task_name":"wpmd","task_ticket":"www","start_date":"02\/02\/2021","end_date":"02\/02\/2021","status":"En cours","author":"test","folder_dir":"ww"},{"id":33,"task_name":"admin_test","task_ticket":"1234","start_date":"02\/02\/2021","end_date":"02\/02\/2021","status":"En cours","author":"test","folder_dir":"ssr"},{"id":32,"task_name":"ww","task_ticket":"ww","start_date":"02\/02\/2021","end_date":"02\/02\/2021","status":"En cours","author":"test","folder_dir":"ww"},{"id":31,"task_name":"test","task_ticket":"tes","start_date":"02\/02\/2021","end_date":"02\/02\/2021","status":"En cours","author":"test","folder_dir":"123"},{"id":29,"task_name":"test","task_ticket":"test","start_date":"13\/01\/2021","end_date":"20\/01\/2021","status":"En cours","author":"test","folder_dir":"test"}]  
[2021-02-02 09:51:52] local.INFO: [{"id":41,"task_name":"admin_test","task_ticket":"1234","start_date":"02\/02\/2021","end_date":"02\/02\/2021","status":"En cours","author":"test","folder_dir":"ssr"},{"id":40,"task_name":"232","task_ticket":"32","start_date":"02\/02\/2021","end_date":"02\/02\/2021","status":"En cours","author":"test","folder_dir":"123"},{"id":38,"task_name":"admin_test","task_ticket":"1234","start_date":"02\/02\/2021","end_date":"02\/02\/2021","status":"En cours","author":"test","folder_dir":"ssr"},{"id":37,"task_name":"admin_test","task_ticket":"1234","start_date":"02\/02\/2021","end_date":"02\/02\/2021","status":"En cours","author":"test","folder_dir":"ssr"},{"id":36,"task_name":"111","task_ticket":"1212","start_date":"02\/02\/2021","end_date":"02\/02\/2021","status":"En cours","author":"test","folder_dir":"123"},{"id":35,"task_name":"qrt","task_ticket":"qt","start_date":"02\/02\/2021","end_date":"02\/02\/2021","status":"En cours","author":"test","folder_dir":"qwt"},{"id":34,"task_name":"wpmd","task_ticket":"www","start_date":"02\/02\/2021","end_date":"02\/02\/2021","status":"En cours","author":"test","folder_dir":"ww"},{"id":33,"task_name":"admin_test","task_ticket":"1234","start_date":"02\/02\/2021","end_date":"02\/02\/2021","status":"En cours","author":"test","folder_dir":"ssr"},{"id":32,"task_name":"ww","task_ticket":"ww","start_date":"02\/02\/2021","end_date":"02\/02\/2021","status":"En cours","author":"test","folder_dir":"ww"},{"id":31,"task_name":"test","task_ticket":"tes","start_date":"02\/02\/2021","end_date":"02\/02\/2021","status":"En cours","author":"test","folder_dir":"123"},{"id":29,"task_name":"test","task_ticket":"test","start_date":"13\/01\/2021","end_date":"20\/01\/2021","status":"En cours","author":"test","folder_dir":"test"}]  
[2021-02-02 09:52:11] local.INFO: [{"id":41,"task_name":"admin_test","task_ticket":"1234","start_date":"02\/02\/2021","end_date":"02\/02\/2021","status":"En cours","author":"test","folder_dir":"ssr"},{"id":40,"task_name":"232","task_ticket":"32","start_date":"02\/02\/2021","end_date":"02\/02\/2021","status":"En cours","author":"test","folder_dir":"123"},{"id":38,"task_name":"admin_test","task_ticket":"1234","start_date":"02\/02\/2021","end_date":"02\/02\/2021","status":"En cours","author":"test","folder_dir":"ssr"},{"id":37,"task_name":"admin_test","task_ticket":"1234","start_date":"02\/02\/2021","end_date":"02\/02\/2021","status":"En cours","author":"test","folder_dir":"ssr"},{"id":36,"task_name":"111","task_ticket":"1212","start_date":"02\/02\/2021","end_date":"02\/02\/2021","status":"En cours","author":"test","folder_dir":"123"},{"id":35,"task_name":"qrt","task_ticket":"qt","start_date":"02\/02\/2021","end_date":"02\/02\/2021","status":"En cours","author":"test","folder_dir":"qwt"},{"id":34,"task_name":"wpmd","task_ticket":"www","start_date":"02\/02\/2021","end_date":"02\/02\/2021","status":"En cours","author":"test","folder_dir":"ww"},{"id":33,"task_name":"admin_test","task_ticket":"1234","start_date":"02\/02\/2021","end_date":"02\/02\/2021","status":"En cours","author":"test","folder_dir":"ssr"},{"id":32,"task_name":"ww","task_ticket":"ww","start_date":"02\/02\/2021","end_date":"02\/02\/2021","status":"En cours","author":"test","folder_dir":"ww"},{"id":31,"task_name":"test","task_ticket":"tes","start_date":"02\/02\/2021","end_date":"02\/02\/2021","status":"En cours","author":"test","folder_dir":"123"},{"id":29,"task_name":"test","task_ticket":"test","start_date":"13\/01\/2021","end_date":"20\/01\/2021","status":"En cours","author":"test","folder_dir":"test"}]  
[2021-02-02 09:52:23] local.INFO: [{"id":41,"task_name":"admin_test","task_ticket":"1234","start_date":"02\/02\/2021","end_date":"02\/02\/2021","status":"En cours","author":"test","folder_dir":"ssr"},{"id":40,"task_name":"232","task_ticket":"32","start_date":"02\/02\/2021","end_date":"02\/02\/2021","status":"En cours","author":"test","folder_dir":"123"},{"id":38,"task_name":"admin_test","task_ticket":"1234","start_date":"02\/02\/2021","end_date":"02\/02\/2021","status":"En cours","author":"test","folder_dir":"ssr"},{"id":37,"task_name":"admin_test","task_ticket":"1234","start_date":"02\/02\/2021","end_date":"02\/02\/2021","status":"En cours","author":"test","folder_dir":"ssr"},{"id":36,"task_name":"111","task_ticket":"1212","start_date":"02\/02\/2021","end_date":"02\/02\/2021","status":"En cours","author":"test","folder_dir":"123"},{"id":35,"task_name":"qrt","task_ticket":"qt","start_date":"02\/02\/2021","end_date":"02\/02\/2021","status":"En cours","author":"test","folder_dir":"qwt"},{"id":34,"task_name":"wpmd","task_ticket":"www","start_date":"02\/02\/2021","end_date":"02\/02\/2021","status":"En cours","author":"test","folder_dir":"ww"},{"id":33,"task_name":"admin_test","task_ticket":"1234","start_date":"02\/02\/2021","end_date":"02\/02\/2021","status":"En cours","author":"test","folder_dir":"ssr"},{"id":32,"task_name":"ww","task_ticket":"ww","start_date":"02\/02\/2021","end_date":"02\/02\/2021","status":"En cours","author":"test","folder_dir":"ww"},{"id":31,"task_name":"test","task_ticket":"tes","start_date":"02\/02\/2021","end_date":"02\/02\/2021","status":"En cours","author":"test","folder_dir":"123"},{"id":29,"task_name":"test","task_ticket":"test","start_date":"13\/01\/2021","end_date":"20\/01\/2021","status":"En cours","author":"test","folder_dir":"test"}]  
[2021-02-02 09:52:30] local.INFO: {"id":36,"task_name":"111","task_ticket":"1212","start_date":"02\/02\/2021","end_date":"02\/02\/2021","status":"En cours","author":"test","folder_dir":"123"}  
[2021-02-02 09:52:31] local.INFO: [{"id":41,"task_name":"admin_test","task_ticket":"1234","start_date":"02\/02\/2021","end_date":"02\/02\/2021","status":"En cours","author":"test","folder_dir":"ssr"},{"id":40,"task_name":"232","task_ticket":"32","start_date":"02\/02\/2021","end_date":"02\/02\/2021","status":"En cours","author":"test","folder_dir":"123"},{"id":38,"task_name":"admin_test","task_ticket":"1234","start_date":"02\/02\/2021","end_date":"02\/02\/2021","status":"En cours","author":"test","folder_dir":"ssr"},{"id":37,"task_name":"admin_test","task_ticket":"1234","start_date":"02\/02\/2021","end_date":"02\/02\/2021","status":"En cours","author":"test","folder_dir":"ssr"},{"id":35,"task_name":"qrt","task_ticket":"qt","start_date":"02\/02\/2021","end_date":"02\/02\/2021","status":"En cours","author":"test","folder_dir":"qwt"},{"id":34,"task_name":"wpmd","task_ticket":"www","start_date":"02\/02\/2021","end_date":"02\/02\/2021","status":"En cours","author":"test","folder_dir":"ww"},{"id":33,"task_name":"admin_test","task_ticket":"1234","start_date":"02\/02\/2021","end_date":"02\/02\/2021","status":"En cours","author":"test","folder_dir":"ssr"},{"id":32,"task_name":"ww","task_ticket":"ww","start_date":"02\/02\/2021","end_date":"02\/02\/2021","status":"En cours","author":"test","folder_dir":"ww"},{"id":31,"task_name":"test","task_ticket":"tes","start_date":"02\/02\/2021","end_date":"02\/02\/2021","status":"En cours","author":"test","folder_dir":"123"},{"id":29,"task_name":"test","task_ticket":"test","start_date":"13\/01\/2021","end_date":"20\/01\/2021","status":"En cours","author":"test","folder_dir":"test"}]  
